INFO-FLOW: Workspace /home/ks977/ECE-6775-Final/block_systolic/mm.prj/solution1 opened at Sun Nov 26 21:11:07 EST 2023
Execute     set_part xc7z020clg484-1 
Execute       ap_part_info -name xc7z020clg484-1 -data single -quiet 
Command       ap_part_info done; 4 sec.
Execute       ap_part_info -name xc7z020clg484-1 -data info 
Execute       add_library xilinx/zynq/zynq:xc7z020:-clg484:-1 
Execute         get_default_platform 
Execute         open_platform DefaultPlatform 
Execute         import_lib /opt/xilinx/Xilinx_Vivado_vitis_2019.2/Vivado/2019.2/common/technology/xilinx/zynq/zynq 
Execute           source /opt/xilinx/Xilinx_Vivado_vitis_2019.2/Vivado/2019.2/common/technology/xilinx/common/xilinx.lib 
Execute             source /opt/xilinx/Xilinx_Vivado_vitis_2019.2/Vivado/2019.2/common/technology/xilinx/interface/xilinx_interface.lib 
Execute               source /opt/xilinx/Xilinx_Vivado_vitis_2019.2/Vivado/2019.2/common/technology/xilinx/interface/plb46.lib 
Execute               source /opt/xilinx/Xilinx_Vivado_vitis_2019.2/Vivado/2019.2/common/technology/xilinx/interface/fsl.lib 
Execute               source /opt/xilinx/Xilinx_Vivado_vitis_2019.2/Vivado/2019.2/common/technology/xilinx/interface/axi4.lib 
Execute               source /opt/xilinx/Xilinx_Vivado_vitis_2019.2/Vivado/2019.2/common/technology/xilinx/interface/maxi.lib 
Execute               source /opt/xilinx/Xilinx_Vivado_vitis_2019.2/Vivado/2019.2/common/technology/xilinx/interface/saxilite.lib 
Execute             source /opt/xilinx/Xilinx_Vivado_vitis_2019.2/Vivado/2019.2/common/technology/xilinx/common/dsp48.lib 
Execute             source /opt/xilinx/Xilinx_Vivado_vitis_2019.2/Vivado/2019.2/common/technology/xilinx/ip/dds_compiler.lib 
Execute             source /opt/xilinx/Xilinx_Vivado_vitis_2019.2/Vivado/2019.2/common/technology/xilinx/ip/xfft.lib 
Execute             source /opt/xilinx/Xilinx_Vivado_vitis_2019.2/Vivado/2019.2/common/technology/xilinx/ip/xfir.lib 
Execute           source /opt/xilinx/Xilinx_Vivado_vitis_2019.2/Vivado/2019.2/common/technology/xilinx/common/xilinx.hlp 
Execute             source /opt/xilinx/Xilinx_Vivado_vitis_2019.2/Vivado/2019.2/common/technology/xilinx/common/target_info.tcl 
Execute             source /opt/xilinx/Xilinx_Vivado_vitis_2019.2/Vivado/2019.2/common/technology/xilinx/interface/xilinx_interface.hlp 
Execute               source /opt/xilinx/Xilinx_Vivado_vitis_2019.2/Vivado/2019.2/common/technology/xilinx/interface/maxi.hlp 
Execute               source /opt/xilinx/Xilinx_Vivado_vitis_2019.2/Vivado/2019.2/common/technology/xilinx/interface/saxilite.hlp 
Execute             source /opt/xilinx/Xilinx_Vivado_vitis_2019.2/Vivado/2019.2/common/technology/xilinx/common/dsp48.hlp 
Execute           source /opt/xilinx/Xilinx_Vivado_vitis_2019.2/Vivado/2019.2/common/technology/xilinx/zynq/dsp48e1.hlp 
Execute           source /opt/xilinx/Xilinx_Vivado_vitis_2019.2/Vivado/2019.2/common/technology/xilinx/common/xilinx.hlp 
Execute             source /opt/xilinx/Xilinx_Vivado_vitis_2019.2/Vivado/2019.2/common/technology/xilinx/common/target_info.tcl 
Execute             source /opt/xilinx/Xilinx_Vivado_vitis_2019.2/Vivado/2019.2/common/technology/xilinx/interface/xilinx_interface.hlp 
Execute               source /opt/xilinx/Xilinx_Vivado_vitis_2019.2/Vivado/2019.2/common/technology/xilinx/interface/maxi.hlp 
Execute               source /opt/xilinx/Xilinx_Vivado_vitis_2019.2/Vivado/2019.2/common/technology/xilinx/interface/saxilite.hlp 
Execute             source /opt/xilinx/Xilinx_Vivado_vitis_2019.2/Vivado/2019.2/common/technology/xilinx/common/dsp48.hlp 
Execute         source /opt/xilinx/Xilinx_Vivado_vitis_2019.2/Vivado/2019.2/common/technology/xilinx/zynq/zynq.gen 
Execute           source /opt/xilinx/Xilinx_Vivado_vitis_2019.2/Vivado/2019.2/common/technology/xilinx/common/xilinx.gen 
Execute             source /opt/xilinx/Xilinx_Vivado_vitis_2019.2/Vivado/2019.2/common/technology/xilinx/interface/plb46.gen 
Execute             source /opt/xilinx/Xilinx_Vivado_vitis_2019.2/Vivado/2019.2/common/technology/xilinx/interface/fsl.gen 
Execute             source /opt/xilinx/Xilinx_Vivado_vitis_2019.2/Vivado/2019.2/common/technology/xilinx/interface/axi4.gen 
Execute             source /opt/xilinx/Xilinx_Vivado_vitis_2019.2/Vivado/2019.2/common/technology/xilinx/interface/nativeAXI4.gen 
Execute               source /opt/xilinx/Xilinx_Vivado_vitis_2019.2/Vivado/2019.2/common/technology/xilinx/interface/saxilite.gen 
Execute               source /opt/xilinx/Xilinx_Vivado_vitis_2019.2/Vivado/2019.2/common/technology/xilinx/interface/maxi.gen 
Execute             source /opt/xilinx/Xilinx_Vivado_vitis_2019.2/Vivado/2019.2/common/technology/xilinx/scripts/xilinxcoregen.gen 
Execute             source /opt/xilinx/Xilinx_Vivado_vitis_2019.2/Vivado/2019.2/common/technology/xilinx/interface/XilEDKCoreGen.gen 
Execute             source /opt/xilinx/Xilinx_Vivado_vitis_2019.2/Vivado/2019.2/common/technology/xilinx/ip/dds_compiler.gen 
Execute             source /opt/xilinx/Xilinx_Vivado_vitis_2019.2/Vivado/2019.2/common/technology/xilinx/ip/util.gen 
Execute             source /opt/xilinx/Xilinx_Vivado_vitis_2019.2/Vivado/2019.2/common/technology/xilinx/ip/xfft.gen 
Execute             source /opt/xilinx/Xilinx_Vivado_vitis_2019.2/Vivado/2019.2/common/technology/xilinx/ip/xfir.gen 
Execute             source /opt/xilinx/Xilinx_Vivado_vitis_2019.2/Vivado/2019.2/common/technology/xilinx/common/dsp48.gen 
Command           ap_source done; 0.16 sec.
Command         ap_source done; 0.16 sec.
Execute         ap_part_info -data single -name xc7z020-clg484-1 
Execute         ap_part_info -name xc7z020-clg484-1 -data resources 
Execute         ap_part_info -name xc7z020-clg484-1 -data info 
Execute         ap_part_info -name xc7z020-clg484-1 -data info 
Execute         config_chip_info -quiet -resource {SLICE 13300} {LUT 53200} {FF 106400} {DSP48E 220} {BRAM 280} {URAM 0} 
Execute         ap_part_info -name xc7z020-clg484-1 -data info 
Execute         config_chip_info -quiet -speed slow 
Command       add_library done; 0.28 sec.
Execute       add_library xilinx/zynq/zynq_fpv6 
Execute         get_default_platform 
Execute         open_platform DefaultPlatform 
Execute         import_lib /opt/xilinx/Xilinx_Vivado_vitis_2019.2/Vivado/2019.2/common/technology/xilinx/zynq/zynq_fpv6 
Execute           source /opt/xilinx/Xilinx_Vivado_vitis_2019.2/Vivado/2019.2/common/technology/xilinx/common/xilinx_fp.lib 
Execute           source /opt/xilinx/Xilinx_Vivado_vitis_2019.2/Vivado/2019.2/common/technology/xilinx/common/xilinx_fp.hlp 
Execute             source /opt/xilinx/Xilinx_Vivado_vitis_2019.2/Vivado/2019.2/common/technology/xilinx/common/xilinx.hlp 
Execute               source /opt/xilinx/Xilinx_Vivado_vitis_2019.2/Vivado/2019.2/common/technology/xilinx/common/target_info.tcl 
Execute               source /opt/xilinx/Xilinx_Vivado_vitis_2019.2/Vivado/2019.2/common/technology/xilinx/interface/xilinx_interface.hlp 
Execute                 source /opt/xilinx/Xilinx_Vivado_vitis_2019.2/Vivado/2019.2/common/technology/xilinx/interface/maxi.hlp 
Execute                 source /opt/xilinx/Xilinx_Vivado_vitis_2019.2/Vivado/2019.2/common/technology/xilinx/interface/saxilite.hlp 
Execute               source /opt/xilinx/Xilinx_Vivado_vitis_2019.2/Vivado/2019.2/common/technology/xilinx/common/dsp48.hlp 
Execute         source /opt/xilinx/Xilinx_Vivado_vitis_2019.2/Vivado/2019.2/common/technology/xilinx/zynq/zynq_fpv6.gen 
Execute           source /opt/xilinx/Xilinx_Vivado_vitis_2019.2/Vivado/2019.2/common/technology/xilinx/common/xilinx_fp.gen 
INFO: [HLS 200-10] Setting target device to 'xc7z020-clg484-1'
Execute       ap_part_info -name xc7z020-clg484-1 -data info 
Execute       get_default_platform 
Command     set_part done; 4.43 sec.
Execute     create_clock -period 10 
Execute       config_clock -quiet -name default -period 10 -default=false 
INFO: [SYN 201-201] Setting up clock 'default' with a period of 10ns.
Execute     csim_design -O 
INFO: [SIM 211-2] *************** CSIM start ***************
INFO: [SIM 211-4] CSIM will launch GCC as the compiler.
Execute       is_encrypted /home/ks977/ECE-6775-Final/block_systolic/block_mmult_testbench.cc 
Execute       is_xip /home/ks977/ECE-6775-Final/block_systolic/block_mmult_testbench.cc 
Execute       is_encrypted /home/ks977/ECE-6775-Final/block_systolic/block_mmult.cc 
Execute       is_xip /home/ks977/ECE-6775-Final/block_systolic/block_mmult.cc 
Execute       ap_part_info -name xc7z020-clg484-1 -data info 
Execute       source run_sim.tcl 
Command       ap_source done; 0.3 sec.
INFO: [SIM 211-1] CSim done with 0 errors.
INFO: [SIM 211-3] *************** CSIM finish ***************
Command     csim_design done; 2.33 sec.
Execute     csynth_design 
Execute       get_config_compile -dump_cfg 
Execute       get_config_compile -effort 
Execute       get_config_compile -enable_clang39 
Execute       get_config_compile -g 
Execute       get_config_compile -ng 
Execute       get_config_compile -opt_fp 
Execute       get_config_compile -skip_cdt 
Execute       get_config_compile -skip_syncheck 
Execute       get_config_compile -skip_transform 
Execute       get_config_compile -keep_printf 
Execute       elaborate -effort=medium -skip_syncheck=0 -keep_printf=0 -skip_cdt=0 -skip_transform=0 -ng=0 -g=0 -opt_fp=0 -from_csynth_design=1 
Execute         get_config_schedule -relax_ii_for_timing 
INFO: [SCHED 204-61] Option 'relax_ii_for_timing' is enabled, will increase II to preserve clock frequency constraints.
Execute         get_config_schedule -suppress_dependence_error_break 
INFO: [HLS 200-10] Analyzing design file 'block_mmult.cc' ... 
INFO-FLOW: Compiling one TU...
Execute         is_m_axi_addr64 
INFO-FLOW: Handling block_mmult.cc as C++
Execute         ap_part_info -name xc7z020-clg484-1 -data info 
Execute         is_encrypted block_mmult.cc 
Execute         ap_part_info -name xc7z020-clg484-1 -data info 
INFO-FLOW: Running: GCC PP
INFO-FLOW: Source preprocessing
Execute         clang  -fno-limit-debug-info -gcc-toolchain "/opt/xilinx/Xilinx_Vivado_vitis_2019.2/Vivado/2019.2/lnx64/tools/gcc" -hls  -fno-exceptions  -D__llvm__  -E "block_mmult.cc"   -std=c++11  -fno-math-errno -c -emit-llvm -O0  -mllvm -disable-llvm-optzns -fno-threadsafe-statics  -fno-use-cxa-atexit  -fno-threadsafe-statics -fno-use-cxa-atexit -D__CLANG_3_1__ -DAESL_SYN -D__SYNTHESIS__ -D__HLS_SYN__ -I "/opt/xilinx/Xilinx_Vivado_vitis_2019.2/Vivado/2019.2/common/technology/autopilot" -I "/opt/xilinx/Xilinx_Vivado_vitis_2019.2/Vivado/2019.2/common/technology/autopilot/ap_sysc" -include etc/autopilot_ssdm_op.h -D__DSP48E1__  -o "/home/ks977/ECE-6775-Final/block_systolic/mm.prj/solution1/.autopilot/db/block_mmult.pp.0.cc" 
INFO-FLOW: exec /opt/xilinx/Xilinx_Vivado_vitis_2019.2/Vivado/2019.2/lnx64/tools/clang/bin/clang -fno-limit-debug-info -gcc-toolchain /opt/xilinx/Xilinx_Vivado_vitis_2019.2/Vivado/2019.2/lnx64/tools/gcc -hls -fno-exceptions -D__llvm__ -E block_mmult.cc -std=c++11 -fno-math-errno -c -emit-llvm -O0 -mllvm -disable-llvm-optzns -fno-threadsafe-statics -fno-use-cxa-atexit -fno-threadsafe-statics -fno-use-cxa-atexit -D__CLANG_3_1__ -DAESL_SYN -D__SYNTHESIS__ -D__HLS_SYN__ -I /opt/xilinx/Xilinx_Vivado_vitis_2019.2/Vivado/2019.2/common/technology/autopilot -I /opt/xilinx/Xilinx_Vivado_vitis_2019.2/Vivado/2019.2/common/technology/autopilot/ap_sysc -include etc/autopilot_ssdm_op.h -D__DSP48E1__ -o /home/ks977/ECE-6775-Final/block_systolic/mm.prj/solution1/.autopilot/db/block_mmult.pp.0.cc
Command         clang done; 2.09 sec.
Execute         tidy_31 xilinx-xfmat-array-geometry /home/ks977/ECE-6775-Final/block_systolic/mm.prj/solution1/.autopilot/db/block_mmult.pp.0.cc std=c++11 
INFO-FLOW: exec /opt/xilinx/Xilinx_Vivado_vitis_2019.2/Vivado/2019.2/lnx64/tools/clang-3.9-csynth/bin/tidy-3.1 -header-filter=.* -checks=-*,xilinx-xfmat-array-geometry -quiet -fix /home/ks977/ECE-6775-Final/block_systolic/mm.prj/solution1/.autopilot/db/block_mmult.pp.0.cc -- -std=c++11 -fhls -ferror-limit=0
Command         tidy_31 done; 0.33 sec.
INFO-FLOW: Syntax Checking before pre-processing...
Execute         clang -syntaxcheck -src /home/ks977/ECE-6775-Final/block_systolic/mm.prj/solution1/.autopilot/db/block_mmult.pp.0.cc  -fno-limit-debug-info -gcc-toolchain "/opt/xilinx/Xilinx_Vivado_vitis_2019.2/Vivado/2019.2/lnx64/tools/gcc" -hls  -std=c++11  -fno-math-errno -c -emit-llvm -O0  -mllvm -disable-llvm-optzns -fno-threadsafe-statics  -fno-use-cxa-atexit  -fno-threadsafe-statics -fno-use-cxa-atexit -D__CLANG_3_1__ -DAESL_SYN -D__SYNTHESIS__ -D__HLS_SYN__ -I "/opt/xilinx/Xilinx_Vivado_vitis_2019.2/Vivado/2019.2/common/technology/autopilot" -I "/opt/xilinx/Xilinx_Vivado_vitis_2019.2/Vivado/2019.2/common/technology/autopilot/ap_sysc" -include etc/autopilot_ssdm_op.h -D__DSP48E1__  "/home/ks977/ECE-6775-Final/block_systolic/mm.prj/solution1/.autopilot/db/block_mmult.pp.0.cc"  -o "/home/ks977/ECE-6775-Final/block_systolic/mm.prj/solution1/.autopilot/db/useless.bc"  
INFO-FLOW: exec /opt/xilinx/Xilinx_Vivado_vitis_2019.2/Vivado/2019.2/lnx64/tools/clang/bin/clang -fno-limit-debug-info -gcc-toolchain /opt/xilinx/Xilinx_Vivado_vitis_2019.2/Vivado/2019.2/lnx64/tools/gcc -hls -std=c++11 -fno-math-errno -c -emit-llvm -O0 -mllvm -disable-llvm-optzns -fno-threadsafe-statics -fno-use-cxa-atexit -fno-threadsafe-statics -fno-use-cxa-atexit -D__CLANG_3_1__ -DAESL_SYN -D__SYNTHESIS__ -D__HLS_SYN__ -I /opt/xilinx/Xilinx_Vivado_vitis_2019.2/Vivado/2019.2/common/technology/autopilot -I /opt/xilinx/Xilinx_Vivado_vitis_2019.2/Vivado/2019.2/common/technology/autopilot/ap_sysc -include etc/autopilot_ssdm_op.h -D__DSP48E1__ /home/ks977/ECE-6775-Final/block_systolic/mm.prj/solution1/.autopilot/db/block_mmult.pp.0.cc -o /home/ks977/ECE-6775-Final/block_systolic/mm.prj/solution1/.autopilot/db/useless.bc
Command         clang done; 2.25 sec.
INFO-FLOW: Done: GCC PP time: 4.7 seconds per iteration
Execute         source /opt/xilinx/Xilinx_Vivado_vitis_2019.2/Vivado/2019.2/tps/tcl/tcllib1.11.1/yaml/huddle.tcl 
Execute         source /opt/xilinx/Xilinx_Vivado_vitis_2019.2/Vivado/2019.2/tps/tcl/tcllib1.11.1/yaml/json2huddle.tcl 
Execute           source /opt/xilinx/Xilinx_Vivado_vitis_2019.2/Vivado/2019.2/tps/tcl/tcllib1.11.1/try/try.tcl 
Execute         list_core -type functional_unit 
Execute         tidy_31 xilinx-systemc-detector /home/ks977/ECE-6775-Final/block_systolic/mm.prj/solution1/.autopilot/db/block_mmult.pp.0.cc std=c++11 -directive=/home/ks977/ECE-6775-Final/block_systolic/mm.prj/solution1/.autopilot/db/.systemc_flag 
INFO-FLOW: exec /opt/xilinx/Xilinx_Vivado_vitis_2019.2/Vivado/2019.2/lnx64/tools/clang-3.9-csynth/bin/tidy-3.1 -header-filter=.* -checks=-*,xilinx-systemc-detector -import-directive=/home/ks977/ECE-6775-Final/block_systolic/mm.prj/solution1/.autopilot/db/.systemc_flag -quiet -fix-errors /home/ks977/ECE-6775-Final/block_systolic/mm.prj/solution1/.autopilot/db/block_mmult.pp.0.cc -- -std=c++11 -fhls -ferror-limit=0
Command         tidy_31 done; 0.27 sec.
INFO-FLOW: Running: tidy-3.1 CDT preprocess
Execute         tidy_31 xilinx-directive2pragma /home/ks977/ECE-6775-Final/block_systolic/mm.prj/solution1/.autopilot/db/block_mmult.pp.0.cc std=c++11 -directive=/home/ks977/ECE-6775-Final/block_systolic/mm.prj/solution1/.autopilot/db/all.directive.json 
INFO-FLOW: exec /opt/xilinx/Xilinx_Vivado_vitis_2019.2/Vivado/2019.2/lnx64/tools/clang-3.9-csynth/bin/tidy-3.1 -header-filter=.* -checks=-*,xilinx-directive2pragma -import-directive=/home/ks977/ECE-6775-Final/block_systolic/mm.prj/solution1/.autopilot/db/all.directive.json -quiet -fix-errors /home/ks977/ECE-6775-Final/block_systolic/mm.prj/solution1/.autopilot/db/block_mmult.pp.0.cc -- -std=c++11 -fhls -ferror-limit=0
Command         tidy_31 done; 0.28 sec.
Execute         get_config_dataflow -strict_mode 
Execute         ap_eval exec -ignorestderr /opt/xilinx/Xilinx_Vivado_vitis_2019.2/Vivado/2019.2/lnx64/tools/clang-3.9-csynth/bin/xilinx-dataflow-lawyer -export-fixes=/home/ks977/ECE-6775-Final/block_systolic/mm.prj/solution1/.autopilot/db/xilinx-dataflow-lawyer.block_mmult.pp.0.cc.diag.yml /home/ks977/ECE-6775-Final/block_systolic/mm.prj/solution1/.autopilot/db/block_mmult.pp.0.cc -- -std=c++11 -fhls -ferror-limit=0 -fstrict-dataflow > /home/ks977/ECE-6775-Final/block_systolic/mm.prj/solution1/.autopilot/db/xilinx-dataflow-lawyer.block_mmult.pp.0.cc.out.log 2> /home/ks977/ECE-6775-Final/block_systolic/mm.prj/solution1/.autopilot/db/xilinx-dataflow-lawyer.block_mmult.pp.0.cc.err.log 
Command         ap_eval done; 0.29 sec.
Execute         tidy_31 -errorcheck xilinx-constantarray-param,xilinx-resource-pragma-transformer,xilinx-xfmat-array-geometry /home/ks977/ECE-6775-Final/block_systolic/mm.prj/solution1/.autopilot/db/block_mmult.pp.0.cc std=c++11 
Execute           ap_eval exec -ignorestderr /opt/xilinx/Xilinx_Vivado_vitis_2019.2/Vivado/2019.2/lnx64/tools/clang-3.9-csynth/bin/tidy-3.1 -export-fixes=/home/ks977/ECE-6775-Final/block_systolic/mm.prj/solution1/.autopilot/db/tidy-3.1.block_mmult.pp.0.cc.diag.yml -header-filter=.* -checks=-*,xilinx-constantarray-param,xilinx-resource-pragma-transformer,xilinx-xfmat-array-geometry -quiet -fix-errors /home/ks977/ECE-6775-Final/block_systolic/mm.prj/solution1/.autopilot/db/block_mmult.pp.0.cc -- -std=c++11 -fhls -ferror-limit=0 > /home/ks977/ECE-6775-Final/block_systolic/mm.prj/solution1/.autopilot/db/tidy-3.1.block_mmult.pp.0.cc.out.log 2> /home/ks977/ECE-6775-Final/block_systolic/mm.prj/solution1/.autopilot/db/tidy-3.1.block_mmult.pp.0.cc.err.log 
Command           ap_eval done; 0.61 sec.
Execute           source /opt/xilinx/Xilinx_Vivado_vitis_2019.2/Vivado/2019.2/tps/tcl/tcllib1.11.1/yaml/yaml.tcl 
Execute             source /opt/xilinx/Xilinx_Vivado_vitis_2019.2/Vivado/2019.2/tps/tcl/tcllib1.11.1/cmdline/cmdline.tcl 
Execute           ap_eval exec -ignorestderr /opt/xilinx/Xilinx_Vivado_vitis_2019.2/Vivado/2019.2/lnx64/tools/clang-3.9-csynth/bin/xilinx-legacy-rewriter /home/ks977/ECE-6775-Final/block_systolic/mm.prj/solution1/.autopilot/db/block_mmult.pp.0.cc -- -std=c++11 -fhls -ferror-limit=0 > /home/ks977/ECE-6775-Final/block_systolic/mm.prj/solution1/.autopilot/db/xilinx-legacy-rewriter.block_mmult.pp.0.cc.out.log 2> /home/ks977/ECE-6775-Final/block_systolic/mm.prj/solution1/.autopilot/db/xilinx-legacy-rewriter.block_mmult.pp.0.cc.err.log 
Command           ap_eval done; 0.28 sec.
Command         tidy_31 done; 0.94 sec.
INFO-FLOW: Done: tidy-3.1 CDT preprocess time: 1.5 seconds per iteration
INFO-FLOW: Pragma Handling...
Execute         tidy_31 xilinx-ssdm-intrinsics-arguments /home/ks977/ECE-6775-Final/block_systolic/mm.prj/solution1/.autopilot/db/block_mmult.pragma.1.cc std=c++11 
INFO-FLOW: exec /opt/xilinx/Xilinx_Vivado_vitis_2019.2/Vivado/2019.2/lnx64/tools/clang-3.9-csynth/bin/tidy-3.1 -header-filter=.* -checks=-*,xilinx-ssdm-intrinsics-arguments -quiet -fix-errors /home/ks977/ECE-6775-Final/block_systolic/mm.prj/solution1/.autopilot/db/block_mmult.pragma.1.cc -- -std=c++11 -fhls -ferror-limit=0
Command         tidy_31 done; 0.5 sec.
Execute         ap_part_info -name xc7z020-clg484-1 -data info 
INFO-FLOW: Processing labels
Execute         clang -src /home/ks977/ECE-6775-Final/block_systolic/mm.prj/solution1/.autopilot/db/block_mmult.pragma.2.cc  -fno-limit-debug-info -gcc-toolchain /opt/xilinx/Xilinx_Vivado_vitis_2019.2/Vivado/2019.2/lnx64/tools/gcc -hls -hls-analyze-label -hls-analyze-pragma -fno-exceptions  -D__llvm__  -w  "/home/ks977/ECE-6775-Final/block_systolic/mm.prj/solution1/.autopilot/db/block_mmult.pragma.2.cc"  -std=c++11  -fno-math-errno -c -emit-llvm -O0  -mllvm -disable-llvm-optzns -fno-threadsafe-statics  -fno-use-cxa-atexit -DAESL_SYN -D__SYNTHESIS__ -D__HLS_SYN__ -I "/opt/xilinx/Xilinx_Vivado_vitis_2019.2/Vivado/2019.2/common/technology/autopilot" -I "/opt/xilinx/Xilinx_Vivado_vitis_2019.2/Vivado/2019.2/common/technology/autopilot/ap_sysc" -include etc/autopilot_ssdm_op.h -D__DSP48E1__ -g -o "/home/ks977/ECE-6775-Final/block_systolic/mm.prj/solution1/.autopilot/db/block_mmult.bc" 
INFO-FLOW: exec /opt/xilinx/Xilinx_Vivado_vitis_2019.2/Vivado/2019.2/lnx64/tools/clang/bin/clang -fno-limit-debug-info -gcc-toolchain /opt/xilinx/Xilinx_Vivado_vitis_2019.2/Vivado/2019.2/lnx64/tools/gcc -hls -hls-analyze-label -hls-analyze-pragma -fno-exceptions -D__llvm__ -w /home/ks977/ECE-6775-Final/block_systolic/mm.prj/solution1/.autopilot/db/block_mmult.pragma.2.cc -std=c++11 -fno-math-errno -c -emit-llvm -O0 -mllvm -disable-llvm-optzns -fno-threadsafe-statics -fno-use-cxa-atexit -DAESL_SYN -D__SYNTHESIS__ -D__HLS_SYN__ -I /opt/xilinx/Xilinx_Vivado_vitis_2019.2/Vivado/2019.2/common/technology/autopilot -I /opt/xilinx/Xilinx_Vivado_vitis_2019.2/Vivado/2019.2/common/technology/autopilot/ap_sysc -include etc/autopilot_ssdm_op.h -D__DSP48E1__ -g -o /home/ks977/ECE-6775-Final/block_systolic/mm.prj/solution1/.autopilot/db/block_mmult.bc
Command         clang done; 2.34 sec.
INFO-FLOW: Linking Debug ...
Execute         llvm-ld /home/ks977/ECE-6775-Final/block_systolic/mm.prj/solution1/.autopilot/db/block_mmult.g.bc -hls-opt -except-internalize block_mmul -L/opt/xilinx/Xilinx_Vivado_vitis_2019.2/Vivado/2019.2/lnx64/lib -lhlsm -lhlsmc++ -o /home/ks977/ECE-6775-Final/block_systolic/mm.prj/solution1/.autopilot/db/a.g 
Command         llvm-ld done; 1.12 sec.
INFO: [HLS 200-111] Finished Linking Time (s): cpu = 00:00:14 ; elapsed = 00:00:18 . Memory (MB): peak = 1172.680 ; gain = 530.188 ; free physical = 11966 ; free virtual = 26325
INFO: [HLS 200-111] Finished Checking Pragmas Time (s): cpu = 00:00:14 ; elapsed = 00:00:18 . Memory (MB): peak = 1172.680 ; gain = 530.188 ; free physical = 11966 ; free virtual = 26325
Execute         get_config_sdx -target 
Execute         opt_and_import_c a -opt_level=2 -skip_syncheck=0 -ng=0 -keep_printf=0 
Execute           cleanup_all_models 
INFO: [HLS 200-10] Starting code transformations ...
Execute           transform -promote-dbg-pointer /home/ks977/ECE-6775-Final/block_systolic/mm.prj/solution1/.autopilot/db/a.pp.bc -o /home/ks977/ECE-6775-Final/block_systolic/mm.prj/solution1/.autopilot/db/a.pp.0.bc -f 
Execute           llvm-ld /home/ks977/ECE-6775-Final/block_systolic/mm.prj/solution1/.autopilot/db/a.pp.0.bc -disable-opt -L/opt/xilinx/Xilinx_Vivado_vitis_2019.2/Vivado/2019.2/lnx64/lib -lfloatconversion -o /home/ks977/ECE-6775-Final/block_systolic/mm.prj/solution1/.autopilot/db/a.g.0 
Command           llvm-ld done; 1.03 sec.
INFO-FLOW: Running Standard Transforms...
Execute           transform -hls -share-std-xform -demangle-name -inline-byval-memcpy -always-inline -promote-dbg-pointer -interface-preproc -mem2reg -scalarrepl -mem2reg -keep-read-access -instcombine -dce -promote-dbg-pointer -bitop-raise -loop-simplify -indvarspre -indvars -loop-simplify -xunroll -constprop -instcombine -simplifycfg -indvars -simplifycfg -dce -globaldce -basicaa -simplifycfg -mem2reg -globalopt -global-constprop -deadargelim -instcombine -simplifycfg -prune-eh -simplifycfg -scalarrepl -instcombine -reassociate -licm -simplifycfg -loop-simplify -indvars -instcombine -simplifycfg -mem2reg -loop-simplify -indvars -instcombine -gvn -gvn -instcombine -adce -break-crit-edges -simplifycfg -loop-delete -global-array-opt -dce -dse -adce -find-syn-modules -top block_mmul -deadargelim -mem2reg -instcombine -dce -presyn-prepare -auto-rom-infer -interface-preproc -syn-check -check-rec-only -find-region -simplifycfg -func-extr -function-inline -globaldce -mem2reg -instcombine -dce -gvn -globaldce -adce -adse -constprop -instcombine -bit-constprop -instcombine -dce -simplifycfg -bitop-raise -simplifycfg -dce -loop-delete -reassociate -globalopt -global-privatize -mem2reg -dce -global-constprop -pointer-simplify -constprop -dce -func-inst -deadargelim -auto-shift-reg-idiom -promote-dbg-pointer -norm-name /home/ks977/ECE-6775-Final/block_systolic/mm.prj/solution1/.autopilot/db/a.g.0.bc -o /home/ks977/ECE-6775-Final/block_systolic/mm.prj/solution1/.autopilot/db/a.g.1.bc -f -phase std-opt 
INFO: [HLS 200-111] Finished Standard Transforms Time (s): cpu = 00:00:15 ; elapsed = 00:00:19 . Memory (MB): peak = 1172.680 ; gain = 530.188 ; free physical = 11961 ; free virtual = 26321
INFO: [HLS 200-10] Checking synthesizability ...
INFO-FLOW: Checking Synthesizability 1/2..
Execute           transform -hls -syn-check -check-rec-only -disaggr -scalarrepl -norm-name -dce -mem2reg -instcombine -function-uniquify -directive-preproc -mem2reg -dse -dce -auto-rom-infer -dce -pag -array-normalize -instcombine -dce -warn-fifo-pointer -array-seg-normalize -instcombine -dce -array-flatten -instcombine -dce -array-burst -dce -deadargelim -promote-global-argument -simplifycfg -mem2reg -globaldce -dce -deadargelim -dce -instcombine -function-inline -globaldce -dce -doublePtrSimplify -doublePtrElim -dce -doublePtrSimplify -promote-dbg-pointer -dce -scalarrepl -dse -adse -instcombine -ptrLegalization -simplifycfg -dce -instcombine -pointer-simplify -ptrArgReplace -dce -instcombine -resolve-double-ptr -disaggr -scalarrepl -norm-name -dce -mem2reg -instcombine -ptrLegalization -simplifycfg -deadargelim -instcombine -dce -inst-simplify -function-uniquify -directive-preproc -mem2reg -dse -dce -globaldce -check-dspbuiltin /home/ks977/ECE-6775-Final/block_systolic/mm.prj/solution1/.autopilot/db/a.g.1.bc -o /home/ks977/ECE-6775-Final/block_systolic/mm.prj/solution1/.autopilot/db/a.g.2.prechk.bc -f 
INFO-FLOW: Checking Synthesizability 2/2..
Execute           transform -syn-check /home/ks977/ECE-6775-Final/block_systolic/mm.prj/solution1/.autopilot/db/a.g.2.prechk.bc -o /home/ks977/ECE-6775-Final/block_systolic/mm.prj/solution1/.autopilot/db/a.g.2.bc -f -phase syn-check 
INFO: [HLS 200-111] Finished Checking Synthesizability Time (s): cpu = 00:00:15 ; elapsed = 00:00:19 . Memory (MB): peak = 1172.680 ; gain = 530.188 ; free physical = 11957 ; free virtual = 26317
INFO-FLOW: Compiler optimizing ...
INFO-FLOW: Share syncheck's 1.bc for syn flow: copy /home/ks977/ECE-6775-Final/block_systolic/mm.prj/solution1/.autopilot/db/a.g.1.bc to /home/ks977/ECE-6775-Final/block_systolic/mm.prj/solution1/.autopilot/db/a.o.1.bc
INFO-FLOW: Presyn 1...
Execute           transform -hls -tmp /home/ks977/ECE-6775-Final/block_systolic/mm.prj/solution1/.autopilot/db -interface-port-rename -type-info -function-uniquify -directive-preproc -mem2reg -dse -dce -disaggr -scalarrepl -norm-name -deadargelim -mem2reg -instcombine -dce -simplifycfg -auto-rom-infer -dce -function-uniquify -resource-proc -clib-intrinsic-prepare -dce -func-buffer -dce -pag -array-normalize -func-legal -instcombine -gvn -constprop -dce -simplifycfg -mem2reg -globaldce -resolve-double-ptr -dce -deadargelim -dce -instcombine -ptrArgReplace -mem2reg -dce -array-seg-normalize -deadargelim -instcombine -dce -pointer-simplify -dce -port-alignment -dce -interface-preproc -data-pack -instcombine -dce -basicaa -aggr-aa -aggrmodref-aa -aggr-aa -gvn -gvn -basicaa -aggr-aa -aggrmodref-aa -aggr-aa -dse -adse -adce -loop-simplify -indvars -instcombine -gvn -loop-simplify -mem2reg -dce -find-region -instcombine -auto-loop-pipeline -inst-simplify -interface-preproc -cfgopt -instcombine -indvars -auto-loop-unroll -loop-simplify -loop-bound -xunroll -constprop -instcombine -simplifycfg -indvars -simplifycfg -dce -globaldce -clean-region -attach-range -gvn -inst-simplify -constprop -simplifycfg -dce -pointer-simplify -dce -globalopt -constprop -dce -array-promote -constprop -dce -ptrArgReplace -mem2reg -simplifycfg -dce -auto-par -instcombine -dce -array-transform-check -array-reshape -instcombine -simplifycfg -dce -ptrArgReplace -deadargelim -mem2reg -instcombine -simplifycfg -dce -indvars -loop-simplify -loop-bound -xunroll -constprop -instcombine -simplifycfg -indvars -simplifycfg -dce -globaldce -basicaa -aggr-aa -aggrmodref-aa -aggr-aa -dse -duplicate-dataflow-processes -globaldce -instcombine -array-partition -instcombine -simplifycfg -dce -ptrArgReplace -global-constprop -deadargelim -mem2reg -func-legal -dce -global-constprop -deadargelim -mem2reg -simplifycfg -dce -merge-param -deadargelim -globalopt -constprop -dce -array-promote -constprop -dce -ptrArgReplace -mem2reg -simplifycfg -dce -mem-intrinsic-preproc -dce -global-internalize -global-privatize -mem2reg -globaldce -promote-global-argument -ptrArgReplace -mem2reg -dce -globalopt -mergereturn -simplify-global-access -mem2reg -dce -pointer-simplify -dce -functionattrs -basicaa -aggr-aa -aggrmodref-aa -aggr-aa -gvn -gvn -basicaa -aggr-aa -aggrmodref-aa -aggr-aa -dse -adse -adce -dce -norm-name -function-inline -complex-op-raise -inst-simplify -globaldce -func-inst -constprop -instcombine -simplifycfg -dce -func-legal -dce -loop-bound -arraycheck -bitwidthmin -on-by-dataflow -loop-delete -instcombine -simplifycfg -globaldce -dce -gvn -deadargelim -dce -loop-simplify -clean-region -simplifycfg -propagate-stable-arguments -loop-stream -instcombine -simplifycfg -dce -globaldce -duplicate-dataflow-processes -stream-intrinsic-preproc -dce -check-ap-stream -loop-simplify -eliminate-keepreads -extract-dataflow-in-loop -loop-simplify -dce -gvn -deadargelim -dse -check-dataflow-syntax -legalize-stream-variable -legalize-global -extract-subproc -dce -dead-channel-elimination -canonicalize-gep -globaldce -dce -gvn -deadargelim -annotate-dataflow-channels -scalar-propagation -deadargelim -globaldce -mem2reg -check-dataflow-channels -function-stream -dce -globaldce -prop-fifo-spec -internal-stream-gen -canonicalize-gep -globaldce -dce -gvn -deadargelim -mergereturn -indvars -loop-simplify -instcombine -array-stream -array-seg-normalize -array-partition -func-legal -instcombine -simplifycfg -dce -bundle-memfifo-ops -deadargelim -function-uniquify -directive-preproc -mem2reg -dse -dce -group-axi-access -licm -simplifycfg -dce -loop-delete -norm-name /home/ks977/ECE-6775-Final/block_systolic/mm.prj/solution1/.autopilot/db/a.o.1.bc -o /home/ks977/ECE-6775-Final/block_systolic/mm.prj/solution1/.autopilot/db/a.o.1.tmp.bc -f 
INFO: [XFORM 203-502] Unrolling all sub-loops inside loop 'Loop-1' (block_mmult.cc:10) in function 'block_mmul_helper' for pipelining.
INFO: [HLS 200-489] Unrolling loop 'Loop-1.1' (block_mmult.cc:12) in function 'block_mmul_helper' completely with a factor of 4.
INFO: [HLS 200-489] Unrolling loop 'Loop-1.1.1' (block_mmult.cc:13) in function 'block_mmul_helper' completely with a factor of 4.
Command           transform done; 0.34 sec.
INFO-FLOW: Presyn 2...
Execute           transform -hls -keep-callgraph -scalarrepl -mem2reg -port-alignment -attach-range -dce -pipe-mux-gen -indvars -loop-bound -inst-simplify -instcombine -dce -merge-array-access -mem2reg -dce -clean-region -mergereturn -if-conv -instcombine -dce -constprop -basicaa -aggr-aa -aggrmodref-aa -aggr-aa -gvn -gvn -basicaa -aggr-aa -aggrmodref-aa -aggr-aa -dse -adse -adce -scalarrepl -mem2reg -global-constprop -deadargelim -deadargelim -instcombine -dce -simplifycfg -ptrArgReplace -mem2reg -function-inline -globaldce -mem2reg -instcombine -dce -expr-balance -instcombine -dce -bitwidthmin -interface-preproc -directive-preproc -inst-rectify -instcombine -dce -functionattrs -constprop -instcombine -bit-constprop -simplify-global-access -globalopt -globaldce -inst-simplify -instcombine -elimdeaddata -dce -loop-delete -simplifycfg -loop-simplify -auto-burst -norm-name /home/ks977/ECE-6775-Final/block_systolic/mm.prj/solution1/.autopilot/db/a.o.1.tmp.bc -o /home/ks977/ECE-6775-Final/block_systolic/mm.prj/solution1/.autopilot/db/a.o.2.bc -f -phase presyn 
INFO: [XFORM 203-401] Performing if-conversion on hyperblock from (block_mmult.cc:10:34) to (block_mmult.cc:10:29) in function 'block_mmul_helper'... converting 97 basic blocks.
Command           transform done; 0.13 sec.
INFO: [HLS 200-111] Finished Pre-synthesis Time (s): cpu = 00:00:16 ; elapsed = 00:00:20 . Memory (MB): peak = 1172.680 ; gain = 530.188 ; free physical = 11937 ; free virtual = 26297
INFO-FLOW: Building ssdm...
Execute           transform -hls -function-uniquify -auto-function-inline -globaldce -ptrArgReplace -mem2reg -dce -reset-lda -loop-simplify -indvars -licm -loop-dep -loop-bound -licm -loop-simplify -flattenloopnest -array-flatten -gvn -instcombine -dce -array-map -dce -func-legal -gvn -adce -instcombine -cfgopt -simplifycfg -loop-simplify -array-burst -promote-global-argument -dce -ptrLegalization -axi4-lower -array-seg-normalize -basicaa -aggrmodref-aa -globalsmodref-aa -aggr-aa -gvn -gvn -basicaa -aggrmodref-aa -globalsmodref-aa -aggr-aa -dse -adse -adce -licm -inst-simplify -dce -globaldce -instcombine -array-stream -eliminate-keepreads -instcombine -dce -deadargelim -doublePtrSimplify -doublePtrElim -dce -doublePtrSimplify -promote-dbg-pointer -dce -scalarrepl -mem2reg -disaggr -norm-name -mem2reg -instcombine -dse -adse -adce -ptrLegalization -dce -auto-rom-infer -array-flatten -dce -instcombine -check-doubleptr -loop-rot -constprop -cfgopt -simplifycfg -loop-simplify -indvars -pointer-simplify -dce -loop-bound -loop-simplify -loop-preproc -constprop -global-constprop -gvn -mem2reg -instcombine -dce -loop-bound -loop-merge -dce -bitwidthmin -deadargelim -dce -canonicalize-dataflow -dce -scalar-propagation -deadargelim -globaldce -mem2reg -read-loop-dep -interface-preproc -directive-preproc -interface-gen -bram-byte-enable -deadargelim -inst-simplify -dce -gvn -mem2reg -instcombine -dce -adse -loop-bound -instcombine -cfgopt -simplifycfg -loop-simplify -clean-region -io-protocol -find-region -mem2reg -bitop-raise -complex-op-raise -inst-simplify -inst-rectify -instcombine -adce -deadargelim -loop-simplify -phi-opt -bitop-raise -cfgopt -simplifycfg -strip-dead-prototypes -interface-lower -bitop-lower -intrinsic-lower -auto-function-inline -basicaa -aggrmodref-aa -globalsmodref-aa -aggr-aa -inst-simplify -simplifycfg -loop-simplify -mergereturn -inst-simplify -inst-rectify -dce -load-elim -bitop-lower -loop-rewind -pointer-simplify -dce -cfgopt -dce -loop-bound -loop-dep -read-loop-dep -dce -check-stream -norm-name -legalize -validate-dataflow -inst-clarity -bitwidth -dump-loop-dep-to-ir -check-all-ssdm -cdfg-build /home/ks977/ECE-6775-Final/block_systolic/mm.prj/solution1/.autopilot/db/a.o.2.bc -o /home/ks977/ECE-6775-Final/block_systolic/mm.prj/solution1/.autopilot/db/a.o.3.bc -f -phase build-ssdm 
Command           transform done; 0.14 sec.
INFO: [HLS 200-111] Finished Architecture Synthesis Time (s): cpu = 00:00:16 ; elapsed = 00:00:20 . Memory (MB): peak = 1172.680 ; gain = 530.188 ; free physical = 11928 ; free virtual = 26289
INFO-FLOW: Finish building internal data model.
Command         opt_and_import_c done; 1.88 sec.
Command       elaborate done; 12.77 sec.
Execute       autosyn -from_csynth_design=1 
INFO: [HLS 200-10] Starting hardware synthesis ...
INFO-FLOW: Synthesizing C/C++ design ...
INFO: [HLS 200-10] Synthesizing 'block_mmul' ...
Execute         ap_set_top_model block_mmul 
Execute         get_model_list block_mmul -filter all-wo-channel -topdown 
Execute         preproc_iomode -model block_mmul 
Execute         preproc_iomode -model block_mmul_helper 
Execute         get_model_list block_mmul -filter all-wo-channel 
INFO-FLOW: Model list for configure: block_mmul_helper block_mmul
INFO-FLOW: Configuring Module : block_mmul_helper ...
Execute         set_default_model block_mmul_helper 
Execute         apply_spec_resource_limit block_mmul_helper 
INFO-FLOW: Configuring Module : block_mmul ...
Execute         set_default_model block_mmul 
Execute         apply_spec_resource_limit block_mmul 
INFO-FLOW: Model list for preprocess: block_mmul_helper block_mmul
INFO-FLOW: Preprocessing Module: block_mmul_helper ...
Execute         set_default_model block_mmul_helper 
Execute         cdfg_preprocess -model block_mmul_helper 
Execute         rtl_gen_preprocess block_mmul_helper 
INFO-FLOW: Preprocessing Module: block_mmul ...
Execute         set_default_model block_mmul 
Execute         cdfg_preprocess -model block_mmul 
Execute         rtl_gen_preprocess block_mmul 
WARNING: [SYN 201-107] Renaming port name 'block_mmul/out' to 'block_mmul/out_r' to avoid the conflict with HDL keywords or other object names.
INFO-FLOW: Model list for synthesis: block_mmul_helper block_mmul
INFO: [HLS 200-10] ----------------------------------------------------------------
INFO: [HLS 200-42] -- Implementing module 'block_mmul_helper' 
INFO: [HLS 200-10] ----------------------------------------------------------------
Execute         set_default_model block_mmul_helper 
Execute         schedule -model block_mmul_helper 
INFO: [SCHED 204-11] Starting scheduling ...
INFO: [SCHED 204-61] Pipelining loop 'Loop 1'.
WARNING: [SCHED 204-68] The II Violation in module 'block_mmul_helper' (Loop: Loop 1): Unable to enforce a carried dependence constraint (II = 1, distance = 1, offset = 1)
   between 'store' operation ('out_addr_write_ln18', block_mmult.cc:18) of variable 'add_ln17', block_mmult.cc:17 on array 'out_r' and 'load' operation ('out_load', block_mmult.cc:14) on array 'out_r'.
WARNING: [SCHED 204-69] Unable to schedule 'load' operation ('out_load_4', block_mmult.cc:14) on array 'out_r' due to limited memory ports. Please consider using a memory core with more ports or partitioning the array 'out_r'.
INFO: [SCHED 204-61] Pipelining result : Target II = 1, Final II = 16, Depth = 16.
INFO: [SCHED 204-11] Finished scheduling.
Command         schedule done; 0.48 sec.
INFO: [HLS 200-111]  Elapsed time: 20.63 seconds; current allocated memory: 135.885 MB.
Execute         syn_report -verbosereport -o /home/ks977/ECE-6775-Final/block_systolic/mm.prj/solution1/.autopilot/db/block_mmul_helper.verbose.sched.rpt 
Command         syn_report done; 0.17 sec.
Execute         db_write -o /home/ks977/ECE-6775-Final/block_systolic/mm.prj/solution1/.autopilot/db/block_mmul_helper.sched.adb -f 
INFO-FLOW: Finish scheduling block_mmul_helper.
Execute         set_default_model block_mmul_helper 
Execute         bind -model block_mmul_helper 
BIND OPTION: model=block_mmul_helper
INFO: [BIND 205-100] Starting micro-architecture generation ...
INFO: [BIND 205-101] Performing variable lifetime analysis.
INFO: [BIND 205-101] Exploring resource sharing.
INFO: [BIND 205-101] Binding ...
INFO: [BIND 205-100] Finished micro-architecture generation.
Command         bind done; 0.15 sec.
INFO: [HLS 200-111]  Elapsed time: 0.36 seconds; current allocated memory: 136.777 MB.
Execute         syn_report -verbosereport -o /home/ks977/ECE-6775-Final/block_systolic/mm.prj/solution1/.autopilot/db/block_mmul_helper.verbose.bind.rpt 
Command         syn_report done; 0.3 sec.
Execute         db_write -o /home/ks977/ECE-6775-Final/block_systolic/mm.prj/solution1/.autopilot/db/block_mmul_helper.bind.adb -f 
INFO-FLOW: Finish binding block_mmul_helper.
INFO: [HLS 200-10] ----------------------------------------------------------------
INFO: [HLS 200-42] -- Implementing module 'block_mmul' 
INFO: [HLS 200-10] ----------------------------------------------------------------
Execute         set_default_model block_mmul 
Execute         schedule -model block_mmul 
INFO: [SCHED 204-11] Starting scheduling ...
INFO: [SCHED 204-11] Finished scheduling.
INFO: [HLS 200-111]  Elapsed time: 0.39 seconds; current allocated memory: 136.916 MB.
Execute         syn_report -verbosereport -o /home/ks977/ECE-6775-Final/block_systolic/mm.prj/solution1/.autopilot/db/block_mmul.verbose.sched.rpt 
Execute         db_write -o /home/ks977/ECE-6775-Final/block_systolic/mm.prj/solution1/.autopilot/db/block_mmul.sched.adb -f 
INFO-FLOW: Finish scheduling block_mmul.
Execute         set_default_model block_mmul 
Execute         bind -model block_mmul 
BIND OPTION: model=block_mmul
INFO: [BIND 205-100] Starting micro-architecture generation ...
INFO: [BIND 205-101] Performing variable lifetime analysis.
INFO: [BIND 205-101] Exploring resource sharing.
INFO: [BIND 205-101] Binding ...
INFO: [BIND 205-100] Finished micro-architecture generation.
INFO: [HLS 200-111]  Elapsed time: 0.12 seconds; current allocated memory: 137.010 MB.
Execute         syn_report -verbosereport -o /home/ks977/ECE-6775-Final/block_systolic/mm.prj/solution1/.autopilot/db/block_mmul.verbose.bind.rpt 
Command         syn_report done; 0.17 sec.
Execute         db_write -o /home/ks977/ECE-6775-Final/block_systolic/mm.prj/solution1/.autopilot/db/block_mmul.bind.adb -f 
INFO-FLOW: Finish binding block_mmul.
Execute         get_model_list block_mmul -filter all-wo-channel 
INFO-FLOW: Preprocessing for RTLGen ...
Execute         rtl_gen_preprocess block_mmul_helper 
Execute         rtl_gen_preprocess block_mmul 
INFO-FLOW: Model list for RTL generation: block_mmul_helper block_mmul
INFO: [HLS 200-10] ----------------------------------------------------------------
INFO: [HLS 200-10] -- Generating RTL for module 'block_mmul_helper' 
INFO: [HLS 200-10] ----------------------------------------------------------------
Execute         get_config_rtl -module_prefix 
Execute         get_config_rtl -module_auto_prefix 
Execute         create_rtl_model block_mmul_helper -vendor xilinx -mg_file /home/ks977/ECE-6775-Final/block_systolic/mm.prj/solution1/.autopilot/db/block_mmul_helper.compgen.tcl 
INFO: [SYN 201-210] Renamed object name 'block_mmul_mac_muladd_16s_16s_16ns_16_1_1' to 'block_mmul_mac_mubkb' due to the length limit 20
INFO: [RTGEN 206-100] Generating core module 'block_mmul_mac_mubkb': 16 instance(s).
INFO: [RTGEN 206-100] Finished creating RTL model for 'block_mmul_helper'.
INFO: [HLS 200-111]  Elapsed time: 0.27 seconds; current allocated memory: 138.415 MB.
Execute         source /home/ks977/ECE-6775-Final/block_systolic/mm.prj/solution1/.autopilot/db/block_mmul.rtl_wrap.cfg.tcl 
Execute         gen_rtl block_mmul_helper -style xilinx -tracefl mytrace -tracefmt vcd -traceopt all -f -lang sc -o /home/ks977/ECE-6775-Final/block_systolic/mm.prj/solution1/syn/systemc/block_mmul_helper -synmodules block_mmul_helper block_mmul 
Execute         gen_rtl block_mmul_helper -style xilinx -f -lang vhdl -o /home/ks977/ECE-6775-Final/block_systolic/mm.prj/solution1/syn/vhdl/block_mmul_helper 
Execute         gen_rtl block_mmul_helper -style xilinx -f -lang vlog -o /home/ks977/ECE-6775-Final/block_systolic/mm.prj/solution1/syn/verilog/block_mmul_helper 
Execute         syn_report -csynth -model block_mmul_helper -o /home/ks977/ECE-6775-Final/block_systolic/mm.prj/solution1/syn/report/block_mmul_helper_csynth.rpt 
Execute         syn_report -rtlxml -model block_mmul_helper -o /home/ks977/ECE-6775-Final/block_systolic/mm.prj/solution1/syn/report/block_mmul_helper_csynth.xml 
Execute         syn_report -verbosereport -model block_mmul_helper -o /home/ks977/ECE-6775-Final/block_systolic/mm.prj/solution1/.autopilot/db/block_mmul_helper.verbose.rpt 
Command         syn_report done; 0.46 sec.
Execute         db_write -model block_mmul_helper -f -o /home/ks977/ECE-6775-Final/block_systolic/mm.prj/solution1/.autopilot/db/block_mmul_helper.adb 
Command         db_write done; 0.14 sec.
Execute         gen_tb_info block_mmul_helper -p /home/ks977/ECE-6775-Final/block_systolic/mm.prj/solution1/.autopilot/db -o /home/ks977/ECE-6775-Final/block_systolic/mm.prj/solution1/.autopilot/db/block_mmul_helper 
INFO: [HLS 200-10] ----------------------------------------------------------------
INFO: [HLS 200-10] -- Generating RTL for module 'block_mmul' 
INFO: [HLS 200-10] ----------------------------------------------------------------
Execute         get_config_rtl -module_prefix 
Execute         get_config_rtl -module_auto_prefix 
Execute         create_rtl_model block_mmul -vendor xilinx -mg_file /home/ks977/ECE-6775-Final/block_systolic/mm.prj/solution1/.autopilot/db/block_mmul.compgen.tcl 
INFO: [RTGEN 206-500] Setting interface mode on port 'block_mmul/A' to 'ap_memory'.
INFO: [RTGEN 206-500] Setting interface mode on port 'block_mmul/B' to 'ap_memory'.
INFO: [RTGEN 206-500] Setting interface mode on port 'block_mmul/out_r' to 'ap_memory'.
INFO: [RTGEN 206-500] Setting interface mode on function 'block_mmul' to 'ap_ctrl_hs'.
INFO: [RTGEN 206-100] Finished creating RTL model for 'block_mmul'.
INFO: [HLS 200-111]  Elapsed time: 0.95 seconds; current allocated memory: 142.010 MB.
Execute         source /home/ks977/ECE-6775-Final/block_systolic/mm.prj/solution1/.autopilot/db/block_mmul.rtl_wrap.cfg.tcl 
Execute         gen_rtl block_mmul -istop -style xilinx -tracefl mytrace -tracefmt vcd -traceopt all -f -lang sc -o /home/ks977/ECE-6775-Final/block_systolic/mm.prj/solution1/syn/systemc/block_mmul -synmodules block_mmul_helper block_mmul 
Execute         gen_rtl block_mmul -istop -style xilinx -f -lang vhdl -o /home/ks977/ECE-6775-Final/block_systolic/mm.prj/solution1/syn/vhdl/block_mmul 
Execute         gen_rtl block_mmul -istop -style xilinx -f -lang vlog -o /home/ks977/ECE-6775-Final/block_systolic/mm.prj/solution1/syn/verilog/block_mmul 
Execute         syn_report -csynth -model block_mmul -o /home/ks977/ECE-6775-Final/block_systolic/mm.prj/solution1/syn/report/block_mmul_csynth.rpt 
Execute         syn_report -rtlxml -model block_mmul -o /home/ks977/ECE-6775-Final/block_systolic/mm.prj/solution1/syn/report/block_mmul_csynth.xml 
Execute         syn_report -verbosereport -model block_mmul -o /home/ks977/ECE-6775-Final/block_systolic/mm.prj/solution1/.autopilot/db/block_mmul.verbose.rpt 
Command         syn_report done; 0.16 sec.
Execute         db_write -model block_mmul -f -o /home/ks977/ECE-6775-Final/block_systolic/mm.prj/solution1/.autopilot/db/block_mmul.adb 
Execute         gen_tb_info block_mmul -p /home/ks977/ECE-6775-Final/block_systolic/mm.prj/solution1/.autopilot/db -o /home/ks977/ECE-6775-Final/block_systolic/mm.prj/solution1/.autopilot/db/block_mmul 
Execute         export_constraint_db -f -tool general -o /home/ks977/ECE-6775-Final/block_systolic/mm.prj/solution1/.autopilot/db/block_mmul.constraint.tcl 
Execute         syn_report -designview -model block_mmul -o /home/ks977/ECE-6775-Final/block_systolic/mm.prj/solution1/.autopilot/db/block_mmul.design.xml 
Command         syn_report done; 0.11 sec.
Execute         get_config_rtl -disable_wave_debug 
Execute         syn_report -wcfg -model block_mmul -o /home/ks977/ECE-6775-Final/block_systolic/mm.prj/solution1/.autopilot/db/block_mmul_dataflow_ana.wcfg 
Execute         syn_report -protoinst -model block_mmul -o /home/ks977/ECE-6775-Final/block_systolic/mm.prj/solution1/.autopilot/db/block_mmul.protoinst 
Execute         get_config_debug -directory 
Execute         sc_get_clocks block_mmul 
Execute         get_config_export -vivado_clock 
Execute         sc_get_portdomain block_mmul 
INFO-FLOW: Model list for RTL component generation: block_mmul_helper block_mmul
INFO-FLOW: Handling components in module [block_mmul_helper] ... 
Execute         source /home/ks977/ECE-6775-Final/block_systolic/mm.prj/solution1/.autopilot/db/block_mmul_helper.compgen.tcl 
INFO-FLOW: Found component block_mmul_mac_mubkb.
INFO-FLOW: Append model block_mmul_mac_mubkb
INFO-FLOW: Handling components in module [block_mmul] ... 
Execute         source /home/ks977/ECE-6775-Final/block_systolic/mm.prj/solution1/.autopilot/db/block_mmul.compgen.tcl 
INFO-FLOW: Append model block_mmul_helper
INFO-FLOW: Append model block_mmul
INFO-FLOW: Generating RTL model list ...
INFO-FLOW: All models in this session: block_mmul_mac_mubkb block_mmul_helper block_mmul
INFO-FLOW: To file: write model block_mmul_mac_mubkb
INFO-FLOW: To file: write model block_mmul_helper
INFO-FLOW: To file: write model block_mmul
INFO-FLOW: Finished generating RTL model list.


INFO-FLOW: RTL Generation done.
INFO-FLOW: CAS Generation done.
INFO-FLOW: CBC Generation done.
Execute         syn_report -model block_mmul -printsummary 
INFO: [HLS 200-790] **** Loop Constraint Status: All loop constraints were NOT satisfied.
INFO: [HLS 200-789] **** Estimated Fmax: 127.36 MHz
INFO-FLOW: DBG:CMD: auto_generate_csynth_design
INFO-FLOW: DBG:CMD:     auto_generate --sim-model -phase csynth_design -d /home/ks977/ECE-6775-Final/block_systolic/mm.prj/solution1
Execute         source /home/ks977/ECE-6775-Final/block_systolic/mm.prj/solution1/.autopilot/db/global.setting.tcl 
INFO-FLOW: DBG:CMD: read_platform_lib /home/ks977/ECE-6775-Final/block_systolic/mm.prj/solution1/.autopilot/db/global.setting.tcl
Execute         source /opt/xilinx/Xilinx_Vivado_vitis_2019.2/Vivado/2019.2/common/technology/generic/autopilot/common.gen 
Execute           source /opt/xilinx/Xilinx_Vivado_vitis_2019.2/Vivado/2019.2/common/technology/generic/autopilot/APCoreGen.gen 
Execute         source /opt/xilinx/Xilinx_Vivado_vitis_2019.2/Vivado/2019.2/common/technology/generic/autopilot/op.gen 
Execute         source /opt/xilinx/Xilinx_Vivado_vitis_2019.2/Vivado/2019.2/common/technology/generic/autopilot/op_simcore.gen 
Execute         source /opt/xilinx/Xilinx_Vivado_vitis_2019.2/Vivado/2019.2/common/technology/generic/autopilot/interface.gen 
Execute         source /home/ks977/ECE-6775-Final/block_systolic/mm.prj/solution1/.autopilot/db/global.setting.tcl 
Execute         source /opt/xilinx/Xilinx_Vivado_vitis_2019.2/Vivado/2019.2/common/technology/xilinx/zynq/zynq.gen 
Execute           source /opt/xilinx/Xilinx_Vivado_vitis_2019.2/Vivado/2019.2/common/technology/xilinx/common/xilinx.gen 
Execute             source /opt/xilinx/Xilinx_Vivado_vitis_2019.2/Vivado/2019.2/common/technology/xilinx/interface/plb46.gen 
Execute             source /opt/xilinx/Xilinx_Vivado_vitis_2019.2/Vivado/2019.2/common/technology/xilinx/interface/fsl.gen 
Execute             source /opt/xilinx/Xilinx_Vivado_vitis_2019.2/Vivado/2019.2/common/technology/xilinx/interface/axi4.gen 
Execute             source /opt/xilinx/Xilinx_Vivado_vitis_2019.2/Vivado/2019.2/common/technology/xilinx/interface/nativeAXI4.gen 
Execute               source /opt/xilinx/Xilinx_Vivado_vitis_2019.2/Vivado/2019.2/common/technology/xilinx/interface/saxilite.gen 
Execute               source /opt/xilinx/Xilinx_Vivado_vitis_2019.2/Vivado/2019.2/common/technology/xilinx/interface/maxi.gen 
Execute             source /opt/xilinx/Xilinx_Vivado_vitis_2019.2/Vivado/2019.2/common/technology/xilinx/scripts/xilinxcoregen.gen 
Execute             source /opt/xilinx/Xilinx_Vivado_vitis_2019.2/Vivado/2019.2/common/technology/xilinx/interface/XilEDKCoreGen.gen 
Execute             source /opt/xilinx/Xilinx_Vivado_vitis_2019.2/Vivado/2019.2/common/technology/xilinx/ip/dds_compiler.gen 
Execute             source /opt/xilinx/Xilinx_Vivado_vitis_2019.2/Vivado/2019.2/common/technology/xilinx/ip/util.gen 
Execute             source /opt/xilinx/Xilinx_Vivado_vitis_2019.2/Vivado/2019.2/common/technology/xilinx/ip/xfft.gen 
Execute             source /opt/xilinx/Xilinx_Vivado_vitis_2019.2/Vivado/2019.2/common/technology/xilinx/ip/xfir.gen 
Execute             source /opt/xilinx/Xilinx_Vivado_vitis_2019.2/Vivado/2019.2/common/technology/xilinx/common/dsp48.gen 
Command           ap_source done; 0.14 sec.
Command         ap_source done; 0.14 sec.
Execute         source /opt/xilinx/Xilinx_Vivado_vitis_2019.2/Vivado/2019.2/common/technology/xilinx/zynq/zynq_fpv6.gen 
Execute           source /opt/xilinx/Xilinx_Vivado_vitis_2019.2/Vivado/2019.2/common/technology/xilinx/common/xilinx_fp.gen 
INFO-FLOW: DBG:CMD:   using AESL_AUTOCG::g_clock_period=10.000 (was NA)
INFO-FLOW: DBG:CMD:       generate_ip_cores sim=1 export=0 expOnly=0 dstVlogDir=syn/verilog
Execute         source /home/ks977/ECE-6775-Final/block_systolic/mm.prj/solution1/.autopilot/db/global.setting.tcl 
Execute         ap_part_info -name xc7z020-clg484-1 -data names -quiet 
Execute         ap_part_info -name xc7z020-clg484-1 -data info -quiet 
Execute         source /home/ks977/ECE-6775-Final/block_systolic/mm.prj/solution1/.autopilot/db/global.setting.tcl 
Execute         source /home/ks977/ECE-6775-Final/block_systolic/mm.prj/solution1/.autopilot/db/global.setting.tcl 
Execute         source /home/ks977/ECE-6775-Final/block_systolic/mm.prj/solution1/.autopilot/db/block_mmul_helper.compgen.tcl 
Execute           ap_part_info -name xc7z020-clg484-1 -data names -quiet 
Execute           ap_part_info -name xc7z020-clg484-1 -data info -quiet 
Execute           ap_part_info -name xc7z020-clg484-1 -data info 
Execute         source /home/ks977/ECE-6775-Final/block_systolic/mm.prj/solution1/.autopilot/db/block_mmul.compgen.tcl 
INFO-FLOW: DBG:CMD:     auto_generate -export -impltomg_flag -rtl both -tool Vivado -pcore_version 1.00.a -phase csynth_design -d /home/ks977/ECE-6775-Final/block_systolic/mm.prj/solution1
Execute         source /home/ks977/ECE-6775-Final/block_systolic/mm.prj/solution1/.autopilot/db/global.setting.tcl 
INFO-FLOW: DBG:CMD: read_platform_lib /home/ks977/ECE-6775-Final/block_systolic/mm.prj/solution1/.autopilot/db/global.setting.tcl
Execute         source /opt/xilinx/Xilinx_Vivado_vitis_2019.2/Vivado/2019.2/common/technology/generic/autopilot/common.gen 
Execute           source /opt/xilinx/Xilinx_Vivado_vitis_2019.2/Vivado/2019.2/common/technology/generic/autopilot/APCoreGen.gen 
Execute         source /opt/xilinx/Xilinx_Vivado_vitis_2019.2/Vivado/2019.2/common/technology/generic/autopilot/op.gen 
Execute         source /opt/xilinx/Xilinx_Vivado_vitis_2019.2/Vivado/2019.2/common/technology/generic/autopilot/op_simcore.gen 
Execute         source /opt/xilinx/Xilinx_Vivado_vitis_2019.2/Vivado/2019.2/common/technology/generic/autopilot/interface.gen 
Execute         source /home/ks977/ECE-6775-Final/block_systolic/mm.prj/solution1/.autopilot/db/global.setting.tcl 
Execute         source /opt/xilinx/Xilinx_Vivado_vitis_2019.2/Vivado/2019.2/common/technology/xilinx/zynq/zynq.gen 
Execute           source /opt/xilinx/Xilinx_Vivado_vitis_2019.2/Vivado/2019.2/common/technology/xilinx/common/xilinx.gen 
Execute             source /opt/xilinx/Xilinx_Vivado_vitis_2019.2/Vivado/2019.2/common/technology/xilinx/interface/plb46.gen 
Execute             source /opt/xilinx/Xilinx_Vivado_vitis_2019.2/Vivado/2019.2/common/technology/xilinx/interface/fsl.gen 
Execute             source /opt/xilinx/Xilinx_Vivado_vitis_2019.2/Vivado/2019.2/common/technology/xilinx/interface/axi4.gen 
Execute             source /opt/xilinx/Xilinx_Vivado_vitis_2019.2/Vivado/2019.2/common/technology/xilinx/interface/nativeAXI4.gen 
Execute               source /opt/xilinx/Xilinx_Vivado_vitis_2019.2/Vivado/2019.2/common/technology/xilinx/interface/saxilite.gen 
Execute               source /opt/xilinx/Xilinx_Vivado_vitis_2019.2/Vivado/2019.2/common/technology/xilinx/interface/maxi.gen 
Execute             source /opt/xilinx/Xilinx_Vivado_vitis_2019.2/Vivado/2019.2/common/technology/xilinx/scripts/xilinxcoregen.gen 
Execute             source /opt/xilinx/Xilinx_Vivado_vitis_2019.2/Vivado/2019.2/common/technology/xilinx/interface/XilEDKCoreGen.gen 
Execute             source /opt/xilinx/Xilinx_Vivado_vitis_2019.2/Vivado/2019.2/common/technology/xilinx/ip/dds_compiler.gen 
Execute             source /opt/xilinx/Xilinx_Vivado_vitis_2019.2/Vivado/2019.2/common/technology/xilinx/ip/util.gen 
Execute             source /opt/xilinx/Xilinx_Vivado_vitis_2019.2/Vivado/2019.2/common/technology/xilinx/ip/xfft.gen 
Execute             source /opt/xilinx/Xilinx_Vivado_vitis_2019.2/Vivado/2019.2/common/technology/xilinx/ip/xfir.gen 
Execute             source /opt/xilinx/Xilinx_Vivado_vitis_2019.2/Vivado/2019.2/common/technology/xilinx/common/dsp48.gen 
Command           ap_source done; 0.12 sec.
Command         ap_source done; 0.12 sec.
Execute         source /opt/xilinx/Xilinx_Vivado_vitis_2019.2/Vivado/2019.2/common/technology/xilinx/zynq/zynq_fpv6.gen 
Execute           source /opt/xilinx/Xilinx_Vivado_vitis_2019.2/Vivado/2019.2/common/technology/xilinx/common/xilinx_fp.gen 
INFO-FLOW: DBG:CMD:       initCTypeInfo top_module=block_mmul xml_exists=0
Execute         source /home/ks977/ECE-6775-Final/block_systolic/mm.prj/solution1/.autopilot/db/block_mmul.rtl_wrap.cfg.tcl 
Execute         source /home/ks977/ECE-6775-Final/block_systolic/mm.prj/solution1/.autopilot/db/block_mmul.rtl_wrap.cfg.tcl 
Execute         source /home/ks977/ECE-6775-Final/block_systolic/mm.prj/solution1/.autopilot/db/block_mmul.rtl_wrap.cfg.tcl 
Execute         source /home/ks977/ECE-6775-Final/block_systolic/mm.prj/solution1/.autopilot/db/block_mmul.tbgen.tcl 
Execute         source /home/ks977/ECE-6775-Final/block_systolic/mm.prj/solution1/.autopilot/db/block_mmul.tbgen.tcl 
INFO-FLOW: DBG:CMD:       export_impl_rtl
INFO-FLOW: DBG:CMD:       generate_ip_cores sim=0 export=0 expOnly=0 dstVlogDir=impl/.verilog
Execute         source /home/ks977/ECE-6775-Final/block_systolic/mm.prj/solution1/.autopilot/db/global.setting.tcl 
Execute         source /home/ks977/ECE-6775-Final/block_systolic/mm.prj/solution1/.autopilot/db/block_mmul_helper.compgen.tcl 
Execute         source /home/ks977/ECE-6775-Final/block_systolic/mm.prj/solution1/.autopilot/db/block_mmul.compgen.tcl 
INFO-FLOW: DBG:CMD:       generate_ip_cores sim=0 export=1 expOnly=1 dstVlogDir=impl/.pcores/verilog
Execute         source /home/ks977/ECE-6775-Final/block_systolic/mm.prj/solution1/.autopilot/db/global.setting.tcl 
Execute         source /home/ks977/ECE-6775-Final/block_systolic/mm.prj/solution1/.autopilot/db/block_mmul_helper.compgen.tcl 
Execute         source /home/ks977/ECE-6775-Final/block_systolic/mm.prj/solution1/.autopilot/db/block_mmul.compgen.tcl 
Execute           ap_part_info -name xc7z020-clg484-1 -data names -quiet 
Execute           ap_part_info -name xc7z020-clg484-1 -data info -quiet 
Execute           ap_part_info -name xc7z020-clg484-1 -data names -quiet 
Execute           ap_part_info -name xc7z020-clg484-1 -data info -quiet 
Execute           source /home/ks977/ECE-6775-Final/block_systolic/mm.prj/solution1/.autopilot/db/block_mmul.tbgen.tcl 
Execute           source /home/ks977/ECE-6775-Final/block_systolic/mm.prj/solution1/.autopilot/db/block_mmul.tbgen.tcl 
Execute           source /home/ks977/ECE-6775-Final/block_systolic/mm.prj/solution1/.autopilot/db/block_mmul.tbgen.tcl 
Execute           ap_part_info -name xc7z020-clg484-1 -data names -quiet 
Execute           ap_part_info -name xc7z020-clg484-1 -data info -quiet 
Execute           ap_part_info -name xc7z020-clg484-1 -data names -quiet 
Execute           ap_part_info -name xc7z020-clg484-1 -data info -quiet 
Execute           ap_part_info -name xc7z020-clg484-1 -data names -quiet 
Execute           ap_part_info -name xc7z020-clg484-1 -data info -quiet 
Execute           ap_part_info -name xc7z020-clg484-1 -data names -quiet 
Execute           ap_part_info -name xc7z020-clg484-1 -data info -quiet 
Execute           ap_part_info -name xc7z020-clg484-1 -data names -quiet 
Execute           ap_part_info -name xc7z020-clg484-1 -data info -quiet 
Command         ap_source done; 0.2 sec.
Execute         ap_part_info -name xc7z020-clg484-1 -data names -quiet 
Execute         ap_part_info -name xc7z020-clg484-1 -data info -quiet 
INFO-FLOW: DBG:CMD:       generate_ip_cores sim=0 export=0 expOnly=0 dstVlogDir=impl/.pcores/verilog_sim
Execute         source /home/ks977/ECE-6775-Final/block_systolic/mm.prj/solution1/.autopilot/db/global.setting.tcl 
Execute         source /home/ks977/ECE-6775-Final/block_systolic/mm.prj/solution1/.autopilot/db/block_mmul_helper.compgen.tcl 
Execute         source /home/ks977/ECE-6775-Final/block_systolic/mm.prj/solution1/.autopilot/db/block_mmul.compgen.tcl 
Execute         ap_part_info -name xc7z020-clg484-1 -data names -quiet 
Execute         ap_part_info -name xc7z020-clg484-1 -data info -quiet 
Execute         ap_part_info -name xc7z020-clg484-1 -data names -quiet 
Execute         ap_part_info -name xc7z020-clg484-1 -data info -quiet 
Execute         source /home/ks977/ECE-6775-Final/block_systolic/mm.prj/solution1/.autopilot/db/global.setting.tcl 
Execute         ap_part_info -name xc7z020-clg484-1 -data names -quiet 
Execute         ap_part_info -name xc7z020-clg484-1 -data info -quiet 
Execute         source /home/ks977/ECE-6775-Final/block_systolic/mm.prj/solution1/.autopilot/db/block_mmul.constraint.tcl 
Execute         source /home/ks977/ECE-6775-Final/block_systolic/mm.prj/solution1/.autopilot/db/block_mmul.tbgen.tcl 
INFO-FLOW: DBG:CMD:       hasPcoreIpAdapter=false #gSsdmPorts=8
INFO-FLOW: DBG:CMD: Skipping loadAnalyze_DB, #g_database=3
INFO-FLOW: DBG:CMD:       generate_json is_phase_csynth=1 g_has_adaptors=false generate_bd_files=0 #modelList=3 #gSsdmPorts=8
Execute         source /opt/xilinx/Xilinx_Vivado_vitis_2019.2/Vivado/2019.2/tps/tcl/tcllib1.11.1/fileutil/fileutil.tcl 
Execute         source /home/ks977/ECE-6775-Final/block_systolic/mm.prj/solution1/.autopilot/db/global.setting.tcl 
Execute         source /home/ks977/ECE-6775-Final/block_systolic/mm.prj/solution1/.autopilot/db/global.setting.tcl 
Execute         get_config_export -xo 
Execute         source /home/ks977/ECE-6775-Final/block_systolic/mm.prj/solution1/.autopilot/db/block_mmul.tbgen.tcl 
Execute         source /home/ks977/ECE-6775-Final/block_systolic/mm.prj/solution1/.autopilot/db/block_mmul.tbgen.tcl 
Execute         source /home/ks977/ECE-6775-Final/block_systolic/mm.prj/solution1/.autopilot/db/block_mmul.tbgen.tcl 
Execute         source /home/ks977/ECE-6775-Final/block_systolic/mm.prj/solution1/.autopilot/db/block_mmul.tbgen.tcl 
Execute         source /home/ks977/ECE-6775-Final/block_systolic/mm.prj/solution1/.autopilot/db/global.setting.tcl 
Execute         get_config_sdx -target 
Execute         source /home/ks977/ECE-6775-Final/block_systolic/mm.prj/solution1/.autopilot/db/block_mmul.rtl_wrap.cfg.tcl 
Execute         source /home/ks977/ECE-6775-Final/block_systolic/mm.prj/solution1/.autopilot/db/block_mmul.compgen.dataonly.tcl 
Execute         source /home/ks977/ECE-6775-Final/block_systolic/mm.prj/solution1/.autopilot/db/global.setting.tcl 
Execute         ap_part_info -name xc7z020-clg484-1 -data names -quiet 
Execute         ap_part_info -name xc7z020-clg484-1 -data info -quiet 
Execute         source /home/ks977/ECE-6775-Final/block_systolic/mm.prj/solution1/.autopilot/db/block_mmul.constraint.tcl 
Execute         sc_get_clocks block_mmul 
Execute         ap_part_info -name xc7z020-clg484-1 -data names -quiet 
Execute         ap_part_info -name xc7z020-clg484-1 -data info -quiet 
Execute         source /home/ks977/ECE-6775-Final/block_systolic/mm.prj/solution1/.autopilot/db/global.setting.tcl 
Execute         get_config_debug -directory 
Execute         source /home/ks977/ECE-6775-Final/block_systolic/mm.prj/solution1/.autopilot/db/block_mmul_helper.tbgen.tcl 
Execute         source /home/ks977/ECE-6775-Final/block_systolic/mm.prj/solution1/.autopilot/db/block_mmul.tbgen.tcl 
Execute         get_config_sdx -target 
Execute         get_config_sdx -profile 
Execute         get_config_rtl -kernel_profile 
Execute         get_config_rtl -stall_sig_gen 
Execute         get_config_rtl -profile 
INFO-FLOW: DBG:CMD: add_json_sdx_info kernel file does not exist, skipping opencl info: /home/ks977/ECE-6775-Final/block_systolic/mm.prj/solution1/.autopilot/db/kernel.internal.xml
INFO-FLOW: DBG:CMD:       delete-temp-dirs (skipped for debug)
INFO: [HLS 200-111] Finished generating all RTL models Time (s): cpu = 00:00:18 ; elapsed = 00:00:25 . Memory (MB): peak = 1172.680 ; gain = 530.188 ; free physical = 11917 ; free virtual = 26281
INFO: [VHDL 208-304] Generating VHDL RTL for block_mmul.
INFO: [VLOG 209-307] Generating Verilog RTL for block_mmul.
Command       autosyn done; 4.96 sec.
Command     csynth_design done; 17.76 sec.
Execute     cleanup_all 
