==============================================================
Vivado(TM) HLS - High-Level Synthesis from C, C++ and SystemC v2019.2.1 (64-bit)
Copyright 1986-2019 Xilinx, Inc. All Rights Reserved.
==============================================================
INFO: [HLS 200-10] Setting target device to 'xc7z020-clg484-1'
INFO: [SYN 201-201] Setting up clock 'default' with a period of 10ns.
INFO: [SIM 211-2] *************** CSIM start ***************
INFO: [SIM 211-4] CSIM will launch GCC as the compiler.
INFO: [SIM 211-1] CSim done with 0 errors.
INFO: [SIM 211-3] *************** CSIM finish ***************
INFO: [SCHED 204-61] Option 'relax_ii_for_timing' is enabled, will increase II to preserve clock frequency constraints.
INFO: [HLS 200-10] Analyzing design file 'mm_mult.cc' ... 
INFO: [HLS 200-111] Finished Linking Time (s): cpu = 00:00:10 ; elapsed = 00:00:14 . Memory (MB): peak = 1169.711 ; gain = 527.219 ; free physical = 4033 ; free virtual = 28916
INFO: [HLS 200-111] Finished Checking Pragmas Time (s): cpu = 00:00:10 ; elapsed = 00:00:14 . Memory (MB): peak = 1169.711 ; gain = 527.219 ; free physical = 4034 ; free virtual = 28916
INFO: [HLS 200-10] Starting code transformations ...
INFO: [HLS 200-111] Finished Standard Transforms Time (s): cpu = 00:00:11 ; elapsed = 00:00:15 . Memory (MB): peak = 1169.711 ; gain = 527.219 ; free physical = 4033 ; free virtual = 28915
INFO: [HLS 200-10] Checking synthesizability ...
INFO: [HLS 200-111] Finished Checking Synthesizability Time (s): cpu = 00:00:11 ; elapsed = 00:00:15 . Memory (MB): peak = 1169.711 ; gain = 527.219 ; free physical = 4032 ; free virtual = 28915
INFO: [XFORM 203-502] Unrolling all sub-loops inside loop 'Loop-1' (mm_mult.cc:25) in function 'matrix_mult' for pipelining.
INFO: [XFORM 203-502] Unrolling all sub-loops inside loop 'Loop-2' (mm_mult.cc:32) in function 'matrix_mult' for pipelining.
INFO: [XFORM 203-502] Unrolling all sub-loops inside loop 'Loop-3.1' (mm_mult.cc:42) in function 'matrix_mult' for pipelining.
INFO: [XFORM 203-502] Unrolling all sub-loops inside loop 'Loop-4' (mm_mult.cc:53) in function 'matrix_mult' for pipelining.
INFO: [HLS 200-489] Unrolling loop 'Loop-1.1' (mm_mult.cc:27) in function 'matrix_mult' completely with a factor of 20.
INFO: [HLS 200-489] Unrolling loop 'Loop-2.1' (mm_mult.cc:34) in function 'matrix_mult' completely with a factor of 20.
INFO: [HLS 200-489] Unrolling loop 'Loop-3.1.1' (mm_mult.cc:45) in function 'matrix_mult' completely with a factor of 20.
INFO: [HLS 200-489] Unrolling loop 'Loop-4.1' (mm_mult.cc:55) in function 'matrix_mult' completely with a factor of 20.
INFO: [XFORM 203-101] Partitioning array 'a_buff' (mm_mult.cc:11) in dimension 1 with a block factor 2.
INFO: [XFORM 203-101] Partitioning array 'b_buff' (mm_mult.cc:12) in dimension 1 with a block factor 2.
INFO: [XFORM 203-101] Partitioning array 'c_buff' (mm_mult.cc:13) in dimension 1 with a block factor 2.
INFO: [XFORM 203-101] Partitioning array 'a' (mm_mult.cc:7) in dimension 1 with a block factor 2.
INFO: [XFORM 203-101] Partitioning array 'b' (mm_mult.cc:8) in dimension 1 with a block factor 2.
INFO: [XFORM 203-101] Partitioning array 'c' (mm_mult.cc:9) in dimension 1 with a block factor 2.
INFO: [XFORM 203-102] Partitioning array 'a_buff.0' (mm_mult.cc:11) in dimension 2 automatically.
INFO: [XFORM 203-102] Partitioning array 'a_buff.1' (mm_mult.cc:11) in dimension 2 automatically.
INFO: [XFORM 203-401] Performing if-conversion on hyperblock from (mm_mult.cc:25:32) to (mm_mult.cc:28:13) in function 'matrix_mult'... converting 4 basic blocks.
INFO: [XFORM 203-401] Performing if-conversion on hyperblock from (mm_mult.cc:28:13) to (mm_mult.cc:28:13) in function 'matrix_mult'... converting 4 basic blocks.
INFO: [XFORM 203-401] Performing if-conversion on hyperblock from (mm_mult.cc:28:13) to (mm_mult.cc:28:13) in function 'matrix_mult'... converting 4 basic blocks.
INFO: [XFORM 203-401] Performing if-conversion on hyperblock from (mm_mult.cc:28:13) to (mm_mult.cc:28:13) in function 'matrix_mult'... converting 4 basic blocks.
INFO: [XFORM 203-401] Performing if-conversion on hyperblock from (mm_mult.cc:28:13) to (mm_mult.cc:28:13) in function 'matrix_mult'... converting 4 basic blocks.
INFO: [XFORM 203-401] Performing if-conversion on hyperblock from (mm_mult.cc:28:13) to (mm_mult.cc:28:13) in function 'matrix_mult'... converting 4 basic blocks.
INFO: [XFORM 203-401] Performing if-conversion on hyperblock from (mm_mult.cc:28:13) to (mm_mult.cc:28:13) in function 'matrix_mult'... converting 4 basic blocks.
INFO: [XFORM 203-401] Performing if-conversion on hyperblock from (mm_mult.cc:28:13) to (mm_mult.cc:28:13) in function 'matrix_mult'... converting 4 basic blocks.
INFO: [XFORM 203-401] Performing if-conversion on hyperblock from (mm_mult.cc:28:13) to (mm_mult.cc:28:13) in function 'matrix_mult'... converting 4 basic blocks.
INFO: [XFORM 203-401] Performing if-conversion on hyperblock from (mm_mult.cc:28:13) to (mm_mult.cc:28:13) in function 'matrix_mult'... converting 4 basic blocks.
INFO: [XFORM 203-401] Performing if-conversion on hyperblock from (mm_mult.cc:28:13) to (mm_mult.cc:28:13) in function 'matrix_mult'... converting 4 basic blocks.
INFO: [XFORM 203-401] Performing if-conversion on hyperblock from (mm_mult.cc:28:13) to (mm_mult.cc:28:13) in function 'matrix_mult'... converting 4 basic blocks.
INFO: [XFORM 203-401] Performing if-conversion on hyperblock from (mm_mult.cc:28:13) to (mm_mult.cc:28:13) in function 'matrix_mult'... converting 4 basic blocks.
INFO: [XFORM 203-401] Performing if-conversion on hyperblock from (mm_mult.cc:28:13) to (mm_mult.cc:28:13) in function 'matrix_mult'... converting 4 basic blocks.
INFO: [XFORM 203-401] Performing if-conversion on hyperblock from (mm_mult.cc:28:13) to (mm_mult.cc:28:13) in function 'matrix_mult'... converting 4 basic blocks.
INFO: [XFORM 203-401] Performing if-conversion on hyperblock from (mm_mult.cc:28:13) to (mm_mult.cc:28:13) in function 'matrix_mult'... converting 4 basic blocks.
INFO: [XFORM 203-401] Performing if-conversion on hyperblock from (mm_mult.cc:28:13) to (mm_mult.cc:28:13) in function 'matrix_mult'... converting 4 basic blocks.
INFO: [XFORM 203-401] Performing if-conversion on hyperblock from (mm_mult.cc:28:13) to (mm_mult.cc:28:13) in function 'matrix_mult'... converting 4 basic blocks.
INFO: [XFORM 203-401] Performing if-conversion on hyperblock from (mm_mult.cc:28:13) to (mm_mult.cc:28:13) in function 'matrix_mult'... converting 4 basic blocks.
INFO: [XFORM 203-401] Performing if-conversion on hyperblock from (mm_mult.cc:28:13) to (mm_mult.cc:28:13) in function 'matrix_mult'... converting 4 basic blocks.
INFO: [XFORM 203-401] Performing if-conversion on hyperblock from (mm_mult.cc:32:35) to (mm_mult.cc:35:13) in function 'matrix_mult'... converting 4 basic blocks.
INFO: [XFORM 203-401] Performing if-conversion on hyperblock from (mm_mult.cc:35:13) to (mm_mult.cc:35:13) in function 'matrix_mult'... converting 4 basic blocks.
INFO: [XFORM 203-401] Performing if-conversion on hyperblock from (mm_mult.cc:35:13) to (mm_mult.cc:35:13) in function 'matrix_mult'... converting 4 basic blocks.
INFO: [XFORM 203-401] Performing if-conversion on hyperblock from (mm_mult.cc:35:13) to (mm_mult.cc:35:13) in function 'matrix_mult'... converting 4 basic blocks.
INFO: [XFORM 203-401] Performing if-conversion on hyperblock from (mm_mult.cc:35:13) to (mm_mult.cc:35:13) in function 'matrix_mult'... converting 4 basic blocks.
INFO: [XFORM 203-401] Performing if-conversion on hyperblock from (mm_mult.cc:35:13) to (mm_mult.cc:35:13) in function 'matrix_mult'... converting 4 basic blocks.
INFO: [XFORM 203-401] Performing if-conversion on hyperblock from (mm_mult.cc:35:13) to (mm_mult.cc:35:13) in function 'matrix_mult'... converting 4 basic blocks.
INFO: [XFORM 203-401] Performing if-conversion on hyperblock from (mm_mult.cc:35:13) to (mm_mult.cc:35:13) in function 'matrix_mult'... converting 4 basic blocks.
INFO: [XFORM 203-401] Performing if-conversion on hyperblock from (mm_mult.cc:35:13) to (mm_mult.cc:35:13) in function 'matrix_mult'... converting 4 basic blocks.
INFO: [XFORM 203-401] Performing if-conversion on hyperblock from (mm_mult.cc:35:13) to (mm_mult.cc:35:13) in function 'matrix_mult'... converting 4 basic blocks.
INFO: [XFORM 203-401] Performing if-conversion on hyperblock from (mm_mult.cc:35:13) to (mm_mult.cc:35:13) in function 'matrix_mult'... converting 4 basic blocks.
INFO: [XFORM 203-401] Performing if-conversion on hyperblock from (mm_mult.cc:35:13) to (mm_mult.cc:35:13) in function 'matrix_mult'... converting 4 basic blocks.
INFO: [XFORM 203-401] Performing if-conversion on hyperblock from (mm_mult.cc:35:13) to (mm_mult.cc:35:13) in function 'matrix_mult'... converting 4 basic blocks.
INFO: [XFORM 203-401] Performing if-conversion on hyperblock from (mm_mult.cc:35:13) to (mm_mult.cc:35:13) in function 'matrix_mult'... converting 4 basic blocks.
INFO: [XFORM 203-401] Performing if-conversion on hyperblock from (mm_mult.cc:35:13) to (mm_mult.cc:35:13) in function 'matrix_mult'... converting 4 basic blocks.
INFO: [XFORM 203-401] Performing if-conversion on hyperblock from (mm_mult.cc:35:13) to (mm_mult.cc:35:13) in function 'matrix_mult'... converting 4 basic blocks.
INFO: [XFORM 203-401] Performing if-conversion on hyperblock from (mm_mult.cc:35:13) to (mm_mult.cc:35:13) in function 'matrix_mult'... converting 4 basic blocks.
INFO: [XFORM 203-401] Performing if-conversion on hyperblock from (mm_mult.cc:35:13) to (mm_mult.cc:35:13) in function 'matrix_mult'... converting 4 basic blocks.
INFO: [XFORM 203-401] Performing if-conversion on hyperblock from (mm_mult.cc:35:13) to (mm_mult.cc:35:13) in function 'matrix_mult'... converting 4 basic blocks.
INFO: [XFORM 203-401] Performing if-conversion on hyperblock from (mm_mult.cc:35:13) to (mm_mult.cc:35:13) in function 'matrix_mult'... converting 4 basic blocks.
INFO: [XFORM 203-401] Performing if-conversion on hyperblock from (mm_mult.cc:53:35) to (mm_mult.cc:56:13) in function 'matrix_mult'... converting 4 basic blocks.
INFO: [XFORM 203-401] Performing if-conversion on hyperblock from (mm_mult.cc:56:13) to (mm_mult.cc:56:13) in function 'matrix_mult'... converting 4 basic blocks.
INFO: [XFORM 203-401] Performing if-conversion on hyperblock from (mm_mult.cc:56:13) to (mm_mult.cc:56:13) in function 'matrix_mult'... converting 4 basic blocks.
INFO: [XFORM 203-401] Performing if-conversion on hyperblock from (mm_mult.cc:56:13) to (mm_mult.cc:56:13) in function 'matrix_mult'... converting 4 basic blocks.
INFO: [XFORM 203-401] Performing if-conversion on hyperblock from (mm_mult.cc:56:13) to (mm_mult.cc:56:13) in function 'matrix_mult'... converting 4 basic blocks.
INFO: [XFORM 203-401] Performing if-conversion on hyperblock from (mm_mult.cc:56:13) to (mm_mult.cc:56:13) in function 'matrix_mult'... converting 4 basic blocks.
INFO: [XFORM 203-401] Performing if-conversion on hyperblock from (mm_mult.cc:56:13) to (mm_mult.cc:56:13) in function 'matrix_mult'... converting 4 basic blocks.
INFO: [XFORM 203-401] Performing if-conversion on hyperblock from (mm_mult.cc:56:13) to (mm_mult.cc:56:13) in function 'matrix_mult'... converting 4 basic blocks.
INFO: [XFORM 203-401] Performing if-conversion on hyperblock from (mm_mult.cc:56:13) to (mm_mult.cc:56:13) in function 'matrix_mult'... converting 4 basic blocks.
INFO: [XFORM 203-401] Performing if-conversion on hyperblock from (mm_mult.cc:56:13) to (mm_mult.cc:56:13) in function 'matrix_mult'... converting 4 basic blocks.
INFO: [XFORM 203-401] Performing if-conversion on hyperblock from (mm_mult.cc:56:13) to (mm_mult.cc:56:13) in function 'matrix_mult'... converting 4 basic blocks.
INFO: [XFORM 203-401] Performing if-conversion on hyperblock from (mm_mult.cc:56:13) to (mm_mult.cc:56:13) in function 'matrix_mult'... converting 4 basic blocks.
INFO: [XFORM 203-401] Performing if-conversion on hyperblock from (mm_mult.cc:56:13) to (mm_mult.cc:56:13) in function 'matrix_mult'... converting 4 basic blocks.
INFO: [XFORM 203-401] Performing if-conversion on hyperblock from (mm_mult.cc:56:13) to (mm_mult.cc:56:13) in function 'matrix_mult'... converting 4 basic blocks.
INFO: [XFORM 203-401] Performing if-conversion on hyperblock from (mm_mult.cc:56:13) to (mm_mult.cc:56:13) in function 'matrix_mult'... converting 4 basic blocks.
INFO: [XFORM 203-401] Performing if-conversion on hyperblock from (mm_mult.cc:56:13) to (mm_mult.cc:56:13) in function 'matrix_mult'... converting 4 basic blocks.
INFO: [XFORM 203-401] Performing if-conversion on hyperblock from (mm_mult.cc:56:13) to (mm_mult.cc:56:13) in function 'matrix_mult'... converting 4 basic blocks.
INFO: [XFORM 203-401] Performing if-conversion on hyperblock from (mm_mult.cc:56:13) to (mm_mult.cc:56:13) in function 'matrix_mult'... converting 4 basic blocks.
INFO: [XFORM 203-401] Performing if-conversion on hyperblock from (mm_mult.cc:56:13) to (mm_mult.cc:56:13) in function 'matrix_mult'... converting 4 basic blocks.
INFO: [XFORM 203-401] Performing if-conversion on hyperblock from (mm_mult.cc:56:13) to (mm_mult.cc:56:13) in function 'matrix_mult'... converting 4 basic blocks.
INFO: [XFORM 203-11] Balancing expressions in function 'matrix_mult' (mm_mult.cc:7)...37 expression(s) balanced.
INFO: [HLS 200-111] Finished Pre-synthesis Time (s): cpu = 00:00:12 ; elapsed = 00:00:17 . Memory (MB): peak = 1169.711 ; gain = 527.219 ; free physical = 4006 ; free virtual = 28888
INFO: [XFORM 203-541] Flattening a loop nest 'Loop-3' (mm_mult.cc:40:19) in function 'matrix_mult'.
INFO: [HLS 200-472] Inferring partial write operation for 'a_buff[0][19]' (mm_mult.cc:28:13)
INFO: [HLS 200-472] Inferring partial write operation for 'b_buff[0]' (mm_mult.cc:35:13)
INFO: [HLS 200-472] Inferring partial write operation for 'c_buff[0]' (mm_mult.cc:47:17)
INFO: [HLS 200-111] Finished Architecture Synthesis Time (s): cpu = 00:00:13 ; elapsed = 00:00:18 . Memory (MB): peak = 1169.711 ; gain = 527.219 ; free physical = 4007 ; free virtual = 28890
INFO: [HLS 200-10] Starting hardware synthesis ...
INFO: [HLS 200-10] Synthesizing 'matrix_mult' ...
INFO: [HLS 200-10] ----------------------------------------------------------------
INFO: [HLS 200-42] -- Implementing module 'matrix_mult' 
INFO: [HLS 200-10] ----------------------------------------------------------------
INFO: [SCHED 204-11] Starting scheduling ...
INFO: [SCHED 204-61] Pipelining loop 'Loop 1'.
WARNING: [SCHED 204-69] Unable to schedule 'load' operation ('a_0_load_2', mm_mult.cc:28) on array 'a_0' due to limited memory ports. Please consider using a memory core with more ports or partitioning the array 'a_0'.
INFO: [SCHED 204-61] Pipelining result : Target II = 1, Final II = 10, Depth = 23.
INFO: [SCHED 204-61] Pipelining loop 'Loop 2'.
WARNING: [SCHED 204-69] Unable to schedule 'load' operation ('b_0_load_2', mm_mult.cc:35) on array 'b_0' due to limited memory ports. Please consider using a memory core with more ports or partitioning the array 'b_0'.
INFO: [SCHED 204-61] Pipelining result : Target II = 1, Final II = 10, Depth = 23.
INFO: [SCHED 204-61] Pipelining loop 'Loop 3'.
WARNING: [SCHED 204-69] Unable to schedule 'load' operation ('b_buff_1_load_7', mm_mult.cc:47) on array 'b_buff[1]', mm_mult.cc:12 due to limited memory ports. Please consider using a memory core with more ports or partitioning the array 'b_buff_1'.
WARNING: [SCHED 204-69] Unable to schedule 'load' operation ('b_buff_0_load_4', mm_mult.cc:47) on array 'b_buff[0]', mm_mult.cc:12 due to limited memory ports. Please consider using a memory core with more ports or partitioning the array 'b_buff_0'.
INFO: [SCHED 204-61] Pipelining result : Target II = 1, Final II = 5, Depth = 18.
INFO: [SCHED 204-61] Pipelining loop 'Loop 4'.
WARNING: [SCHED 204-68] The II Violation in module 'matrix_mult' (Loop: Loop 4): Unable to enforce a carried dependence constraint (II = 1, distance = 1, offset = 1)
   between 'store' operation ('c_0_addr_1_write_ln56', mm_mult.cc:56) of variable 'select_ln56_1', mm_mult.cc:56 on array 'c_0' and 'store' operation ('c_0_addr_write_ln56', mm_mult.cc:56) of variable 'select_ln56', mm_mult.cc:56 on array 'c_0'.
WARNING: [SCHED 204-68] The II Violation in module 'matrix_mult' (Loop: Loop 4): Unable to enforce a carried dependence constraint (II = 2, distance = 1, offset = 1)
   between 'store' operation ('c_0_addr_2_write_ln56', mm_mult.cc:56) of variable 'select_ln56_2', mm_mult.cc:56 on array 'c_0' and 'store' operation ('c_0_addr_write_ln56', mm_mult.cc:56) of variable 'select_ln56', mm_mult.cc:56 on array 'c_0'.
WARNING: [SCHED 204-68] The II Violation in module 'matrix_mult' (Loop: Loop 4): Unable to enforce a carried dependence constraint (II = 3, distance = 1, offset = 1)
   between 'store' operation ('c_0_addr_3_write_ln56', mm_mult.cc:56) of variable 'select_ln56_3', mm_mult.cc:56 on array 'c_0' and 'store' operation ('c_0_addr_write_ln56', mm_mult.cc:56) of variable 'select_ln56', mm_mult.cc:56 on array 'c_0'.
WARNING: [SCHED 204-69] Unable to schedule 'load' operation ('c_buff_0_load_8', mm_mult.cc:56) on array 'c_buff[0]', mm_mult.cc:13 due to limited memory ports. Please consider using a memory core with more ports or partitioning the array 'c_buff_0'.
WARNING: [SCHED 204-69] Unable to schedule 'store' operation ('c_1_addr_8_write_ln56', mm_mult.cc:56) of variable 'select_ln56_8', mm_mult.cc:56 on array 'c_1' due to limited memory ports. Please consider using a memory core with more ports or partitioning the array 'c_1'.
INFO: [SCHED 204-61] Pipelining result : Target II = 1, Final II = 12, Depth = 24.
INFO: [SCHED 204-11] Finished scheduling.
INFO: [HLS 200-111]  Elapsed time: 22.24 seconds; current allocated memory: 136.282 MB.
INFO: [BIND 205-100] Starting micro-architecture generation ...
INFO: [BIND 205-101] Performing variable lifetime analysis.
INFO: [BIND 205-101] Exploring resource sharing.
INFO: [BIND 205-101] Binding ...
INFO: [BIND 205-100] Finished micro-architecture generation.
INFO: [HLS 200-111]  Elapsed time: 3.17 seconds; current allocated memory: 142.998 MB.
INFO: [HLS 200-10] ----------------------------------------------------------------
INFO: [HLS 200-10] -- Generating RTL for module 'matrix_mult' 
INFO: [HLS 200-10] ----------------------------------------------------------------
INFO: [RTGEN 206-500] Setting interface mode on port 'matrix_mult/a_0' to 'ap_memory'.
INFO: [RTGEN 206-500] Setting interface mode on port 'matrix_mult/a_1' to 'ap_memory'.
INFO: [RTGEN 206-500] Setting interface mode on port 'matrix_mult/b_0' to 'ap_memory'.
INFO: [RTGEN 206-500] Setting interface mode on port 'matrix_mult/b_1' to 'ap_memory'.
INFO: [RTGEN 206-500] Setting interface mode on port 'matrix_mult/c_0' to 'ap_memory'.
INFO: [RTGEN 206-500] Setting interface mode on port 'matrix_mult/c_1' to 'ap_memory'.
INFO: [RTGEN 206-500] Setting interface mode on function 'matrix_mult' to 'ap_ctrl_hs'.
INFO: [SYN 201-210] Renamed object name 'matrix_mult_a_buff_0_0' to 'matrix_mult_a_bufbkb' due to the length limit 20
INFO: [SYN 201-210] Renamed object name 'matrix_mult_a_buff_0_1' to 'matrix_mult_a_bufcud' due to the length limit 20
INFO: [SYN 201-210] Renamed object name 'matrix_mult_a_buff_0_2' to 'matrix_mult_a_bufdEe' due to the length limit 20
INFO: [SYN 201-210] Renamed object name 'matrix_mult_a_buff_0_3' to 'matrix_mult_a_bufeOg' due to the length limit 20
INFO: [SYN 201-210] Renamed object name 'matrix_mult_a_buff_0_4' to 'matrix_mult_a_buffYi' due to the length limit 20
INFO: [SYN 201-210] Renamed object name 'matrix_mult_a_buff_0_5' to 'matrix_mult_a_bufg8j' due to the length limit 20
INFO: [SYN 201-210] Renamed object name 'matrix_mult_a_buff_0_6' to 'matrix_mult_a_bufhbi' due to the length limit 20
INFO: [SYN 201-210] Renamed object name 'matrix_mult_a_buff_0_7' to 'matrix_mult_a_bufibs' due to the length limit 20
INFO: [SYN 201-210] Renamed object name 'matrix_mult_a_buff_0_8' to 'matrix_mult_a_bufjbC' due to the length limit 20
INFO: [SYN 201-210] Renamed object name 'matrix_mult_a_buff_0_9' to 'matrix_mult_a_bufkbM' due to the length limit 20
INFO: [SYN 201-210] Renamed object name 'matrix_mult_a_buff_0_10' to 'matrix_mult_a_buflbW' due to the length limit 20
INFO: [SYN 201-210] Renamed object name 'matrix_mult_a_buff_0_11' to 'matrix_mult_a_bufmb6' due to the length limit 20
INFO: [SYN 201-210] Renamed object name 'matrix_mult_a_buff_0_12' to 'matrix_mult_a_bufncg' due to the length limit 20
INFO: [SYN 201-210] Renamed object name 'matrix_mult_a_buff_0_13' to 'matrix_mult_a_bufocq' due to the length limit 20
INFO: [SYN 201-210] Renamed object name 'matrix_mult_a_buff_0_14' to 'matrix_mult_a_bufpcA' due to the length limit 20
INFO: [SYN 201-210] Renamed object name 'matrix_mult_a_buff_0_15' to 'matrix_mult_a_bufqcK' due to the length limit 20
INFO: [SYN 201-210] Renamed object name 'matrix_mult_a_buff_0_16' to 'matrix_mult_a_bufrcU' due to the length limit 20
INFO: [SYN 201-210] Renamed object name 'matrix_mult_a_buff_0_17' to 'matrix_mult_a_bufsc4' due to the length limit 20
INFO: [SYN 201-210] Renamed object name 'matrix_mult_a_buff_0_18' to 'matrix_mult_a_buftde' due to the length limit 20
INFO: [SYN 201-210] Renamed object name 'matrix_mult_a_buff_0_19' to 'matrix_mult_a_bufudo' due to the length limit 20
INFO: [SYN 201-210] Renamed object name 'matrix_mult_a_buff_1_0' to 'matrix_mult_a_bufvdy' due to the length limit 20
INFO: [SYN 201-210] Renamed object name 'matrix_mult_a_buff_1_1' to 'matrix_mult_a_bufwdI' due to the length limit 20
INFO: [SYN 201-210] Renamed object name 'matrix_mult_a_buff_1_2' to 'matrix_mult_a_bufxdS' due to the length limit 20
INFO: [SYN 201-210] Renamed object name 'matrix_mult_a_buff_1_3' to 'matrix_mult_a_bufyd2' due to the length limit 20
INFO: [SYN 201-210] Renamed object name 'matrix_mult_a_buff_1_4' to 'matrix_mult_a_bufzec' due to the length limit 20
INFO: [SYN 201-210] Renamed object name 'matrix_mult_a_buff_1_5' to 'matrix_mult_a_bufAem' due to the length limit 20
INFO: [SYN 201-210] Renamed object name 'matrix_mult_a_buff_1_6' to 'matrix_mult_a_bufBew' due to the length limit 20
INFO: [SYN 201-210] Renamed object name 'matrix_mult_a_buff_1_7' to 'matrix_mult_a_bufCeG' due to the length limit 20
INFO: [SYN 201-210] Renamed object name 'matrix_mult_a_buff_1_8' to 'matrix_mult_a_bufDeQ' due to the length limit 20
INFO: [SYN 201-210] Renamed object name 'matrix_mult_a_buff_1_9' to 'matrix_mult_a_bufEe0' due to the length limit 20
INFO: [SYN 201-210] Renamed object name 'matrix_mult_a_buff_1_10' to 'matrix_mult_a_bufFfa' due to the length limit 20
INFO: [SYN 201-210] Renamed object name 'matrix_mult_a_buff_1_11' to 'matrix_mult_a_bufGfk' due to the length limit 20
INFO: [SYN 201-210] Renamed object name 'matrix_mult_a_buff_1_12' to 'matrix_mult_a_bufHfu' due to the length limit 20
INFO: [SYN 201-210] Renamed object name 'matrix_mult_a_buff_1_13' to 'matrix_mult_a_bufIfE' due to the length limit 20
INFO: [SYN 201-210] Renamed object name 'matrix_mult_a_buff_1_14' to 'matrix_mult_a_bufJfO' due to the length limit 20
INFO: [SYN 201-210] Renamed object name 'matrix_mult_a_buff_1_15' to 'matrix_mult_a_bufKfY' due to the length limit 20
INFO: [SYN 201-210] Renamed object name 'matrix_mult_a_buff_1_16' to 'matrix_mult_a_bufLf8' due to the length limit 20
INFO: [SYN 201-210] Renamed object name 'matrix_mult_a_buff_1_17' to 'matrix_mult_a_bufMgi' due to the length limit 20
INFO: [SYN 201-210] Renamed object name 'matrix_mult_a_buff_1_18' to 'matrix_mult_a_bufNgs' due to the length limit 20
INFO: [SYN 201-210] Renamed object name 'matrix_mult_a_buff_1_19' to 'matrix_mult_a_bufOgC' due to the length limit 20
INFO: [SYN 201-210] Renamed object name 'matrix_mult_b_buff_0' to 'matrix_mult_b_bufPgM' due to the length limit 20
INFO: [SYN 201-210] Renamed object name 'matrix_mult_b_buff_1' to 'matrix_mult_b_bufQgW' due to the length limit 20
INFO: [SYN 201-210] Renamed object name 'matrix_mult_c_buff_0' to 'matrix_mult_c_bufRg6' due to the length limit 20
INFO: [SYN 201-210] Renamed object name 'matrix_mult_c_buff_1' to 'matrix_mult_c_bufShg' due to the length limit 20
INFO: [SYN 201-210] Renamed object name 'matrix_mult_urem_9ns_9ns_9_13_1' to 'matrix_mult_urem_Thq' due to the length limit 20
INFO: [SYN 201-210] Renamed object name 'matrix_mult_urem_5ns_5ns_5_9_1' to 'matrix_mult_urem_UhA' due to the length limit 20
INFO: [RTGEN 206-100] Generating core module 'matrix_mult_urem_Thq': 60 instance(s).
INFO: [RTGEN 206-100] Generating core module 'matrix_mult_urem_UhA': 2 instance(s).
INFO: [RTGEN 206-100] Finished creating RTL model for 'matrix_mult'.
INFO: [HLS 200-111]  Elapsed time: 4.43 seconds; current allocated memory: 152.879 MB.
INFO: [HLS 200-790] **** Loop Constraint Status: All loop constraints were NOT satisfied.
INFO: [HLS 200-789] **** Estimated Fmax: 114.39 MHz
INFO: [RTMG 210-282] Generating pipelined core: 'matrix_mult_urem_Thq_div'
INFO: [RTMG 210-282] Generating pipelined core: 'matrix_mult_urem_UhA_div'
INFO: [RTMG 210-278] Implementing memory 'matrix_mult_a_bufbkb_ram (RAM)' using distributed RAMs.
INFO: [RTMG 210-278] Implementing memory 'matrix_mult_b_bufPgM_ram (RAM)' using block RAMs.
