
****** Vivado(TM) HLS - High-Level Synthesis from C, C++ and SystemC v2019.2.1 (64-bit)
  **** SW Build 2729669 on Thu Dec  5 04:48:12 MST 2019
  **** IP Build 2729494 on Thu Dec  5 07:38:25 MST 2019
    ** Copyright 1986-2019 Xilinx, Inc. All Rights Reserved.

source /opt/xilinx/Xilinx_Vivado_vitis_2019.2/Vivado/2019.2/scripts/vivado_hls/hls.tcl -notrace
INFO: Applying HLS Y2K22 patch v1.2 for IP revision
INFO: [HLS 200-10] Running '/opt/xilinx/Xilinx_Vivado_vitis_2019.2/Vivado/2019.2/bin/unwrapped/lnx64.o/vivado_hls'
INFO: [HLS 200-10] For user 'yz2797' on host 'en-ec-ecelinux-07.coecis.cornell.edu' (Linux_x86_64 version 3.10.0-1160.92.1.el7.x86_64) on Fri Nov 24 23:12:35 EST 2023
INFO: [HLS 200-10] On os "CentOS Linux release 7.9.2009 (Core)"
INFO: [HLS 200-10] In directory '/home/yz2797/ECE-6775-Final/hls_no_optimization'
Sourcing Tcl script 'run.tcl'
INFO: [HLS 200-10] Creating and opening project '/home/yz2797/ECE-6775-Final/hls_no_optimization/mm.prj'.
INFO: [HLS 200-10] Adding design file 'mm_mult.cc' to the project
INFO: [HLS 200-10] Adding test bench file 'mm_mult_test.cc' to the project
INFO: [HLS 200-10] Creating and opening solution '/home/yz2797/ECE-6775-Final/hls_no_optimization/mm.prj/solution1'.
INFO: [HLS 200-10] Cleaning up the solution database.
INFO: [HLS 200-10] Setting target device to 'xc7z020-clg484-1'
INFO: [SYN 201-201] Setting up clock 'default' with a period of 10ns.
INFO: [SIM 211-2] *************** CSIM start ***************
INFO: [SIM 211-4] CSIM will launch GCC as the compiler.
   Compiling ../../../../mm_mult_test.cc in release mode
   Compiling ../../../../mm_mult.cc in release mode
   Generating csim.exe
Test successful
INFO: [SIM 211-1] CSim done with 0 errors.
INFO: [SIM 211-3] *************** CSIM finish ***************
INFO: [SCHED 204-61] Option 'relax_ii_for_timing' is enabled, will increase II to preserve clock frequency constraints.
INFO: [HLS 200-10] Analyzing design file 'mm_mult.cc' ... 
INFO: [HLS 200-111] Finished Linking Time (s): cpu = 00:00:10 ; elapsed = 00:00:14 . Memory (MB): peak = 1169.711 ; gain = 527.219 ; free physical = 3841 ; free virtual = 24514
INFO: [HLS 200-111] Finished Checking Pragmas Time (s): cpu = 00:00:10 ; elapsed = 00:00:14 . Memory (MB): peak = 1169.711 ; gain = 527.219 ; free physical = 3841 ; free virtual = 24514
INFO: [HLS 200-10] Starting code transformations ...
INFO: [HLS 200-111] Finished Standard Transforms Time (s): cpu = 00:00:11 ; elapsed = 00:00:15 . Memory (MB): peak = 1169.711 ; gain = 527.219 ; free physical = 3843 ; free virtual = 24515
INFO: [HLS 200-10] Checking synthesizability ...
INFO: [HLS 200-111] Finished Checking Synthesizability Time (s): cpu = 00:00:11 ; elapsed = 00:00:15 . Memory (MB): peak = 1169.711 ; gain = 527.219 ; free physical = 3849 ; free virtual = 24521
INFO: [HLS 200-111] Finished Pre-synthesis Time (s): cpu = 00:00:11 ; elapsed = 00:00:15 . Memory (MB): peak = 1169.711 ; gain = 527.219 ; free physical = 3830 ; free virtual = 24503
INFO: [HLS 200-472] Inferring partial write operation for 'a_buff' (mm_mult.cc:18:13)
INFO: [HLS 200-472] Inferring partial write operation for 'b_buff' (mm_mult.cc:24:13)
INFO: [HLS 200-472] Inferring partial write operation for 'c_buff' (mm_mult.cc:35:13)
INFO: [HLS 200-111] Finished Architecture Synthesis Time (s): cpu = 00:00:11 ; elapsed = 00:00:16 . Memory (MB): peak = 1172.680 ; gain = 530.188 ; free physical = 3829 ; free virtual = 24501
INFO: [HLS 200-10] Starting hardware synthesis ...
INFO: [HLS 200-10] Synthesizing 'matrix_mult' ...
INFO: [HLS 200-10] ----------------------------------------------------------------
INFO: [HLS 200-42] -- Implementing module 'matrix_mult' 
INFO: [HLS 200-10] ----------------------------------------------------------------
INFO: [SCHED 204-11] Starting scheduling ...
INFO: [SCHED 204-11] Finished scheduling.
INFO: [HLS 200-111]  Elapsed time: 15.85 seconds; current allocated memory: 115.352 MB.
INFO: [BIND 205-100] Starting micro-architecture generation ...
INFO: [BIND 205-101] Performing variable lifetime analysis.
INFO: [BIND 205-101] Exploring resource sharing.
INFO: [BIND 205-101] Binding ...
INFO: [BIND 205-100] Finished micro-architecture generation.
INFO: [HLS 200-111]  Elapsed time: 0.16 seconds; current allocated memory: 115.922 MB.
INFO: [HLS 200-10] ----------------------------------------------------------------
INFO: [HLS 200-10] -- Generating RTL for module 'matrix_mult' 
INFO: [HLS 200-10] ----------------------------------------------------------------
INFO: [RTGEN 206-500] Setting interface mode on port 'matrix_mult/a' to 'ap_memory'.
INFO: [RTGEN 206-500] Setting interface mode on port 'matrix_mult/b' to 'ap_memory'.
INFO: [RTGEN 206-500] Setting interface mode on port 'matrix_mult/c' to 'ap_memory'.
INFO: [RTGEN 206-500] Setting interface mode on function 'matrix_mult' to 'ap_ctrl_hs'.
INFO: [RTGEN 206-100] Finished creating RTL model for 'matrix_mult'.
INFO: [HLS 200-111]  Elapsed time: 0.25 seconds; current allocated memory: 116.830 MB.
INFO: [HLS 200-790] **** Loop Constraint Status: All loop constraints were satisfied.
INFO: [HLS 200-789] **** Estimated Fmax: 117.51 MHz
INFO: [RTMG 210-278] Implementing memory 'matrix_mult_a_buff_ram (RAM)' using block RAMs.
INFO: [HLS 200-111] Finished generating all RTL models Time (s): cpu = 00:00:13 ; elapsed = 00:00:19 . Memory (MB): peak = 1175.648 ; gain = 533.156 ; free physical = 3815 ; free virtual = 24490
INFO: [VHDL 208-304] Generating VHDL RTL for matrix_mult.
INFO: [VLOG 209-307] Generating Verilog RTL for matrix_mult.
INFO: [HLS 200-112] Total elapsed time: 18.56 seconds; peak allocated memory: 116.830 MB.
INFO: [Common 17-206] Exiting vivado_hls at Fri Nov 24 23:12:53 2023...
