INFO-FLOW: Workspace /home/ks977/ECE-6775-Final/row-wise_product/mm.prj/solution1 opened at Tue Nov 21 02:17:17 EST 2023
Execute     set_part xc7z020clg484-1 
Execute       ap_part_info -name xc7z020clg484-1 -data single -quiet 
Command       ap_part_info done; 4.33 sec.
Execute       ap_part_info -name xc7z020clg484-1 -data info 
Execute       add_library xilinx/zynq/zynq:xc7z020:-clg484:-1 
Execute         get_default_platform 
Execute         open_platform DefaultPlatform 
Execute         import_lib /opt/xilinx/Xilinx_Vivado_vitis_2019.2/Vivado/2019.2/common/technology/xilinx/zynq/zynq 
Execute           source /opt/xilinx/Xilinx_Vivado_vitis_2019.2/Vivado/2019.2/common/technology/xilinx/common/xilinx.lib 
Execute             source /opt/xilinx/Xilinx_Vivado_vitis_2019.2/Vivado/2019.2/common/technology/xilinx/interface/xilinx_interface.lib 
Execute               source /opt/xilinx/Xilinx_Vivado_vitis_2019.2/Vivado/2019.2/common/technology/xilinx/interface/plb46.lib 
Execute               source /opt/xilinx/Xilinx_Vivado_vitis_2019.2/Vivado/2019.2/common/technology/xilinx/interface/fsl.lib 
Execute               source /opt/xilinx/Xilinx_Vivado_vitis_2019.2/Vivado/2019.2/common/technology/xilinx/interface/axi4.lib 
Execute               source /opt/xilinx/Xilinx_Vivado_vitis_2019.2/Vivado/2019.2/common/technology/xilinx/interface/maxi.lib 
Execute               source /opt/xilinx/Xilinx_Vivado_vitis_2019.2/Vivado/2019.2/common/technology/xilinx/interface/saxilite.lib 
Execute             source /opt/xilinx/Xilinx_Vivado_vitis_2019.2/Vivado/2019.2/common/technology/xilinx/common/dsp48.lib 
Execute             source /opt/xilinx/Xilinx_Vivado_vitis_2019.2/Vivado/2019.2/common/technology/xilinx/ip/dds_compiler.lib 
Execute             source /opt/xilinx/Xilinx_Vivado_vitis_2019.2/Vivado/2019.2/common/technology/xilinx/ip/xfft.lib 
Execute             source /opt/xilinx/Xilinx_Vivado_vitis_2019.2/Vivado/2019.2/common/technology/xilinx/ip/xfir.lib 
Execute           source /opt/xilinx/Xilinx_Vivado_vitis_2019.2/Vivado/2019.2/common/technology/xilinx/common/xilinx.hlp 
Execute             source /opt/xilinx/Xilinx_Vivado_vitis_2019.2/Vivado/2019.2/common/technology/xilinx/common/target_info.tcl 
Execute             source /opt/xilinx/Xilinx_Vivado_vitis_2019.2/Vivado/2019.2/common/technology/xilinx/interface/xilinx_interface.hlp 
Execute               source /opt/xilinx/Xilinx_Vivado_vitis_2019.2/Vivado/2019.2/common/technology/xilinx/interface/maxi.hlp 
Execute               source /opt/xilinx/Xilinx_Vivado_vitis_2019.2/Vivado/2019.2/common/technology/xilinx/interface/saxilite.hlp 
Execute             source /opt/xilinx/Xilinx_Vivado_vitis_2019.2/Vivado/2019.2/common/technology/xilinx/common/dsp48.hlp 
Execute           source /opt/xilinx/Xilinx_Vivado_vitis_2019.2/Vivado/2019.2/common/technology/xilinx/zynq/dsp48e1.hlp 
Execute           source /opt/xilinx/Xilinx_Vivado_vitis_2019.2/Vivado/2019.2/common/technology/xilinx/common/xilinx.hlp 
Execute             source /opt/xilinx/Xilinx_Vivado_vitis_2019.2/Vivado/2019.2/common/technology/xilinx/common/target_info.tcl 
Execute             source /opt/xilinx/Xilinx_Vivado_vitis_2019.2/Vivado/2019.2/common/technology/xilinx/interface/xilinx_interface.hlp 
Execute               source /opt/xilinx/Xilinx_Vivado_vitis_2019.2/Vivado/2019.2/common/technology/xilinx/interface/maxi.hlp 
Execute               source /opt/xilinx/Xilinx_Vivado_vitis_2019.2/Vivado/2019.2/common/technology/xilinx/interface/saxilite.hlp 
Execute             source /opt/xilinx/Xilinx_Vivado_vitis_2019.2/Vivado/2019.2/common/technology/xilinx/common/dsp48.hlp 
Execute         source /opt/xilinx/Xilinx_Vivado_vitis_2019.2/Vivado/2019.2/common/technology/xilinx/zynq/zynq.gen 
Execute           source /opt/xilinx/Xilinx_Vivado_vitis_2019.2/Vivado/2019.2/common/technology/xilinx/common/xilinx.gen 
Execute             source /opt/xilinx/Xilinx_Vivado_vitis_2019.2/Vivado/2019.2/common/technology/xilinx/interface/plb46.gen 
Execute             source /opt/xilinx/Xilinx_Vivado_vitis_2019.2/Vivado/2019.2/common/technology/xilinx/interface/fsl.gen 
Execute             source /opt/xilinx/Xilinx_Vivado_vitis_2019.2/Vivado/2019.2/common/technology/xilinx/interface/axi4.gen 
Execute             source /opt/xilinx/Xilinx_Vivado_vitis_2019.2/Vivado/2019.2/common/technology/xilinx/interface/nativeAXI4.gen 
Execute               source /opt/xilinx/Xilinx_Vivado_vitis_2019.2/Vivado/2019.2/common/technology/xilinx/interface/saxilite.gen 
Execute               source /opt/xilinx/Xilinx_Vivado_vitis_2019.2/Vivado/2019.2/common/technology/xilinx/interface/maxi.gen 
Execute             source /opt/xilinx/Xilinx_Vivado_vitis_2019.2/Vivado/2019.2/common/technology/xilinx/scripts/xilinxcoregen.gen 
Execute             source /opt/xilinx/Xilinx_Vivado_vitis_2019.2/Vivado/2019.2/common/technology/xilinx/interface/XilEDKCoreGen.gen 
Execute             source /opt/xilinx/Xilinx_Vivado_vitis_2019.2/Vivado/2019.2/common/technology/xilinx/ip/dds_compiler.gen 
Execute             source /opt/xilinx/Xilinx_Vivado_vitis_2019.2/Vivado/2019.2/common/technology/xilinx/ip/util.gen 
Execute             source /opt/xilinx/Xilinx_Vivado_vitis_2019.2/Vivado/2019.2/common/technology/xilinx/ip/xfft.gen 
Execute             source /opt/xilinx/Xilinx_Vivado_vitis_2019.2/Vivado/2019.2/common/technology/xilinx/ip/xfir.gen 
Execute             source /opt/xilinx/Xilinx_Vivado_vitis_2019.2/Vivado/2019.2/common/technology/xilinx/common/dsp48.gen 
Command           ap_source done; 0.15 sec.
Command         ap_source done; 0.15 sec.
Execute         ap_part_info -data single -name xc7z020-clg484-1 
Execute         ap_part_info -name xc7z020-clg484-1 -data resources 
Execute         ap_part_info -name xc7z020-clg484-1 -data info 
Execute         ap_part_info -name xc7z020-clg484-1 -data info 
Execute         config_chip_info -quiet -resource {SLICE 13300} {LUT 53200} {FF 106400} {DSP48E 220} {BRAM 280} {URAM 0} 
Execute         ap_part_info -name xc7z020-clg484-1 -data info 
Execute         config_chip_info -quiet -speed slow 
Command       add_library done; 0.29 sec.
Execute       add_library xilinx/zynq/zynq_fpv6 
Execute         get_default_platform 
Execute         open_platform DefaultPlatform 
Execute         import_lib /opt/xilinx/Xilinx_Vivado_vitis_2019.2/Vivado/2019.2/common/technology/xilinx/zynq/zynq_fpv6 
Execute           source /opt/xilinx/Xilinx_Vivado_vitis_2019.2/Vivado/2019.2/common/technology/xilinx/common/xilinx_fp.lib 
Execute           source /opt/xilinx/Xilinx_Vivado_vitis_2019.2/Vivado/2019.2/common/technology/xilinx/common/xilinx_fp.hlp 
Execute             source /opt/xilinx/Xilinx_Vivado_vitis_2019.2/Vivado/2019.2/common/technology/xilinx/common/xilinx.hlp 
Execute               source /opt/xilinx/Xilinx_Vivado_vitis_2019.2/Vivado/2019.2/common/technology/xilinx/common/target_info.tcl 
Execute               source /opt/xilinx/Xilinx_Vivado_vitis_2019.2/Vivado/2019.2/common/technology/xilinx/interface/xilinx_interface.hlp 
Execute                 source /opt/xilinx/Xilinx_Vivado_vitis_2019.2/Vivado/2019.2/common/technology/xilinx/interface/maxi.hlp 
Execute                 source /opt/xilinx/Xilinx_Vivado_vitis_2019.2/Vivado/2019.2/common/technology/xilinx/interface/saxilite.hlp 
Execute               source /opt/xilinx/Xilinx_Vivado_vitis_2019.2/Vivado/2019.2/common/technology/xilinx/common/dsp48.hlp 
Execute         source /opt/xilinx/Xilinx_Vivado_vitis_2019.2/Vivado/2019.2/common/technology/xilinx/zynq/zynq_fpv6.gen 
Execute           source /opt/xilinx/Xilinx_Vivado_vitis_2019.2/Vivado/2019.2/common/technology/xilinx/common/xilinx_fp.gen 
INFO: [HLS 200-10] Setting target device to 'xc7z020-clg484-1'
Execute       ap_part_info -name xc7z020-clg484-1 -data info 
Execute       get_default_platform 
Command     set_part done; 4.76 sec.
Execute     create_clock -period 10 
Execute       config_clock -quiet -name default -period 10 -default=false 
INFO: [SYN 201-201] Setting up clock 'default' with a period of 10ns.
Execute     csim_design -O 
INFO: [SIM 211-2] *************** CSIM start ***************
INFO: [SIM 211-4] CSIM will launch GCC as the compiler.
Execute       is_encrypted /home/ks977/ECE-6775-Final/row-wise_product/mm_mult_test.cc 
Execute       is_xip /home/ks977/ECE-6775-Final/row-wise_product/mm_mult_test.cc 
Execute       is_encrypted /home/ks977/ECE-6775-Final/row-wise_product/mm_mult.cc 
Execute       is_xip /home/ks977/ECE-6775-Final/row-wise_product/mm_mult.cc 
Execute       ap_part_info -name xc7z020-clg484-1 -data info 
Execute       source run_sim.tcl 
INFO: [SIM 211-1] CSim done with 0 errors.
INFO: [SIM 211-3] *************** CSIM finish ***************
Command     csim_design done; 1.16 sec.
Execute     csynth_design 
Execute       get_config_compile -dump_cfg 
Execute       get_config_compile -effort 
Execute       get_config_compile -enable_clang39 
Execute       get_config_compile -g 
Execute       get_config_compile -ng 
Execute       get_config_compile -opt_fp 
Execute       get_config_compile -skip_cdt 
Execute       get_config_compile -skip_syncheck 
Execute       get_config_compile -skip_transform 
Execute       get_config_compile -keep_printf 
Execute       elaborate -effort=medium -skip_syncheck=0 -keep_printf=0 -skip_cdt=0 -skip_transform=0 -ng=0 -g=0 -opt_fp=0 -from_csynth_design=1 
Execute         get_config_schedule -relax_ii_for_timing 
INFO: [SCHED 204-61] Option 'relax_ii_for_timing' is enabled, will increase II to preserve clock frequency constraints.
Execute         get_config_schedule -suppress_dependence_error_break 
INFO: [HLS 200-10] Analyzing design file 'mm_mult.cc' ... 
INFO-FLOW: Compiling one TU...
Execute         is_m_axi_addr64 
INFO-FLOW: Handling mm_mult.cc as C++
Execute         ap_part_info -name xc7z020-clg484-1 -data info 
Execute         is_encrypted mm_mult.cc 
Execute         ap_part_info -name xc7z020-clg484-1 -data info 
INFO-FLOW: Running: GCC PP
INFO-FLOW: Source preprocessing
Execute         clang  -fno-limit-debug-info -gcc-toolchain "/opt/xilinx/Xilinx_Vivado_vitis_2019.2/Vivado/2019.2/lnx64/tools/gcc" -hls  -fno-exceptions  -D__llvm__  -E "mm_mult.cc"   -std=c++11  -fno-math-errno -c -emit-llvm -O0  -mllvm -disable-llvm-optzns -fno-threadsafe-statics  -fno-use-cxa-atexit  -fno-threadsafe-statics -fno-use-cxa-atexit -D__CLANG_3_1__ -DAESL_SYN -D__SYNTHESIS__ -D__HLS_SYN__ -I "/opt/xilinx/Xilinx_Vivado_vitis_2019.2/Vivado/2019.2/common/technology/autopilot" -I "/opt/xilinx/Xilinx_Vivado_vitis_2019.2/Vivado/2019.2/common/technology/autopilot/ap_sysc" -include etc/autopilot_ssdm_op.h -D__DSP48E1__  -o "/home/ks977/ECE-6775-Final/row-wise_product/mm.prj/solution1/.autopilot/db/mm_mult.pp.0.cc" 
INFO-FLOW: exec /opt/xilinx/Xilinx_Vivado_vitis_2019.2/Vivado/2019.2/lnx64/tools/clang/bin/clang -fno-limit-debug-info -gcc-toolchain /opt/xilinx/Xilinx_Vivado_vitis_2019.2/Vivado/2019.2/lnx64/tools/gcc -hls -fno-exceptions -D__llvm__ -E mm_mult.cc -std=c++11 -fno-math-errno -c -emit-llvm -O0 -mllvm -disable-llvm-optzns -fno-threadsafe-statics -fno-use-cxa-atexit -fno-threadsafe-statics -fno-use-cxa-atexit -D__CLANG_3_1__ -DAESL_SYN -D__SYNTHESIS__ -D__HLS_SYN__ -I /opt/xilinx/Xilinx_Vivado_vitis_2019.2/Vivado/2019.2/common/technology/autopilot -I /opt/xilinx/Xilinx_Vivado_vitis_2019.2/Vivado/2019.2/common/technology/autopilot/ap_sysc -include etc/autopilot_ssdm_op.h -D__DSP48E1__ -o /home/ks977/ECE-6775-Final/row-wise_product/mm.prj/solution1/.autopilot/db/mm_mult.pp.0.cc
Command         clang done; 1.94 sec.
Execute         tidy_31 xilinx-xfmat-array-geometry /home/ks977/ECE-6775-Final/row-wise_product/mm.prj/solution1/.autopilot/db/mm_mult.pp.0.cc std=c++11 
INFO-FLOW: exec /opt/xilinx/Xilinx_Vivado_vitis_2019.2/Vivado/2019.2/lnx64/tools/clang-3.9-csynth/bin/tidy-3.1 -header-filter=.* -checks=-*,xilinx-xfmat-array-geometry -quiet -fix /home/ks977/ECE-6775-Final/row-wise_product/mm.prj/solution1/.autopilot/db/mm_mult.pp.0.cc -- -std=c++11 -fhls -ferror-limit=0
INFO-FLOW: Syntax Checking before pre-processing...
Execute         clang -syntaxcheck -src /home/ks977/ECE-6775-Final/row-wise_product/mm.prj/solution1/.autopilot/db/mm_mult.pp.0.cc  -fno-limit-debug-info -gcc-toolchain "/opt/xilinx/Xilinx_Vivado_vitis_2019.2/Vivado/2019.2/lnx64/tools/gcc" -hls  -std=c++11  -fno-math-errno -c -emit-llvm -O0  -mllvm -disable-llvm-optzns -fno-threadsafe-statics  -fno-use-cxa-atexit  -fno-threadsafe-statics -fno-use-cxa-atexit -D__CLANG_3_1__ -DAESL_SYN -D__SYNTHESIS__ -D__HLS_SYN__ -I "/opt/xilinx/Xilinx_Vivado_vitis_2019.2/Vivado/2019.2/common/technology/autopilot" -I "/opt/xilinx/Xilinx_Vivado_vitis_2019.2/Vivado/2019.2/common/technology/autopilot/ap_sysc" -include etc/autopilot_ssdm_op.h -D__DSP48E1__  "/home/ks977/ECE-6775-Final/row-wise_product/mm.prj/solution1/.autopilot/db/mm_mult.pp.0.cc"  -o "/home/ks977/ECE-6775-Final/row-wise_product/mm.prj/solution1/.autopilot/db/useless.bc"  
INFO-FLOW: exec /opt/xilinx/Xilinx_Vivado_vitis_2019.2/Vivado/2019.2/lnx64/tools/clang/bin/clang -fno-limit-debug-info -gcc-toolchain /opt/xilinx/Xilinx_Vivado_vitis_2019.2/Vivado/2019.2/lnx64/tools/gcc -hls -std=c++11 -fno-math-errno -c -emit-llvm -O0 -mllvm -disable-llvm-optzns -fno-threadsafe-statics -fno-use-cxa-atexit -fno-threadsafe-statics -fno-use-cxa-atexit -D__CLANG_3_1__ -DAESL_SYN -D__SYNTHESIS__ -D__HLS_SYN__ -I /opt/xilinx/Xilinx_Vivado_vitis_2019.2/Vivado/2019.2/common/technology/autopilot -I /opt/xilinx/Xilinx_Vivado_vitis_2019.2/Vivado/2019.2/common/technology/autopilot/ap_sysc -include etc/autopilot_ssdm_op.h -D__DSP48E1__ /home/ks977/ECE-6775-Final/row-wise_product/mm.prj/solution1/.autopilot/db/mm_mult.pp.0.cc -o /home/ks977/ECE-6775-Final/row-wise_product/mm.prj/solution1/.autopilot/db/useless.bc
Command         clang done; 2 sec.
INFO-FLOW: Done: GCC PP time: 4 seconds per iteration
Execute         source /opt/xilinx/Xilinx_Vivado_vitis_2019.2/Vivado/2019.2/tps/tcl/tcllib1.11.1/yaml/huddle.tcl 
Execute         source /opt/xilinx/Xilinx_Vivado_vitis_2019.2/Vivado/2019.2/tps/tcl/tcllib1.11.1/yaml/json2huddle.tcl 
Execute           source /opt/xilinx/Xilinx_Vivado_vitis_2019.2/Vivado/2019.2/tps/tcl/tcllib1.11.1/try/try.tcl 
Execute         list_core -type functional_unit 
Execute         tidy_31 xilinx-systemc-detector /home/ks977/ECE-6775-Final/row-wise_product/mm.prj/solution1/.autopilot/db/mm_mult.pp.0.cc std=c++11 -directive=/home/ks977/ECE-6775-Final/row-wise_product/mm.prj/solution1/.autopilot/db/.systemc_flag 
INFO-FLOW: exec /opt/xilinx/Xilinx_Vivado_vitis_2019.2/Vivado/2019.2/lnx64/tools/clang-3.9-csynth/bin/tidy-3.1 -header-filter=.* -checks=-*,xilinx-systemc-detector -import-directive=/home/ks977/ECE-6775-Final/row-wise_product/mm.prj/solution1/.autopilot/db/.systemc_flag -quiet -fix-errors /home/ks977/ECE-6775-Final/row-wise_product/mm.prj/solution1/.autopilot/db/mm_mult.pp.0.cc -- -std=c++11 -fhls -ferror-limit=0
INFO-FLOW: Running: tidy-3.1 CDT preprocess
Execute         tidy_31 xilinx-directive2pragma /home/ks977/ECE-6775-Final/row-wise_product/mm.prj/solution1/.autopilot/db/mm_mult.pp.0.cc std=c++11 -directive=/home/ks977/ECE-6775-Final/row-wise_product/mm.prj/solution1/.autopilot/db/all.directive.json 
INFO-FLOW: exec /opt/xilinx/Xilinx_Vivado_vitis_2019.2/Vivado/2019.2/lnx64/tools/clang-3.9-csynth/bin/tidy-3.1 -header-filter=.* -checks=-*,xilinx-directive2pragma -import-directive=/home/ks977/ECE-6775-Final/row-wise_product/mm.prj/solution1/.autopilot/db/all.directive.json -quiet -fix-errors /home/ks977/ECE-6775-Final/row-wise_product/mm.prj/solution1/.autopilot/db/mm_mult.pp.0.cc -- -std=c++11 -fhls -ferror-limit=0
Execute         get_config_dataflow -strict_mode 
Execute         ap_eval exec -ignorestderr /opt/xilinx/Xilinx_Vivado_vitis_2019.2/Vivado/2019.2/lnx64/tools/clang-3.9-csynth/bin/xilinx-dataflow-lawyer -export-fixes=/home/ks977/ECE-6775-Final/row-wise_product/mm.prj/solution1/.autopilot/db/xilinx-dataflow-lawyer.mm_mult.pp.0.cc.diag.yml /home/ks977/ECE-6775-Final/row-wise_product/mm.prj/solution1/.autopilot/db/mm_mult.pp.0.cc -- -std=c++11 -fhls -ferror-limit=0 -fstrict-dataflow > /home/ks977/ECE-6775-Final/row-wise_product/mm.prj/solution1/.autopilot/db/xilinx-dataflow-lawyer.mm_mult.pp.0.cc.out.log 2> /home/ks977/ECE-6775-Final/row-wise_product/mm.prj/solution1/.autopilot/db/xilinx-dataflow-lawyer.mm_mult.pp.0.cc.err.log 
Execute         tidy_31 -errorcheck xilinx-constantarray-param,xilinx-resource-pragma-transformer,xilinx-xfmat-array-geometry /home/ks977/ECE-6775-Final/row-wise_product/mm.prj/solution1/.autopilot/db/mm_mult.pp.0.cc std=c++11 
Execute           ap_eval exec -ignorestderr /opt/xilinx/Xilinx_Vivado_vitis_2019.2/Vivado/2019.2/lnx64/tools/clang-3.9-csynth/bin/tidy-3.1 -export-fixes=/home/ks977/ECE-6775-Final/row-wise_product/mm.prj/solution1/.autopilot/db/tidy-3.1.mm_mult.pp.0.cc.diag.yml -header-filter=.* -checks=-*,xilinx-constantarray-param,xilinx-resource-pragma-transformer,xilinx-xfmat-array-geometry -quiet -fix-errors /home/ks977/ECE-6775-Final/row-wise_product/mm.prj/solution1/.autopilot/db/mm_mult.pp.0.cc -- -std=c++11 -fhls -ferror-limit=0 > /home/ks977/ECE-6775-Final/row-wise_product/mm.prj/solution1/.autopilot/db/tidy-3.1.mm_mult.pp.0.cc.out.log 2> /home/ks977/ECE-6775-Final/row-wise_product/mm.prj/solution1/.autopilot/db/tidy-3.1.mm_mult.pp.0.cc.err.log 
Execute           source /opt/xilinx/Xilinx_Vivado_vitis_2019.2/Vivado/2019.2/tps/tcl/tcllib1.11.1/yaml/yaml.tcl 
Execute             source /opt/xilinx/Xilinx_Vivado_vitis_2019.2/Vivado/2019.2/tps/tcl/tcllib1.11.1/cmdline/cmdline.tcl 
Execute           ap_eval exec -ignorestderr /opt/xilinx/Xilinx_Vivado_vitis_2019.2/Vivado/2019.2/lnx64/tools/clang-3.9-csynth/bin/xilinx-legacy-rewriter /home/ks977/ECE-6775-Final/row-wise_product/mm.prj/solution1/.autopilot/db/mm_mult.pp.0.cc -- -std=c++11 -fhls -ferror-limit=0 > /home/ks977/ECE-6775-Final/row-wise_product/mm.prj/solution1/.autopilot/db/xilinx-legacy-rewriter.mm_mult.pp.0.cc.out.log 2> /home/ks977/ECE-6775-Final/row-wise_product/mm.prj/solution1/.autopilot/db/xilinx-legacy-rewriter.mm_mult.pp.0.cc.err.log 
Command         tidy_31 done; 0.19 sec.
INFO-FLOW: Done: tidy-3.1 CDT preprocess time: 0.3 seconds per iteration
INFO-FLOW: Pragma Handling...
Execute         tidy_31 xilinx-ssdm-intrinsics-arguments /home/ks977/ECE-6775-Final/row-wise_product/mm.prj/solution1/.autopilot/db/mm_mult.pragma.1.cc std=c++11 
INFO-FLOW: exec /opt/xilinx/Xilinx_Vivado_vitis_2019.2/Vivado/2019.2/lnx64/tools/clang-3.9-csynth/bin/tidy-3.1 -header-filter=.* -checks=-*,xilinx-ssdm-intrinsics-arguments -quiet -fix-errors /home/ks977/ECE-6775-Final/row-wise_product/mm.prj/solution1/.autopilot/db/mm_mult.pragma.1.cc -- -std=c++11 -fhls -ferror-limit=0
Execute         ap_part_info -name xc7z020-clg484-1 -data info 
INFO-FLOW: Processing labels
Execute         clang -src /home/ks977/ECE-6775-Final/row-wise_product/mm.prj/solution1/.autopilot/db/mm_mult.pragma.2.cc  -fno-limit-debug-info -gcc-toolchain /opt/xilinx/Xilinx_Vivado_vitis_2019.2/Vivado/2019.2/lnx64/tools/gcc -hls -hls-analyze-label -hls-analyze-pragma -fno-exceptions  -D__llvm__  -w  "/home/ks977/ECE-6775-Final/row-wise_product/mm.prj/solution1/.autopilot/db/mm_mult.pragma.2.cc"  -std=c++11  -fno-math-errno -c -emit-llvm -O0  -mllvm -disable-llvm-optzns -fno-threadsafe-statics  -fno-use-cxa-atexit -DAESL_SYN -D__SYNTHESIS__ -D__HLS_SYN__ -I "/opt/xilinx/Xilinx_Vivado_vitis_2019.2/Vivado/2019.2/common/technology/autopilot" -I "/opt/xilinx/Xilinx_Vivado_vitis_2019.2/Vivado/2019.2/common/technology/autopilot/ap_sysc" -include etc/autopilot_ssdm_op.h -D__DSP48E1__ -g -o "/home/ks977/ECE-6775-Final/row-wise_product/mm.prj/solution1/.autopilot/db/mm_mult.bc" 
INFO-FLOW: exec /opt/xilinx/Xilinx_Vivado_vitis_2019.2/Vivado/2019.2/lnx64/tools/clang/bin/clang -fno-limit-debug-info -gcc-toolchain /opt/xilinx/Xilinx_Vivado_vitis_2019.2/Vivado/2019.2/lnx64/tools/gcc -hls -hls-analyze-label -hls-analyze-pragma -fno-exceptions -D__llvm__ -w /home/ks977/ECE-6775-Final/row-wise_product/mm.prj/solution1/.autopilot/db/mm_mult.pragma.2.cc -std=c++11 -fno-math-errno -c -emit-llvm -O0 -mllvm -disable-llvm-optzns -fno-threadsafe-statics -fno-use-cxa-atexit -DAESL_SYN -D__SYNTHESIS__ -D__HLS_SYN__ -I /opt/xilinx/Xilinx_Vivado_vitis_2019.2/Vivado/2019.2/common/technology/autopilot -I /opt/xilinx/Xilinx_Vivado_vitis_2019.2/Vivado/2019.2/common/technology/autopilot/ap_sysc -include etc/autopilot_ssdm_op.h -D__DSP48E1__ -g -o /home/ks977/ECE-6775-Final/row-wise_product/mm.prj/solution1/.autopilot/db/mm_mult.bc
Command         clang done; 1.97 sec.
INFO-FLOW: Linking Debug ...
Execute         llvm-ld /home/ks977/ECE-6775-Final/row-wise_product/mm.prj/solution1/.autopilot/db/mm_mult.g.bc -hls-opt -except-internalize matrix_mult -L/opt/xilinx/Xilinx_Vivado_vitis_2019.2/Vivado/2019.2/lnx64/lib -lhlsm -lhlsmc++ -o /home/ks977/ECE-6775-Final/row-wise_product/mm.prj/solution1/.autopilot/db/a.g 
Command         llvm-ld done; 1.04 sec.
INFO: [HLS 200-111] Finished Linking Time (s): cpu = 00:00:10 ; elapsed = 00:00:14 . Memory (MB): peak = 1172.680 ; gain = 530.188 ; free physical = 3981 ; free virtual = 28880
INFO: [HLS 200-111] Finished Checking Pragmas Time (s): cpu = 00:00:10 ; elapsed = 00:00:14 . Memory (MB): peak = 1172.680 ; gain = 530.188 ; free physical = 3980 ; free virtual = 28879
Execute         get_config_sdx -target 
Execute         opt_and_import_c a -opt_level=2 -skip_syncheck=0 -ng=0 -keep_printf=0 
Execute           cleanup_all_models 
INFO: [HLS 200-10] Starting code transformations ...
Execute           transform -promote-dbg-pointer /home/ks977/ECE-6775-Final/row-wise_product/mm.prj/solution1/.autopilot/db/a.pp.bc -o /home/ks977/ECE-6775-Final/row-wise_product/mm.prj/solution1/.autopilot/db/a.pp.0.bc -f 
Execute           llvm-ld /home/ks977/ECE-6775-Final/row-wise_product/mm.prj/solution1/.autopilot/db/a.pp.0.bc -disable-opt -L/opt/xilinx/Xilinx_Vivado_vitis_2019.2/Vivado/2019.2/lnx64/lib -lfloatconversion -o /home/ks977/ECE-6775-Final/row-wise_product/mm.prj/solution1/.autopilot/db/a.g.0 
Command           llvm-ld done; 1 sec.
INFO-FLOW: Running Standard Transforms...
Execute           transform -hls -share-std-xform -demangle-name -inline-byval-memcpy -always-inline -promote-dbg-pointer -interface-preproc -mem2reg -scalarrepl -mem2reg -keep-read-access -instcombine -dce -promote-dbg-pointer -bitop-raise -loop-simplify -indvarspre -indvars -loop-simplify -xunroll -constprop -instcombine -simplifycfg -indvars -simplifycfg -dce -globaldce -basicaa -simplifycfg -mem2reg -globalopt -global-constprop -deadargelim -instcombine -simplifycfg -prune-eh -simplifycfg -scalarrepl -instcombine -reassociate -licm -simplifycfg -loop-simplify -indvars -instcombine -simplifycfg -mem2reg -loop-simplify -indvars -instcombine -gvn -gvn -instcombine -adce -break-crit-edges -simplifycfg -loop-delete -global-array-opt -dce -dse -adce -find-syn-modules -top matrix_mult -deadargelim -mem2reg -instcombine -dce -presyn-prepare -auto-rom-infer -interface-preproc -syn-check -check-rec-only -find-region -simplifycfg -func-extr -function-inline -globaldce -mem2reg -instcombine -dce -gvn -globaldce -adce -adse -constprop -instcombine -bit-constprop -instcombine -dce -simplifycfg -bitop-raise -simplifycfg -dce -loop-delete -reassociate -globalopt -global-privatize -mem2reg -dce -global-constprop -pointer-simplify -constprop -dce -func-inst -deadargelim -auto-shift-reg-idiom -promote-dbg-pointer -norm-name /home/ks977/ECE-6775-Final/row-wise_product/mm.prj/solution1/.autopilot/db/a.g.0.bc -o /home/ks977/ECE-6775-Final/row-wise_product/mm.prj/solution1/.autopilot/db/a.g.1.bc -f -phase std-opt 
INFO: [HLS 200-111] Finished Standard Transforms Time (s): cpu = 00:00:11 ; elapsed = 00:00:15 . Memory (MB): peak = 1172.680 ; gain = 530.188 ; free physical = 4003 ; free virtual = 28903
INFO: [HLS 200-10] Checking synthesizability ...
INFO-FLOW: Checking Synthesizability 1/2..
Execute           transform -hls -syn-check -check-rec-only -disaggr -scalarrepl -norm-name -dce -mem2reg -instcombine -function-uniquify -directive-preproc -mem2reg -dse -dce -auto-rom-infer -dce -pag -array-normalize -instcombine -dce -warn-fifo-pointer -array-seg-normalize -instcombine -dce -array-flatten -instcombine -dce -array-burst -dce -deadargelim -promote-global-argument -simplifycfg -mem2reg -globaldce -dce -deadargelim -dce -instcombine -function-inline -globaldce -dce -doublePtrSimplify -doublePtrElim -dce -doublePtrSimplify -promote-dbg-pointer -dce -scalarrepl -dse -adse -instcombine -ptrLegalization -simplifycfg -dce -instcombine -pointer-simplify -ptrArgReplace -dce -instcombine -resolve-double-ptr -disaggr -scalarrepl -norm-name -dce -mem2reg -instcombine -ptrLegalization -simplifycfg -deadargelim -instcombine -dce -inst-simplify -function-uniquify -directive-preproc -mem2reg -dse -dce -globaldce -check-dspbuiltin /home/ks977/ECE-6775-Final/row-wise_product/mm.prj/solution1/.autopilot/db/a.g.1.bc -o /home/ks977/ECE-6775-Final/row-wise_product/mm.prj/solution1/.autopilot/db/a.g.2.prechk.bc -f 
INFO-FLOW: Checking Synthesizability 2/2..
Execute           transform -syn-check /home/ks977/ECE-6775-Final/row-wise_product/mm.prj/solution1/.autopilot/db/a.g.2.prechk.bc -o /home/ks977/ECE-6775-Final/row-wise_product/mm.prj/solution1/.autopilot/db/a.g.2.bc -f -phase syn-check 
INFO: [HLS 200-111] Finished Checking Synthesizability Time (s): cpu = 00:00:11 ; elapsed = 00:00:16 . Memory (MB): peak = 1172.680 ; gain = 530.188 ; free physical = 4003 ; free virtual = 28903
INFO-FLOW: Compiler optimizing ...
INFO-FLOW: Share syncheck's 1.bc for syn flow: copy /home/ks977/ECE-6775-Final/row-wise_product/mm.prj/solution1/.autopilot/db/a.g.1.bc to /home/ks977/ECE-6775-Final/row-wise_product/mm.prj/solution1/.autopilot/db/a.o.1.bc
INFO-FLOW: Presyn 1...
Execute           transform -hls -tmp /home/ks977/ECE-6775-Final/row-wise_product/mm.prj/solution1/.autopilot/db -interface-port-rename -type-info -function-uniquify -directive-preproc -mem2reg -dse -dce -disaggr -scalarrepl -norm-name -deadargelim -mem2reg -instcombine -dce -simplifycfg -auto-rom-infer -dce -function-uniquify -resource-proc -clib-intrinsic-prepare -dce -func-buffer -dce -pag -array-normalize -func-legal -instcombine -gvn -constprop -dce -simplifycfg -mem2reg -globaldce -resolve-double-ptr -dce -deadargelim -dce -instcombine -ptrArgReplace -mem2reg -dce -array-seg-normalize -deadargelim -instcombine -dce -pointer-simplify -dce -port-alignment -dce -interface-preproc -data-pack -instcombine -dce -basicaa -aggr-aa -aggrmodref-aa -aggr-aa -gvn -gvn -basicaa -aggr-aa -aggrmodref-aa -aggr-aa -dse -adse -adce -loop-simplify -indvars -instcombine -gvn -loop-simplify -mem2reg -dce -find-region -instcombine -auto-loop-pipeline -inst-simplify -interface-preproc -cfgopt -instcombine -indvars -auto-loop-unroll -loop-simplify -loop-bound -xunroll -constprop -instcombine -simplifycfg -indvars -simplifycfg -dce -globaldce -clean-region -attach-range -gvn -inst-simplify -constprop -simplifycfg -dce -pointer-simplify -dce -globalopt -constprop -dce -array-promote -constprop -dce -ptrArgReplace -mem2reg -simplifycfg -dce -auto-par -instcombine -dce -array-transform-check -array-reshape -instcombine -simplifycfg -dce -ptrArgReplace -deadargelim -mem2reg -instcombine -simplifycfg -dce -indvars -loop-simplify -loop-bound -xunroll -constprop -instcombine -simplifycfg -indvars -simplifycfg -dce -globaldce -basicaa -aggr-aa -aggrmodref-aa -aggr-aa -dse -duplicate-dataflow-processes -globaldce -instcombine -array-partition -instcombine -simplifycfg -dce -ptrArgReplace -global-constprop -deadargelim -mem2reg -func-legal -dce -global-constprop -deadargelim -mem2reg -simplifycfg -dce -merge-param -deadargelim -globalopt -constprop -dce -array-promote -constprop -dce -ptrArgReplace -mem2reg -simplifycfg -dce -mem-intrinsic-preproc -dce -global-internalize -global-privatize -mem2reg -globaldce -promote-global-argument -ptrArgReplace -mem2reg -dce -globalopt -mergereturn -simplify-global-access -mem2reg -dce -pointer-simplify -dce -functionattrs -basicaa -aggr-aa -aggrmodref-aa -aggr-aa -gvn -gvn -basicaa -aggr-aa -aggrmodref-aa -aggr-aa -dse -adse -adce -dce -norm-name -function-inline -complex-op-raise -inst-simplify -globaldce -func-inst -constprop -instcombine -simplifycfg -dce -func-legal -dce -loop-bound -arraycheck -bitwidthmin -on-by-dataflow -loop-delete -instcombine -simplifycfg -globaldce -dce -gvn -deadargelim -dce -loop-simplify -clean-region -simplifycfg -propagate-stable-arguments -loop-stream -instcombine -simplifycfg -dce -globaldce -duplicate-dataflow-processes -stream-intrinsic-preproc -dce -check-ap-stream -loop-simplify -eliminate-keepreads -extract-dataflow-in-loop -loop-simplify -dce -gvn -deadargelim -dse -check-dataflow-syntax -legalize-stream-variable -legalize-global -extract-subproc -dce -dead-channel-elimination -canonicalize-gep -globaldce -dce -gvn -deadargelim -annotate-dataflow-channels -scalar-propagation -deadargelim -globaldce -mem2reg -check-dataflow-channels -function-stream -dce -globaldce -prop-fifo-spec -internal-stream-gen -canonicalize-gep -globaldce -dce -gvn -deadargelim -mergereturn -indvars -loop-simplify -instcombine -array-stream -array-seg-normalize -array-partition -func-legal -instcombine -simplifycfg -dce -bundle-memfifo-ops -deadargelim -function-uniquify -directive-preproc -mem2reg -dse -dce -group-axi-access -licm -simplifycfg -dce -loop-delete -norm-name /home/ks977/ECE-6775-Final/row-wise_product/mm.prj/solution1/.autopilot/db/a.o.1.bc -o /home/ks977/ECE-6775-Final/row-wise_product/mm.prj/solution1/.autopilot/db/a.o.1.tmp.bc -f 
INFO: [XFORM 203-502] Unrolling all sub-loops inside loop 'Loop-1' (mm_mult.cc:25) in function 'matrix_mult' for pipelining.
INFO: [XFORM 203-502] Unrolling all sub-loops inside loop 'Loop-2' (mm_mult.cc:32) in function 'matrix_mult' for pipelining.
INFO: [XFORM 203-502] Unrolling all sub-loops inside loop 'Loop-3.2' (mm_mult.cc:48) in function 'matrix_mult' for pipelining.
INFO: [XFORM 203-502] Unrolling all sub-loops inside loop 'Loop-4' (mm_mult.cc:62) in function 'matrix_mult' for pipelining.
INFO: [HLS 200-489] Unrolling loop 'Loop-1.1' (mm_mult.cc:27) in function 'matrix_mult' completely with a factor of 20.
INFO: [HLS 200-489] Unrolling loop 'Loop-2.1' (mm_mult.cc:34) in function 'matrix_mult' completely with a factor of 20.
INFO: [HLS 200-489] Unrolling loop 'Loop-3.2.1' (mm_mult.cc:50) in function 'matrix_mult' completely with a factor of 20.
INFO: [HLS 200-489] Unrolling loop 'Loop-4.1' (mm_mult.cc:64) in function 'matrix_mult' completely with a factor of 20.
INFO: [XFORM 203-101] Partitioning array 'a_buff' (mm_mult.cc:11) in dimension 1 with a block factor 2.
INFO: [XFORM 203-101] Partitioning array 'b_buff' (mm_mult.cc:12) in dimension 1 with a block factor 2.
INFO: [XFORM 203-101] Partitioning array 'c_buff' (mm_mult.cc:13) in dimension 1 with a block factor 2.
INFO: [XFORM 203-101] Partitioning array 'a' (mm_mult.cc:7) in dimension 1 with a block factor 2.
INFO: [XFORM 203-101] Partitioning array 'b' (mm_mult.cc:8) in dimension 1 with a block factor 2.
INFO: [XFORM 203-101] Partitioning array 'c' (mm_mult.cc:9) in dimension 1 with a block factor 2.
INFO: [XFORM 203-102] Partitioning array 'b_buff.0' (mm_mult.cc:12) in dimension 2 automatically.
INFO: [XFORM 203-102] Partitioning array 'b_buff.1' (mm_mult.cc:12) in dimension 2 automatically.
Command           transform done; 0.59 sec.
INFO-FLOW: Presyn 2...
Execute           transform -hls -keep-callgraph -scalarrepl -mem2reg -port-alignment -attach-range -dce -pipe-mux-gen -indvars -loop-bound -inst-simplify -instcombine -dce -merge-array-access -mem2reg -dce -clean-region -mergereturn -if-conv -instcombine -dce -constprop -basicaa -aggr-aa -aggrmodref-aa -aggr-aa -gvn -gvn -basicaa -aggr-aa -aggrmodref-aa -aggr-aa -dse -adse -adce -scalarrepl -mem2reg -global-constprop -deadargelim -deadargelim -instcombine -dce -simplifycfg -ptrArgReplace -mem2reg -function-inline -globaldce -mem2reg -instcombine -dce -expr-balance -instcombine -dce -bitwidthmin -interface-preproc -directive-preproc -inst-rectify -instcombine -dce -functionattrs -constprop -instcombine -bit-constprop -simplify-global-access -globalopt -globaldce -inst-simplify -instcombine -elimdeaddata -dce -loop-delete -simplifycfg -loop-simplify -auto-burst -norm-name /home/ks977/ECE-6775-Final/row-wise_product/mm.prj/solution1/.autopilot/db/a.o.1.tmp.bc -o /home/ks977/ECE-6775-Final/row-wise_product/mm.prj/solution1/.autopilot/db/a.o.2.bc -f -phase presyn 
INFO: [XFORM 203-401] Performing if-conversion on hyperblock from (mm_mult.cc:25:32) to (mm_mult.cc:28:13) in function 'matrix_mult'... converting 4 basic blocks.
INFO: [XFORM 203-401] Performing if-conversion on hyperblock from (mm_mult.cc:28:13) to (mm_mult.cc:28:13) in function 'matrix_mult'... converting 4 basic blocks.
INFO: [XFORM 203-401] Performing if-conversion on hyperblock from (mm_mult.cc:28:13) to (mm_mult.cc:28:13) in function 'matrix_mult'... converting 4 basic blocks.
INFO: [XFORM 203-401] Performing if-conversion on hyperblock from (mm_mult.cc:28:13) to (mm_mult.cc:28:13) in function 'matrix_mult'... converting 4 basic blocks.
INFO: [XFORM 203-401] Performing if-conversion on hyperblock from (mm_mult.cc:28:13) to (mm_mult.cc:28:13) in function 'matrix_mult'... converting 4 basic blocks.
INFO: [XFORM 203-401] Performing if-conversion on hyperblock from (mm_mult.cc:28:13) to (mm_mult.cc:28:13) in function 'matrix_mult'... converting 4 basic blocks.
INFO: [XFORM 203-401] Performing if-conversion on hyperblock from (mm_mult.cc:28:13) to (mm_mult.cc:28:13) in function 'matrix_mult'... converting 4 basic blocks.
INFO: [XFORM 203-401] Performing if-conversion on hyperblock from (mm_mult.cc:28:13) to (mm_mult.cc:28:13) in function 'matrix_mult'... converting 4 basic blocks.
INFO: [XFORM 203-401] Performing if-conversion on hyperblock from (mm_mult.cc:28:13) to (mm_mult.cc:28:13) in function 'matrix_mult'... converting 4 basic blocks.
INFO: [XFORM 203-401] Performing if-conversion on hyperblock from (mm_mult.cc:28:13) to (mm_mult.cc:28:13) in function 'matrix_mult'... converting 4 basic blocks.
INFO: [XFORM 203-401] Performing if-conversion on hyperblock from (mm_mult.cc:28:13) to (mm_mult.cc:28:13) in function 'matrix_mult'... converting 4 basic blocks.
INFO: [XFORM 203-401] Performing if-conversion on hyperblock from (mm_mult.cc:28:13) to (mm_mult.cc:28:13) in function 'matrix_mult'... converting 4 basic blocks.
INFO: [XFORM 203-401] Performing if-conversion on hyperblock from (mm_mult.cc:28:13) to (mm_mult.cc:28:13) in function 'matrix_mult'... converting 4 basic blocks.
INFO: [XFORM 203-401] Performing if-conversion on hyperblock from (mm_mult.cc:28:13) to (mm_mult.cc:28:13) in function 'matrix_mult'... converting 4 basic blocks.
INFO: [XFORM 203-401] Performing if-conversion on hyperblock from (mm_mult.cc:28:13) to (mm_mult.cc:28:13) in function 'matrix_mult'... converting 4 basic blocks.
INFO: [XFORM 203-401] Performing if-conversion on hyperblock from (mm_mult.cc:28:13) to (mm_mult.cc:28:13) in function 'matrix_mult'... converting 4 basic blocks.
INFO: [XFORM 203-401] Performing if-conversion on hyperblock from (mm_mult.cc:28:13) to (mm_mult.cc:28:13) in function 'matrix_mult'... converting 4 basic blocks.
INFO: [XFORM 203-401] Performing if-conversion on hyperblock from (mm_mult.cc:28:13) to (mm_mult.cc:28:13) in function 'matrix_mult'... converting 4 basic blocks.
INFO: [XFORM 203-401] Performing if-conversion on hyperblock from (mm_mult.cc:28:13) to (mm_mult.cc:28:13) in function 'matrix_mult'... converting 4 basic blocks.
INFO: [XFORM 203-401] Performing if-conversion on hyperblock from (mm_mult.cc:28:13) to (mm_mult.cc:28:13) in function 'matrix_mult'... converting 4 basic blocks.
INFO: [XFORM 203-401] Performing if-conversion on hyperblock from (mm_mult.cc:32:35) to (mm_mult.cc:35:13) in function 'matrix_mult'... converting 4 basic blocks.
INFO: [XFORM 203-401] Performing if-conversion on hyperblock from (mm_mult.cc:35:13) to (mm_mult.cc:35:13) in function 'matrix_mult'... converting 4 basic blocks.
INFO: [XFORM 203-401] Performing if-conversion on hyperblock from (mm_mult.cc:35:13) to (mm_mult.cc:35:13) in function 'matrix_mult'... converting 4 basic blocks.
INFO: [XFORM 203-401] Performing if-conversion on hyperblock from (mm_mult.cc:35:13) to (mm_mult.cc:35:13) in function 'matrix_mult'... converting 4 basic blocks.
INFO: [XFORM 203-401] Performing if-conversion on hyperblock from (mm_mult.cc:35:13) to (mm_mult.cc:35:13) in function 'matrix_mult'... converting 4 basic blocks.
INFO: [XFORM 203-401] Performing if-conversion on hyperblock from (mm_mult.cc:35:13) to (mm_mult.cc:35:13) in function 'matrix_mult'... converting 4 basic blocks.
INFO: [XFORM 203-401] Performing if-conversion on hyperblock from (mm_mult.cc:35:13) to (mm_mult.cc:35:13) in function 'matrix_mult'... converting 4 basic blocks.
INFO: [XFORM 203-401] Performing if-conversion on hyperblock from (mm_mult.cc:35:13) to (mm_mult.cc:35:13) in function 'matrix_mult'... converting 4 basic blocks.
INFO: [XFORM 203-401] Performing if-conversion on hyperblock from (mm_mult.cc:35:13) to (mm_mult.cc:35:13) in function 'matrix_mult'... converting 4 basic blocks.
INFO: [XFORM 203-401] Performing if-conversion on hyperblock from (mm_mult.cc:35:13) to (mm_mult.cc:35:13) in function 'matrix_mult'... converting 4 basic blocks.
INFO: [XFORM 203-401] Performing if-conversion on hyperblock from (mm_mult.cc:35:13) to (mm_mult.cc:35:13) in function 'matrix_mult'... converting 4 basic blocks.
INFO: [XFORM 203-401] Performing if-conversion on hyperblock from (mm_mult.cc:35:13) to (mm_mult.cc:35:13) in function 'matrix_mult'... converting 4 basic blocks.
INFO: [XFORM 203-401] Performing if-conversion on hyperblock from (mm_mult.cc:35:13) to (mm_mult.cc:35:13) in function 'matrix_mult'... converting 4 basic blocks.
INFO: [XFORM 203-401] Performing if-conversion on hyperblock from (mm_mult.cc:35:13) to (mm_mult.cc:35:13) in function 'matrix_mult'... converting 4 basic blocks.
INFO: [XFORM 203-401] Performing if-conversion on hyperblock from (mm_mult.cc:35:13) to (mm_mult.cc:35:13) in function 'matrix_mult'... converting 4 basic blocks.
INFO: [XFORM 203-401] Performing if-conversion on hyperblock from (mm_mult.cc:35:13) to (mm_mult.cc:35:13) in function 'matrix_mult'... converting 4 basic blocks.
INFO: [XFORM 203-401] Performing if-conversion on hyperblock from (mm_mult.cc:35:13) to (mm_mult.cc:35:13) in function 'matrix_mult'... converting 4 basic blocks.
INFO: [XFORM 203-401] Performing if-conversion on hyperblock from (mm_mult.cc:35:13) to (mm_mult.cc:35:13) in function 'matrix_mult'... converting 4 basic blocks.
INFO: [XFORM 203-401] Performing if-conversion on hyperblock from (mm_mult.cc:35:13) to (mm_mult.cc:35:13) in function 'matrix_mult'... converting 4 basic blocks.
INFO: [XFORM 203-401] Performing if-conversion on hyperblock from (mm_mult.cc:35:13) to (mm_mult.cc:35:13) in function 'matrix_mult'... converting 4 basic blocks.
INFO: [XFORM 203-401] Performing if-conversion on hyperblock from (mm_mult.cc:48:39) to (mm_mult.cc:48:33) in function 'matrix_mult'... converting 64 basic blocks.
INFO: [XFORM 203-401] Performing if-conversion on hyperblock from (mm_mult.cc:62:35) to (mm_mult.cc:65:13) in function 'matrix_mult'... converting 4 basic blocks.
INFO: [XFORM 203-401] Performing if-conversion on hyperblock from (mm_mult.cc:65:13) to (mm_mult.cc:65:13) in function 'matrix_mult'... converting 4 basic blocks.
INFO: [XFORM 203-401] Performing if-conversion on hyperblock from (mm_mult.cc:65:13) to (mm_mult.cc:65:13) in function 'matrix_mult'... converting 4 basic blocks.
INFO: [XFORM 203-401] Performing if-conversion on hyperblock from (mm_mult.cc:65:13) to (mm_mult.cc:65:13) in function 'matrix_mult'... converting 4 basic blocks.
INFO: [XFORM 203-401] Performing if-conversion on hyperblock from (mm_mult.cc:65:13) to (mm_mult.cc:65:13) in function 'matrix_mult'... converting 4 basic blocks.
INFO: [XFORM 203-401] Performing if-conversion on hyperblock from (mm_mult.cc:65:13) to (mm_mult.cc:65:13) in function 'matrix_mult'... converting 4 basic blocks.
INFO: [XFORM 203-401] Performing if-conversion on hyperblock from (mm_mult.cc:65:13) to (mm_mult.cc:65:13) in function 'matrix_mult'... converting 4 basic blocks.
INFO: [XFORM 203-401] Performing if-conversion on hyperblock from (mm_mult.cc:65:13) to (mm_mult.cc:65:13) in function 'matrix_mult'... converting 4 basic blocks.
INFO: [XFORM 203-401] Performing if-conversion on hyperblock from (mm_mult.cc:65:13) to (mm_mult.cc:65:13) in function 'matrix_mult'... converting 4 basic blocks.
INFO: [XFORM 203-401] Performing if-conversion on hyperblock from (mm_mult.cc:65:13) to (mm_mult.cc:65:13) in function 'matrix_mult'... converting 4 basic blocks.
INFO: [XFORM 203-401] Performing if-conversion on hyperblock from (mm_mult.cc:65:13) to (mm_mult.cc:65:13) in function 'matrix_mult'... converting 4 basic blocks.
INFO: [XFORM 203-401] Performing if-conversion on hyperblock from (mm_mult.cc:65:13) to (mm_mult.cc:65:13) in function 'matrix_mult'... converting 4 basic blocks.
INFO: [XFORM 203-401] Performing if-conversion on hyperblock from (mm_mult.cc:65:13) to (mm_mult.cc:65:13) in function 'matrix_mult'... converting 4 basic blocks.
INFO: [XFORM 203-401] Performing if-conversion on hyperblock from (mm_mult.cc:65:13) to (mm_mult.cc:65:13) in function 'matrix_mult'... converting 4 basic blocks.
INFO: [XFORM 203-401] Performing if-conversion on hyperblock from (mm_mult.cc:65:13) to (mm_mult.cc:65:13) in function 'matrix_mult'... converting 4 basic blocks.
INFO: [XFORM 203-401] Performing if-conversion on hyperblock from (mm_mult.cc:65:13) to (mm_mult.cc:65:13) in function 'matrix_mult'... converting 4 basic blocks.
INFO: [XFORM 203-401] Performing if-conversion on hyperblock from (mm_mult.cc:65:13) to (mm_mult.cc:65:13) in function 'matrix_mult'... converting 4 basic blocks.
INFO: [XFORM 203-401] Performing if-conversion on hyperblock from (mm_mult.cc:65:13) to (mm_mult.cc:65:13) in function 'matrix_mult'... converting 4 basic blocks.
INFO: [XFORM 203-401] Performing if-conversion on hyperblock from (mm_mult.cc:65:13) to (mm_mult.cc:65:13) in function 'matrix_mult'... converting 4 basic blocks.
INFO: [XFORM 203-401] Performing if-conversion on hyperblock from (mm_mult.cc:65:13) to (mm_mult.cc:65:13) in function 'matrix_mult'... converting 4 basic blocks.
Command           transform done; 0.84 sec.
INFO: [HLS 200-111] Finished Pre-synthesis Time (s): cpu = 00:00:12 ; elapsed = 00:00:17 . Memory (MB): peak = 1172.680 ; gain = 530.188 ; free physical = 3975 ; free virtual = 28875
INFO-FLOW: Building ssdm...
Execute           transform -hls -function-uniquify -auto-function-inline -globaldce -ptrArgReplace -mem2reg -dce -reset-lda -loop-simplify -indvars -licm -loop-dep -loop-bound -licm -loop-simplify -flattenloopnest -array-flatten -gvn -instcombine -dce -array-map -dce -func-legal -gvn -adce -instcombine -cfgopt -simplifycfg -loop-simplify -array-burst -promote-global-argument -dce -ptrLegalization -axi4-lower -array-seg-normalize -basicaa -aggrmodref-aa -globalsmodref-aa -aggr-aa -gvn -gvn -basicaa -aggrmodref-aa -globalsmodref-aa -aggr-aa -dse -adse -adce -licm -inst-simplify -dce -globaldce -instcombine -array-stream -eliminate-keepreads -instcombine -dce -deadargelim -doublePtrSimplify -doublePtrElim -dce -doublePtrSimplify -promote-dbg-pointer -dce -scalarrepl -mem2reg -disaggr -norm-name -mem2reg -instcombine -dse -adse -adce -ptrLegalization -dce -auto-rom-infer -array-flatten -dce -instcombine -check-doubleptr -loop-rot -constprop -cfgopt -simplifycfg -loop-simplify -indvars -pointer-simplify -dce -loop-bound -loop-simplify -loop-preproc -constprop -global-constprop -gvn -mem2reg -instcombine -dce -loop-bound -loop-merge -dce -bitwidthmin -deadargelim -dce -canonicalize-dataflow -dce -scalar-propagation -deadargelim -globaldce -mem2reg -read-loop-dep -interface-preproc -directive-preproc -interface-gen -bram-byte-enable -deadargelim -inst-simplify -dce -gvn -mem2reg -instcombine -dce -adse -loop-bound -instcombine -cfgopt -simplifycfg -loop-simplify -clean-region -io-protocol -find-region -mem2reg -bitop-raise -complex-op-raise -inst-simplify -inst-rectify -instcombine -adce -deadargelim -loop-simplify -phi-opt -bitop-raise -cfgopt -simplifycfg -strip-dead-prototypes -interface-lower -bitop-lower -intrinsic-lower -auto-function-inline -basicaa -aggrmodref-aa -globalsmodref-aa -aggr-aa -inst-simplify -simplifycfg -loop-simplify -mergereturn -inst-simplify -inst-rectify -dce -load-elim -bitop-lower -loop-rewind -pointer-simplify -dce -cfgopt -dce -loop-bound -loop-dep -read-loop-dep -dce -check-stream -norm-name -legalize -validate-dataflow -inst-clarity -bitwidth -dump-loop-dep-to-ir -check-all-ssdm -cdfg-build /home/ks977/ECE-6775-Final/row-wise_product/mm.prj/solution1/.autopilot/db/a.o.2.bc -o /home/ks977/ECE-6775-Final/row-wise_product/mm.prj/solution1/.autopilot/db/a.o.3.bc -f -phase build-ssdm 
WARNING: [XFORM 203-542] Cannot flatten a loop nest 'Loop-3' (mm_mult.cc:40:19) in function 'matrix_mult' : 

more than one sub loop.
INFO: [HLS 200-472] Inferring partial write operation for 'c_vec' (mm_mult.cc:45:13)
INFO: [HLS 200-472] Inferring partial write operation for 'c_vec' (mm_mult.cc:52:17)
INFO: [HLS 200-472] Inferring partial write operation for 'a_buff[0]' (mm_mult.cc:28:13)
INFO: [HLS 200-472] Inferring partial write operation for 'b_buff[0][19]' (mm_mult.cc:35:13)
INFO: [HLS 200-472] Inferring partial write operation for 'c_buff[0]' (mm_mult.cc:57:13)
Command           transform done; 1.18 sec.
INFO: [HLS 200-111] Finished Architecture Synthesis Time (s): cpu = 00:00:13 ; elapsed = 00:00:18 . Memory (MB): peak = 1172.680 ; gain = 530.188 ; free physical = 3974 ; free virtual = 28875
INFO-FLOW: Finish building internal data model.
Command         opt_and_import_c done; 3.78 sec.
Command       elaborate done; 11.42 sec.
Execute       autosyn -from_csynth_design=1 
INFO: [HLS 200-10] Starting hardware synthesis ...
INFO-FLOW: Synthesizing C/C++ design ...
INFO: [HLS 200-10] Synthesizing 'matrix_mult' ...
Execute         ap_set_top_model matrix_mult 
Execute         get_model_list matrix_mult -filter all-wo-channel -topdown 
Execute         preproc_iomode -model matrix_mult 
Execute         get_model_list matrix_mult -filter all-wo-channel 
INFO-FLOW: Model list for configure: matrix_mult
INFO-FLOW: Configuring Module : matrix_mult ...
Execute         set_default_model matrix_mult 
Execute         apply_spec_resource_limit matrix_mult 
INFO-FLOW: Model list for preprocess: matrix_mult
INFO-FLOW: Preprocessing Module: matrix_mult ...
Execute         set_default_model matrix_mult 
Execute         cdfg_preprocess -model matrix_mult 
Execute         rtl_gen_preprocess matrix_mult 
INFO-FLOW: Model list for synthesis: matrix_mult
INFO: [HLS 200-10] ----------------------------------------------------------------
INFO: [HLS 200-42] -- Implementing module 'matrix_mult' 
INFO: [HLS 200-10] ----------------------------------------------------------------
Execute         set_default_model matrix_mult 
Execute         schedule -model matrix_mult 
INFO: [SCHED 204-11] Starting scheduling ...
INFO: [SCHED 204-61] Pipelining loop 'Loop 1'.
WARNING: [SCHED 204-69] Unable to schedule 'load' operation ('a_0_load_2', mm_mult.cc:28) on array 'a_0' due to limited memory ports. Please consider using a memory core with more ports or partitioning the array 'a_0'.
INFO: [SCHED 204-61] Pipelining result : Target II = 1, Final II = 10, Depth = 23.
INFO: [SCHED 204-61] Pipelining loop 'Loop 2'.
WARNING: [SCHED 204-69] Unable to schedule 'load' operation ('b_0_load_2', mm_mult.cc:35) on array 'b_0' due to limited memory ports. Please consider using a memory core with more ports or partitioning the array 'b_0'.
INFO: [SCHED 204-61] Pipelining result : Target II = 1, Final II = 10, Depth = 23.
INFO: [SCHED 204-61] Pipelining loop 'Loop 3.2'.
WARNING: [SCHED 204-68] The II Violation in module 'matrix_mult' (Loop: Loop 3.2): Unable to enforce a carried dependence constraint (II = 1, distance = 1, offset = 1)
   between 'store' operation ('c_vec_addr_2_write_ln52', mm_mult.cc:52) of variable 'add_ln52', mm_mult.cc:52 on array 'c_vec', mm_mult.cc:43 and 'load' operation ('c_vec_load_1', mm_mult.cc:52) on array 'c_vec', mm_mult.cc:43.
WARNING: [SCHED 204-69] Unable to schedule 'load' operation ('c_vec_load_5', mm_mult.cc:52) on array 'c_vec', mm_mult.cc:43 due to limited memory ports. Please consider using a memory core with more ports or partitioning the array 'c_vec'.
INFO: [SCHED 204-61] Pipelining result : Target II = 1, Final II = 20, Depth = 20.
INFO: [SCHED 204-61] Pipelining loop 'Loop 4'.
WARNING: [SCHED 204-68] The II Violation in module 'matrix_mult' (Loop: Loop 4): Unable to enforce a carried dependence constraint (II = 1, distance = 1, offset = 1)
   between 'store' operation ('c_0_addr_1_write_ln65', mm_mult.cc:65) of variable 'select_ln65_1', mm_mult.cc:65 on array 'c_0' and 'store' operation ('c_0_addr_write_ln65', mm_mult.cc:65) of variable 'select_ln65', mm_mult.cc:65 on array 'c_0'.
WARNING: [SCHED 204-68] The II Violation in module 'matrix_mult' (Loop: Loop 4): Unable to enforce a carried dependence constraint (II = 2, distance = 1, offset = 1)
   between 'store' operation ('c_0_addr_2_write_ln65', mm_mult.cc:65) of variable 'select_ln65_2', mm_mult.cc:65 on array 'c_0' and 'store' operation ('c_0_addr_write_ln65', mm_mult.cc:65) of variable 'select_ln65', mm_mult.cc:65 on array 'c_0'.
WARNING: [SCHED 204-68] The II Violation in module 'matrix_mult' (Loop: Loop 4): Unable to enforce a carried dependence constraint (II = 3, distance = 1, offset = 1)
   between 'store' operation ('c_0_addr_3_write_ln65', mm_mult.cc:65) of variable 'select_ln65_3', mm_mult.cc:65 on array 'c_0' and 'store' operation ('c_0_addr_write_ln65', mm_mult.cc:65) of variable 'select_ln65', mm_mult.cc:65 on array 'c_0'.
WARNING: [SCHED 204-69] Unable to schedule 'load' operation ('c_buff_0_load_8', mm_mult.cc:65) on array 'c_buff[0]', mm_mult.cc:13 due to limited memory ports. Please consider using a memory core with more ports or partitioning the array 'c_buff_0'.
WARNING: [SCHED 204-69] Unable to schedule 'store' operation ('c_1_addr_8_write_ln65', mm_mult.cc:65) of variable 'select_ln65_8', mm_mult.cc:65 on array 'c_1' due to limited memory ports. Please consider using a memory core with more ports or partitioning the array 'c_1'.
INFO: [SCHED 204-61] Pipelining result : Target II = 1, Final II = 12, Depth = 24.
INFO: [SCHED 204-11] Finished scheduling.
Command         schedule done; 4.24 sec.
INFO: [HLS 200-111]  Elapsed time: 22.56 seconds; current allocated memory: 135.115 MB.
Execute         syn_report -verbosereport -o /home/ks977/ECE-6775-Final/row-wise_product/mm.prj/solution1/.autopilot/db/matrix_mult.verbose.sched.rpt 
Command         syn_report done; 1.69 sec.
Execute         db_write -o /home/ks977/ECE-6775-Final/row-wise_product/mm.prj/solution1/.autopilot/db/matrix_mult.sched.adb -f 
Command         db_write done; 0.45 sec.
INFO-FLOW: Finish scheduling matrix_mult.
Execute         set_default_model matrix_mult 
Execute         bind -model matrix_mult 
BIND OPTION: model=matrix_mult
INFO: [BIND 205-100] Starting micro-architecture generation ...
INFO: [BIND 205-101] Performing variable lifetime analysis.
INFO: [BIND 205-101] Exploring resource sharing.
INFO: [BIND 205-101] Binding ...
INFO: [BIND 205-100] Finished micro-architecture generation.
Command         bind done; 1.05 sec.
INFO: [HLS 200-111]  Elapsed time: 3.19 seconds; current allocated memory: 141.289 MB.
Execute         syn_report -verbosereport -o /home/ks977/ECE-6775-Final/row-wise_product/mm.prj/solution1/.autopilot/db/matrix_mult.verbose.bind.rpt 
Command         syn_report done; 2.79 sec.
Execute         db_write -o /home/ks977/ECE-6775-Final/row-wise_product/mm.prj/solution1/.autopilot/db/matrix_mult.bind.adb -f 
Command         db_write done; 0.43 sec.
INFO-FLOW: Finish binding matrix_mult.
Execute         get_model_list matrix_mult -filter all-wo-channel 
INFO-FLOW: Preprocessing for RTLGen ...
Execute         rtl_gen_preprocess matrix_mult 
INFO-FLOW: Model list for RTL generation: matrix_mult
INFO: [HLS 200-10] ----------------------------------------------------------------
INFO: [HLS 200-10] -- Generating RTL for module 'matrix_mult' 
INFO: [HLS 200-10] ----------------------------------------------------------------
Execute         get_config_rtl -module_prefix 
Execute         get_config_rtl -module_auto_prefix 
Execute         create_rtl_model matrix_mult -vendor xilinx -mg_file /home/ks977/ECE-6775-Final/row-wise_product/mm.prj/solution1/.autopilot/db/matrix_mult.compgen.tcl 
INFO: [RTGEN 206-500] Setting interface mode on port 'matrix_mult/a_0' to 'ap_memory'.
INFO: [RTGEN 206-500] Setting interface mode on port 'matrix_mult/a_1' to 'ap_memory'.
INFO: [RTGEN 206-500] Setting interface mode on port 'matrix_mult/b_0' to 'ap_memory'.
INFO: [RTGEN 206-500] Setting interface mode on port 'matrix_mult/b_1' to 'ap_memory'.
INFO: [RTGEN 206-500] Setting interface mode on port 'matrix_mult/c_0' to 'ap_memory'.
INFO: [RTGEN 206-500] Setting interface mode on port 'matrix_mult/c_1' to 'ap_memory'.
INFO: [RTGEN 206-500] Setting interface mode on function 'matrix_mult' to 'ap_ctrl_hs'.
INFO: [SYN 201-210] Renamed object name 'matrix_mult_a_buff_0' to 'matrix_mult_a_bufbkb' due to the length limit 20
INFO: [SYN 201-210] Renamed object name 'matrix_mult_a_buff_1' to 'matrix_mult_a_bufcud' due to the length limit 20
INFO: [SYN 201-210] Renamed object name 'matrix_mult_b_buff_0_0' to 'matrix_mult_b_bufdEe' due to the length limit 20
INFO: [SYN 201-210] Renamed object name 'matrix_mult_b_buff_0_1' to 'matrix_mult_b_bufeOg' due to the length limit 20
INFO: [SYN 201-210] Renamed object name 'matrix_mult_b_buff_0_2' to 'matrix_mult_b_buffYi' due to the length limit 20
INFO: [SYN 201-210] Renamed object name 'matrix_mult_b_buff_0_3' to 'matrix_mult_b_bufg8j' due to the length limit 20
INFO: [SYN 201-210] Renamed object name 'matrix_mult_b_buff_0_4' to 'matrix_mult_b_bufhbi' due to the length limit 20
INFO: [SYN 201-210] Renamed object name 'matrix_mult_b_buff_0_5' to 'matrix_mult_b_bufibs' due to the length limit 20
INFO: [SYN 201-210] Renamed object name 'matrix_mult_b_buff_0_6' to 'matrix_mult_b_bufjbC' due to the length limit 20
INFO: [SYN 201-210] Renamed object name 'matrix_mult_b_buff_0_7' to 'matrix_mult_b_bufkbM' due to the length limit 20
INFO: [SYN 201-210] Renamed object name 'matrix_mult_b_buff_0_8' to 'matrix_mult_b_buflbW' due to the length limit 20
INFO: [SYN 201-210] Renamed object name 'matrix_mult_b_buff_0_9' to 'matrix_mult_b_bufmb6' due to the length limit 20
INFO: [SYN 201-210] Renamed object name 'matrix_mult_b_buff_0_10' to 'matrix_mult_b_bufncg' due to the length limit 20
INFO: [SYN 201-210] Renamed object name 'matrix_mult_b_buff_0_11' to 'matrix_mult_b_bufocq' due to the length limit 20
INFO: [SYN 201-210] Renamed object name 'matrix_mult_b_buff_0_12' to 'matrix_mult_b_bufpcA' due to the length limit 20
INFO: [SYN 201-210] Renamed object name 'matrix_mult_b_buff_0_13' to 'matrix_mult_b_bufqcK' due to the length limit 20
INFO: [SYN 201-210] Renamed object name 'matrix_mult_b_buff_0_14' to 'matrix_mult_b_bufrcU' due to the length limit 20
INFO: [SYN 201-210] Renamed object name 'matrix_mult_b_buff_0_15' to 'matrix_mult_b_bufsc4' due to the length limit 20
INFO: [SYN 201-210] Renamed object name 'matrix_mult_b_buff_0_16' to 'matrix_mult_b_buftde' due to the length limit 20
INFO: [SYN 201-210] Renamed object name 'matrix_mult_b_buff_0_17' to 'matrix_mult_b_bufudo' due to the length limit 20
INFO: [SYN 201-210] Renamed object name 'matrix_mult_b_buff_0_18' to 'matrix_mult_b_bufvdy' due to the length limit 20
INFO: [SYN 201-210] Renamed object name 'matrix_mult_b_buff_0_19' to 'matrix_mult_b_bufwdI' due to the length limit 20
INFO: [SYN 201-210] Renamed object name 'matrix_mult_b_buff_1_0' to 'matrix_mult_b_bufxdS' due to the length limit 20
INFO: [SYN 201-210] Renamed object name 'matrix_mult_b_buff_1_1' to 'matrix_mult_b_bufyd2' due to the length limit 20
INFO: [SYN 201-210] Renamed object name 'matrix_mult_b_buff_1_2' to 'matrix_mult_b_bufzec' due to the length limit 20
INFO: [SYN 201-210] Renamed object name 'matrix_mult_b_buff_1_3' to 'matrix_mult_b_bufAem' due to the length limit 20
INFO: [SYN 201-210] Renamed object name 'matrix_mult_b_buff_1_4' to 'matrix_mult_b_bufBew' due to the length limit 20
INFO: [SYN 201-210] Renamed object name 'matrix_mult_b_buff_1_5' to 'matrix_mult_b_bufCeG' due to the length limit 20
INFO: [SYN 201-210] Renamed object name 'matrix_mult_b_buff_1_6' to 'matrix_mult_b_bufDeQ' due to the length limit 20
INFO: [SYN 201-210] Renamed object name 'matrix_mult_b_buff_1_7' to 'matrix_mult_b_bufEe0' due to the length limit 20
INFO: [SYN 201-210] Renamed object name 'matrix_mult_b_buff_1_8' to 'matrix_mult_b_bufFfa' due to the length limit 20
INFO: [SYN 201-210] Renamed object name 'matrix_mult_b_buff_1_9' to 'matrix_mult_b_bufGfk' due to the length limit 20
INFO: [SYN 201-210] Renamed object name 'matrix_mult_b_buff_1_10' to 'matrix_mult_b_bufHfu' due to the length limit 20
INFO: [SYN 201-210] Renamed object name 'matrix_mult_b_buff_1_11' to 'matrix_mult_b_bufIfE' due to the length limit 20
INFO: [SYN 201-210] Renamed object name 'matrix_mult_b_buff_1_12' to 'matrix_mult_b_bufJfO' due to the length limit 20
INFO: [SYN 201-210] Renamed object name 'matrix_mult_b_buff_1_13' to 'matrix_mult_b_bufKfY' due to the length limit 20
INFO: [SYN 201-210] Renamed object name 'matrix_mult_b_buff_1_14' to 'matrix_mult_b_bufLf8' due to the length limit 20
INFO: [SYN 201-210] Renamed object name 'matrix_mult_b_buff_1_15' to 'matrix_mult_b_bufMgi' due to the length limit 20
INFO: [SYN 201-210] Renamed object name 'matrix_mult_b_buff_1_16' to 'matrix_mult_b_bufNgs' due to the length limit 20
INFO: [SYN 201-210] Renamed object name 'matrix_mult_b_buff_1_17' to 'matrix_mult_b_bufOgC' due to the length limit 20
INFO: [SYN 201-210] Renamed object name 'matrix_mult_b_buff_1_18' to 'matrix_mult_b_bufPgM' due to the length limit 20
INFO: [SYN 201-210] Renamed object name 'matrix_mult_b_buff_1_19' to 'matrix_mult_b_bufQgW' due to the length limit 20
INFO: [SYN 201-210] Renamed object name 'matrix_mult_c_buff_0' to 'matrix_mult_c_bufRg6' due to the length limit 20
INFO: [SYN 201-210] Renamed object name 'matrix_mult_c_buff_1' to 'matrix_mult_c_bufShg' due to the length limit 20
INFO: [SYN 201-210] Renamed object name 'matrix_mult_urem_9ns_9ns_9_13_1' to 'matrix_mult_urem_Thq' due to the length limit 20
INFO: [RTGEN 206-100] Generating core module 'matrix_mult_urem_Thq': 60 instance(s).
INFO: [RTGEN 206-100] Finished creating RTL model for 'matrix_mult'.
Command         create_rtl_model done; 1.04 sec.
INFO: [HLS 200-111]  Elapsed time: 4.31 seconds; current allocated memory: 150.402 MB.
Execute         source /home/ks977/ECE-6775-Final/row-wise_product/mm.prj/solution1/.autopilot/db/matrix_mult.rtl_wrap.cfg.tcl 
Execute         gen_rtl matrix_mult -istop -style xilinx -tracefl mytrace -tracefmt vcd -traceopt all -f -lang sc -o /home/ks977/ECE-6775-Final/row-wise_product/mm.prj/solution1/syn/systemc/matrix_mult -synmodules matrix_mult 
Execute         gen_rtl matrix_mult -istop -style xilinx -f -lang vhdl -o /home/ks977/ECE-6775-Final/row-wise_product/mm.prj/solution1/syn/vhdl/matrix_mult 
Command         gen_rtl done; 0.78 sec.
Execute         gen_rtl matrix_mult -istop -style xilinx -f -lang vlog -o /home/ks977/ECE-6775-Final/row-wise_product/mm.prj/solution1/syn/verilog/matrix_mult 
Command         gen_rtl done; 0.4 sec.
Execute         syn_report -csynth -model matrix_mult -o /home/ks977/ECE-6775-Final/row-wise_product/mm.prj/solution1/syn/report/matrix_mult_csynth.rpt 
Command         syn_report done; 0.4 sec.
Execute         syn_report -rtlxml -model matrix_mult -o /home/ks977/ECE-6775-Final/row-wise_product/mm.prj/solution1/syn/report/matrix_mult_csynth.xml 
Command         syn_report done; 0.42 sec.
Execute         syn_report -verbosereport -model matrix_mult -o /home/ks977/ECE-6775-Final/row-wise_product/mm.prj/solution1/.autopilot/db/matrix_mult.verbose.rpt 
Command         syn_report done; 3.04 sec.
Execute         db_write -model matrix_mult -f -o /home/ks977/ECE-6775-Final/row-wise_product/mm.prj/solution1/.autopilot/db/matrix_mult.adb 
Command         db_write done; 1.24 sec.
Execute         gen_tb_info matrix_mult -p /home/ks977/ECE-6775-Final/row-wise_product/mm.prj/solution1/.autopilot/db -o /home/ks977/ECE-6775-Final/row-wise_product/mm.prj/solution1/.autopilot/db/matrix_mult 
Execute         export_constraint_db -f -tool general -o /home/ks977/ECE-6775-Final/row-wise_product/mm.prj/solution1/.autopilot/db/matrix_mult.constraint.tcl 
Execute         syn_report -designview -model matrix_mult -o /home/ks977/ECE-6775-Final/row-wise_product/mm.prj/solution1/.autopilot/db/matrix_mult.design.xml 
Command         syn_report done; 0.85 sec.
Execute         get_config_rtl -disable_wave_debug 
Execute         syn_report -wcfg -model matrix_mult -o /home/ks977/ECE-6775-Final/row-wise_product/mm.prj/solution1/.autopilot/db/matrix_mult_dataflow_ana.wcfg 
Execute         syn_report -protoinst -model matrix_mult -o /home/ks977/ECE-6775-Final/row-wise_product/mm.prj/solution1/.autopilot/db/matrix_mult.protoinst 
Execute         get_config_debug -directory 
Execute         sc_get_clocks matrix_mult 
Execute         get_config_export -vivado_clock 
Execute         sc_get_portdomain matrix_mult 
INFO-FLOW: Model list for RTL component generation: matrix_mult
INFO-FLOW: Handling components in module [matrix_mult] ... 
Execute         source /home/ks977/ECE-6775-Final/row-wise_product/mm.prj/solution1/.autopilot/db/matrix_mult.compgen.tcl 
INFO-FLOW: Found component matrix_mult_urem_Thq.
INFO-FLOW: Append model matrix_mult_urem_Thq
INFO-FLOW: Found component matrix_mult_a_bufbkb.
INFO-FLOW: Append model matrix_mult_a_bufbkb
INFO-FLOW: Found component matrix_mult_b_bufdEe.
INFO-FLOW: Append model matrix_mult_b_bufdEe
INFO-FLOW: Found component matrix_mult_c_bufRg6.
INFO-FLOW: Append model matrix_mult_c_bufRg6
INFO-FLOW: Found component matrix_mult_c_vec.
INFO-FLOW: Append model matrix_mult_c_vec
INFO-FLOW: Append model matrix_mult
INFO-FLOW: Generating RTL model list ...
INFO-FLOW: All models in this session: matrix_mult_urem_Thq matrix_mult_a_bufbkb matrix_mult_b_bufdEe matrix_mult_c_bufRg6 matrix_mult_c_vec matrix_mult
INFO-FLOW: To file: write model matrix_mult_urem_Thq
INFO-FLOW: To file: write model matrix_mult_a_bufbkb
INFO-FLOW: To file: write model matrix_mult_b_bufdEe
INFO-FLOW: To file: write model matrix_mult_c_bufRg6
INFO-FLOW: To file: write model matrix_mult_c_vec
INFO-FLOW: To file: write model matrix_mult
INFO-FLOW: Finished generating RTL model list.


INFO-FLOW: RTL Generation done.
INFO-FLOW: CAS Generation done.
INFO-FLOW: CBC Generation done.
Execute         syn_report -model matrix_mult -printsummary 
INFO: [HLS 200-790] **** Loop Constraint Status: All loop constraints were NOT satisfied.
INFO: [HLS 200-789] **** Estimated Fmax: 117.51 MHz
INFO-FLOW: DBG:CMD: auto_generate_csynth_design
INFO-FLOW: DBG:CMD:     auto_generate --sim-model -phase csynth_design -d /home/ks977/ECE-6775-Final/row-wise_product/mm.prj/solution1
Execute         source /home/ks977/ECE-6775-Final/row-wise_product/mm.prj/solution1/.autopilot/db/global.setting.tcl 
INFO-FLOW: DBG:CMD: read_platform_lib /home/ks977/ECE-6775-Final/row-wise_product/mm.prj/solution1/.autopilot/db/global.setting.tcl
Execute         source /opt/xilinx/Xilinx_Vivado_vitis_2019.2/Vivado/2019.2/common/technology/generic/autopilot/common.gen 
Execute           source /opt/xilinx/Xilinx_Vivado_vitis_2019.2/Vivado/2019.2/common/technology/generic/autopilot/APCoreGen.gen 
Execute         source /opt/xilinx/Xilinx_Vivado_vitis_2019.2/Vivado/2019.2/common/technology/generic/autopilot/op.gen 
Execute         source /opt/xilinx/Xilinx_Vivado_vitis_2019.2/Vivado/2019.2/common/technology/generic/autopilot/op_simcore.gen 
Execute         source /opt/xilinx/Xilinx_Vivado_vitis_2019.2/Vivado/2019.2/common/technology/generic/autopilot/interface.gen 
Execute         source /home/ks977/ECE-6775-Final/row-wise_product/mm.prj/solution1/.autopilot/db/global.setting.tcl 
Execute         source /opt/xilinx/Xilinx_Vivado_vitis_2019.2/Vivado/2019.2/common/technology/xilinx/zynq/zynq.gen 
Execute           source /opt/xilinx/Xilinx_Vivado_vitis_2019.2/Vivado/2019.2/common/technology/xilinx/common/xilinx.gen 
Execute             source /opt/xilinx/Xilinx_Vivado_vitis_2019.2/Vivado/2019.2/common/technology/xilinx/interface/plb46.gen 
Execute             source /opt/xilinx/Xilinx_Vivado_vitis_2019.2/Vivado/2019.2/common/technology/xilinx/interface/fsl.gen 
Execute             source /opt/xilinx/Xilinx_Vivado_vitis_2019.2/Vivado/2019.2/common/technology/xilinx/interface/axi4.gen 
Execute             source /opt/xilinx/Xilinx_Vivado_vitis_2019.2/Vivado/2019.2/common/technology/xilinx/interface/nativeAXI4.gen 
Execute               source /opt/xilinx/Xilinx_Vivado_vitis_2019.2/Vivado/2019.2/common/technology/xilinx/interface/saxilite.gen 
Execute               source /opt/xilinx/Xilinx_Vivado_vitis_2019.2/Vivado/2019.2/common/technology/xilinx/interface/maxi.gen 
Execute             source /opt/xilinx/Xilinx_Vivado_vitis_2019.2/Vivado/2019.2/common/technology/xilinx/scripts/xilinxcoregen.gen 
Execute             source /opt/xilinx/Xilinx_Vivado_vitis_2019.2/Vivado/2019.2/common/technology/xilinx/interface/XilEDKCoreGen.gen 
Execute             source /opt/xilinx/Xilinx_Vivado_vitis_2019.2/Vivado/2019.2/common/technology/xilinx/ip/dds_compiler.gen 
Execute             source /opt/xilinx/Xilinx_Vivado_vitis_2019.2/Vivado/2019.2/common/technology/xilinx/ip/util.gen 
Execute             source /opt/xilinx/Xilinx_Vivado_vitis_2019.2/Vivado/2019.2/common/technology/xilinx/ip/xfft.gen 
Execute             source /opt/xilinx/Xilinx_Vivado_vitis_2019.2/Vivado/2019.2/common/technology/xilinx/ip/xfir.gen 
Execute             source /opt/xilinx/Xilinx_Vivado_vitis_2019.2/Vivado/2019.2/common/technology/xilinx/common/dsp48.gen 
Command           ap_source done; 0.12 sec.
Command         ap_source done; 0.12 sec.
Execute         source /opt/xilinx/Xilinx_Vivado_vitis_2019.2/Vivado/2019.2/common/technology/xilinx/zynq/zynq_fpv6.gen 
Execute           source /opt/xilinx/Xilinx_Vivado_vitis_2019.2/Vivado/2019.2/common/technology/xilinx/common/xilinx_fp.gen 
INFO-FLOW: DBG:CMD:   using AESL_AUTOCG::g_clock_period=10.000 (was NA)
INFO-FLOW: DBG:CMD:       generate_ip_cores sim=1 export=0 expOnly=0 dstVlogDir=syn/verilog
Execute         source /home/ks977/ECE-6775-Final/row-wise_product/mm.prj/solution1/.autopilot/db/global.setting.tcl 
Execute         ap_part_info -name xc7z020-clg484-1 -data names -quiet 
Execute         ap_part_info -name xc7z020-clg484-1 -data info -quiet 
Execute         source /home/ks977/ECE-6775-Final/row-wise_product/mm.prj/solution1/.autopilot/db/global.setting.tcl 
Execute         source /home/ks977/ECE-6775-Final/row-wise_product/mm.prj/solution1/.autopilot/db/global.setting.tcl 
Execute         source /home/ks977/ECE-6775-Final/row-wise_product/mm.prj/solution1/.autopilot/db/matrix_mult.compgen.tcl 
Execute           ap_part_info -name xc7z020-clg484-1 -data names -quiet 
Execute           ap_part_info -name xc7z020-clg484-1 -data info -quiet 
INFO: [RTMG 210-282] Generating pipelined core: 'matrix_mult_urem_Thq_div'
INFO: [RTMG 210-278] Implementing memory 'matrix_mult_a_bufbkb_ram (RAM)' using block RAMs.
Execute           ap_part_info -name xc7z020-clg484-1 -data names -quiet 
Execute           ap_part_info -name xc7z020-clg484-1 -data info -quiet 
INFO: [RTMG 210-278] Implementing memory 'matrix_mult_b_bufdEe_ram (RAM)' using distributed RAMs.
Execute           ap_part_info -name xc7z020-clg484-1 -data names -quiet 
Execute           ap_part_info -name xc7z020-clg484-1 -data info -quiet 
INFO: [RTMG 210-278] Implementing memory 'matrix_mult_c_bufRg6_ram (RAM)' using block RAMs.
Execute           ap_part_info -name xc7z020-clg484-1 -data names -quiet 
Execute           ap_part_info -name xc7z020-clg484-1 -data info -quiet 
INFO: [RTMG 210-278] Implementing memory 'matrix_mult_c_vec_ram (RAM)' using block RAMs.
Execute           ap_part_info -name xc7z020-clg484-1 -data names -quiet 
Execute           ap_part_info -name xc7z020-clg484-1 -data info -quiet 
Command         ap_source done; 0.35 sec.
INFO-FLOW: DBG:CMD:     auto_generate -export -impltomg_flag -rtl both -tool Vivado -pcore_version 1.00.a -phase csynth_design -d /home/ks977/ECE-6775-Final/row-wise_product/mm.prj/solution1
Execute         source /home/ks977/ECE-6775-Final/row-wise_product/mm.prj/solution1/.autopilot/db/global.setting.tcl 
INFO-FLOW: DBG:CMD: read_platform_lib /home/ks977/ECE-6775-Final/row-wise_product/mm.prj/solution1/.autopilot/db/global.setting.tcl
Execute         source /opt/xilinx/Xilinx_Vivado_vitis_2019.2/Vivado/2019.2/common/technology/generic/autopilot/common.gen 
Execute           source /opt/xilinx/Xilinx_Vivado_vitis_2019.2/Vivado/2019.2/common/technology/generic/autopilot/APCoreGen.gen 
Execute         source /opt/xilinx/Xilinx_Vivado_vitis_2019.2/Vivado/2019.2/common/technology/generic/autopilot/op.gen 
Execute         source /opt/xilinx/Xilinx_Vivado_vitis_2019.2/Vivado/2019.2/common/technology/generic/autopilot/op_simcore.gen 
Execute         source /opt/xilinx/Xilinx_Vivado_vitis_2019.2/Vivado/2019.2/common/technology/generic/autopilot/interface.gen 
Execute         source /home/ks977/ECE-6775-Final/row-wise_product/mm.prj/solution1/.autopilot/db/global.setting.tcl 
Execute         source /opt/xilinx/Xilinx_Vivado_vitis_2019.2/Vivado/2019.2/common/technology/xilinx/zynq/zynq.gen 
Execute           source /opt/xilinx/Xilinx_Vivado_vitis_2019.2/Vivado/2019.2/common/technology/xilinx/common/xilinx.gen 
Execute             source /opt/xilinx/Xilinx_Vivado_vitis_2019.2/Vivado/2019.2/common/technology/xilinx/interface/plb46.gen 
Execute             source /opt/xilinx/Xilinx_Vivado_vitis_2019.2/Vivado/2019.2/common/technology/xilinx/interface/fsl.gen 
Execute             source /opt/xilinx/Xilinx_Vivado_vitis_2019.2/Vivado/2019.2/common/technology/xilinx/interface/axi4.gen 
Execute             source /opt/xilinx/Xilinx_Vivado_vitis_2019.2/Vivado/2019.2/common/technology/xilinx/interface/nativeAXI4.gen 
Execute               source /opt/xilinx/Xilinx_Vivado_vitis_2019.2/Vivado/2019.2/common/technology/xilinx/interface/saxilite.gen 
Execute               source /opt/xilinx/Xilinx_Vivado_vitis_2019.2/Vivado/2019.2/common/technology/xilinx/interface/maxi.gen 
Execute             source /opt/xilinx/Xilinx_Vivado_vitis_2019.2/Vivado/2019.2/common/technology/xilinx/scripts/xilinxcoregen.gen 
Execute             source /opt/xilinx/Xilinx_Vivado_vitis_2019.2/Vivado/2019.2/common/technology/xilinx/interface/XilEDKCoreGen.gen 
Execute             source /opt/xilinx/Xilinx_Vivado_vitis_2019.2/Vivado/2019.2/common/technology/xilinx/ip/dds_compiler.gen 
Execute             source /opt/xilinx/Xilinx_Vivado_vitis_2019.2/Vivado/2019.2/common/technology/xilinx/ip/util.gen 
Execute             source /opt/xilinx/Xilinx_Vivado_vitis_2019.2/Vivado/2019.2/common/technology/xilinx/ip/xfft.gen 
Execute             source /opt/xilinx/Xilinx_Vivado_vitis_2019.2/Vivado/2019.2/common/technology/xilinx/ip/xfir.gen 
Execute             source /opt/xilinx/Xilinx_Vivado_vitis_2019.2/Vivado/2019.2/common/technology/xilinx/common/dsp48.gen 
Command           ap_source done; 0.12 sec.
Command         ap_source done; 0.12 sec.
Execute         source /opt/xilinx/Xilinx_Vivado_vitis_2019.2/Vivado/2019.2/common/technology/xilinx/zynq/zynq_fpv6.gen 
Execute           source /opt/xilinx/Xilinx_Vivado_vitis_2019.2/Vivado/2019.2/common/technology/xilinx/common/xilinx_fp.gen 
INFO-FLOW: DBG:CMD:       initCTypeInfo top_module=matrix_mult xml_exists=0
Execute         source /home/ks977/ECE-6775-Final/row-wise_product/mm.prj/solution1/.autopilot/db/matrix_mult.rtl_wrap.cfg.tcl 
Execute         source /home/ks977/ECE-6775-Final/row-wise_product/mm.prj/solution1/.autopilot/db/matrix_mult.rtl_wrap.cfg.tcl 
Execute         source /home/ks977/ECE-6775-Final/row-wise_product/mm.prj/solution1/.autopilot/db/matrix_mult.rtl_wrap.cfg.tcl 
Execute         source /home/ks977/ECE-6775-Final/row-wise_product/mm.prj/solution1/.autopilot/db/matrix_mult.tbgen.tcl 
Execute         source /home/ks977/ECE-6775-Final/row-wise_product/mm.prj/solution1/.autopilot/db/matrix_mult.tbgen.tcl 
INFO-FLOW: DBG:CMD:       export_impl_rtl
INFO-FLOW: DBG:CMD:       generate_ip_cores sim=0 export=0 expOnly=0 dstVlogDir=impl/.verilog
Execute         source /home/ks977/ECE-6775-Final/row-wise_product/mm.prj/solution1/.autopilot/db/global.setting.tcl 
Execute         source /home/ks977/ECE-6775-Final/row-wise_product/mm.prj/solution1/.autopilot/db/matrix_mult.compgen.tcl 
INFO-FLOW: DBG:CMD:       generate_ip_cores sim=0 export=1 expOnly=1 dstVlogDir=impl/.pcores/verilog
Execute         source /home/ks977/ECE-6775-Final/row-wise_product/mm.prj/solution1/.autopilot/db/global.setting.tcl 
Execute         source /home/ks977/ECE-6775-Final/row-wise_product/mm.prj/solution1/.autopilot/db/matrix_mult.compgen.tcl 
Execute           ap_part_info -name xc7z020-clg484-1 -data names -quiet 
Execute           ap_part_info -name xc7z020-clg484-1 -data info -quiet 
Execute           ap_part_info -name xc7z020-clg484-1 -data names -quiet 
Execute           ap_part_info -name xc7z020-clg484-1 -data info -quiet 
Execute           source /home/ks977/ECE-6775-Final/row-wise_product/mm.prj/solution1/.autopilot/db/matrix_mult.tbgen.tcl 
Execute           source /home/ks977/ECE-6775-Final/row-wise_product/mm.prj/solution1/.autopilot/db/matrix_mult.tbgen.tcl 
Execute           source /home/ks977/ECE-6775-Final/row-wise_product/mm.prj/solution1/.autopilot/db/matrix_mult.tbgen.tcl 
Execute           source /home/ks977/ECE-6775-Final/row-wise_product/mm.prj/solution1/.autopilot/db/matrix_mult.tbgen.tcl 
Execute           source /home/ks977/ECE-6775-Final/row-wise_product/mm.prj/solution1/.autopilot/db/matrix_mult.tbgen.tcl 
Execute           source /home/ks977/ECE-6775-Final/row-wise_product/mm.prj/solution1/.autopilot/db/matrix_mult.tbgen.tcl 
Execute           ap_part_info -name xc7z020-clg484-1 -data names -quiet 
Execute           ap_part_info -name xc7z020-clg484-1 -data info -quiet 
Execute           ap_part_info -name xc7z020-clg484-1 -data names -quiet 
Execute           ap_part_info -name xc7z020-clg484-1 -data info -quiet 
Execute           ap_part_info -name xc7z020-clg484-1 -data names -quiet 
Execute           ap_part_info -name xc7z020-clg484-1 -data info -quiet 
Execute           ap_part_info -name xc7z020-clg484-1 -data names -quiet 
Execute           ap_part_info -name xc7z020-clg484-1 -data info -quiet 
Execute           ap_part_info -name xc7z020-clg484-1 -data names -quiet 
Execute           ap_part_info -name xc7z020-clg484-1 -data info -quiet 
Command         ap_source done; 0.23 sec.
Execute         ap_part_info -name xc7z020-clg484-1 -data names -quiet 
Execute         ap_part_info -name xc7z020-clg484-1 -data info -quiet 
INFO-FLOW: DBG:CMD:       generate_ip_cores sim=0 export=0 expOnly=0 dstVlogDir=impl/.pcores/verilog_sim
Execute         source /home/ks977/ECE-6775-Final/row-wise_product/mm.prj/solution1/.autopilot/db/global.setting.tcl 
Execute         source /home/ks977/ECE-6775-Final/row-wise_product/mm.prj/solution1/.autopilot/db/matrix_mult.compgen.tcl 
Execute         ap_part_info -name xc7z020-clg484-1 -data names -quiet 
Execute         ap_part_info -name xc7z020-clg484-1 -data info -quiet 
Execute         ap_part_info -name xc7z020-clg484-1 -data names -quiet 
Execute         ap_part_info -name xc7z020-clg484-1 -data info -quiet 
Execute         source /home/ks977/ECE-6775-Final/row-wise_product/mm.prj/solution1/.autopilot/db/global.setting.tcl 
Execute         ap_part_info -name xc7z020-clg484-1 -data names -quiet 
Execute         ap_part_info -name xc7z020-clg484-1 -data info -quiet 
Execute         source /home/ks977/ECE-6775-Final/row-wise_product/mm.prj/solution1/.autopilot/db/matrix_mult.constraint.tcl 
Execute         source /home/ks977/ECE-6775-Final/row-wise_product/mm.prj/solution1/.autopilot/db/matrix_mult.tbgen.tcl 
INFO-FLOW: DBG:CMD:       hasPcoreIpAdapter=false #gSsdmPorts=14
INFO-FLOW: DBG:CMD: Skipping loadAnalyze_DB, #g_database=6
INFO-FLOW: DBG:CMD:       generate_json is_phase_csynth=1 g_has_adaptors=false generate_bd_files=0 #modelList=6 #gSsdmPorts=14
Execute         source /opt/xilinx/Xilinx_Vivado_vitis_2019.2/Vivado/2019.2/tps/tcl/tcllib1.11.1/fileutil/fileutil.tcl 
Execute         source /home/ks977/ECE-6775-Final/row-wise_product/mm.prj/solution1/.autopilot/db/global.setting.tcl 
Execute         source /home/ks977/ECE-6775-Final/row-wise_product/mm.prj/solution1/.autopilot/db/global.setting.tcl 
Execute         get_config_export -xo 
Execute         source /home/ks977/ECE-6775-Final/row-wise_product/mm.prj/solution1/.autopilot/db/matrix_mult.tbgen.tcl 
Execute         source /home/ks977/ECE-6775-Final/row-wise_product/mm.prj/solution1/.autopilot/db/matrix_mult.tbgen.tcl 
Execute         source /home/ks977/ECE-6775-Final/row-wise_product/mm.prj/solution1/.autopilot/db/matrix_mult.tbgen.tcl 
Execute         source /home/ks977/ECE-6775-Final/row-wise_product/mm.prj/solution1/.autopilot/db/matrix_mult.tbgen.tcl 
Execute         source /home/ks977/ECE-6775-Final/row-wise_product/mm.prj/solution1/.autopilot/db/matrix_mult.tbgen.tcl 
Execute         source /home/ks977/ECE-6775-Final/row-wise_product/mm.prj/solution1/.autopilot/db/matrix_mult.tbgen.tcl 
Execute         source /home/ks977/ECE-6775-Final/row-wise_product/mm.prj/solution1/.autopilot/db/global.setting.tcl 
Execute         get_config_sdx -target 
Execute         source /home/ks977/ECE-6775-Final/row-wise_product/mm.prj/solution1/.autopilot/db/matrix_mult.rtl_wrap.cfg.tcl 
Execute         source /home/ks977/ECE-6775-Final/row-wise_product/mm.prj/solution1/.autopilot/db/matrix_mult.compgen.dataonly.tcl 
Execute         source /home/ks977/ECE-6775-Final/row-wise_product/mm.prj/solution1/.autopilot/db/global.setting.tcl 
Execute         ap_part_info -name xc7z020-clg484-1 -data names -quiet 
Execute         ap_part_info -name xc7z020-clg484-1 -data info -quiet 
Execute         source /home/ks977/ECE-6775-Final/row-wise_product/mm.prj/solution1/.autopilot/db/matrix_mult.constraint.tcl 
Execute         sc_get_clocks matrix_mult 
Execute         ap_part_info -name xc7z020-clg484-1 -data names -quiet 
Execute         ap_part_info -name xc7z020-clg484-1 -data info -quiet 
Execute         source /home/ks977/ECE-6775-Final/row-wise_product/mm.prj/solution1/.autopilot/db/global.setting.tcl 
Execute         get_config_debug -directory 
Execute         source /home/ks977/ECE-6775-Final/row-wise_product/mm.prj/solution1/.autopilot/db/matrix_mult.tbgen.tcl 
Execute         get_config_sdx -target 
Execute         get_config_sdx -profile 
Execute         get_config_rtl -kernel_profile 
Execute         get_config_rtl -stall_sig_gen 
Execute         get_config_rtl -profile 
INFO-FLOW: DBG:CMD: add_json_sdx_info kernel file does not exist, skipping opencl info: /home/ks977/ECE-6775-Final/row-wise_product/mm.prj/solution1/.autopilot/db/kernel.internal.xml
INFO-FLOW: DBG:CMD:       delete-temp-dirs (skipped for debug)
INFO: [HLS 200-111] Finished generating all RTL models Time (s): cpu = 00:00:27 ; elapsed = 00:00:40 . Memory (MB): peak = 1172.680 ; gain = 530.188 ; free physical = 3896 ; free virtual = 28819
INFO: [VHDL 208-304] Generating VHDL RTL for matrix_mult.
INFO: [VLOG 209-307] Generating Verilog RTL for matrix_mult.
Command       autosyn done; 22.15 sec.
Command     csynth_design done; 33.6 sec.
Execute     cleanup_all 
