==============================================================
Vivado(TM) HLS - High-Level Synthesis from C, C++ and SystemC v2019.2.1 (64-bit)
Copyright 1986-2019 Xilinx, Inc. All Rights Reserved.
==============================================================
INFO: [HLS 200-10] Setting target device to 'xc7z020-clg484-1'
INFO: [SYN 201-201] Setting up clock 'default' with a period of 10ns.
INFO: [SIM 211-2] *************** CSIM start ***************
INFO: [SIM 211-4] CSIM will launch GCC as the compiler.
INFO: [SIM 211-1] CSim done with 0 errors.
INFO: [SIM 211-3] *************** CSIM finish ***************
INFO: [SCHED 204-61] Option 'relax_ii_for_timing' is enabled, will increase II to preserve clock frequency constraints.
INFO: [HLS 200-10] Analyzing design file 'mm_mult.cc' ... 
INFO: [HLS 200-111] Finished Linking Time (s): cpu = 00:00:10 ; elapsed = 00:00:14 . Memory (MB): peak = 1172.680 ; gain = 530.188 ; free physical = 3981 ; free virtual = 28880
INFO: [HLS 200-111] Finished Checking Pragmas Time (s): cpu = 00:00:10 ; elapsed = 00:00:14 . Memory (MB): peak = 1172.680 ; gain = 530.188 ; free physical = 3980 ; free virtual = 28879
INFO: [HLS 200-10] Starting code transformations ...
INFO: [HLS 200-111] Finished Standard Transforms Time (s): cpu = 00:00:11 ; elapsed = 00:00:15 . Memory (MB): peak = 1172.680 ; gain = 530.188 ; free physical = 4003 ; free virtual = 28903
INFO: [HLS 200-10] Checking synthesizability ...
INFO: [HLS 200-111] Finished Checking Synthesizability Time (s): cpu = 00:00:11 ; elapsed = 00:00:16 . Memory (MB): peak = 1172.680 ; gain = 530.188 ; free physical = 4003 ; free virtual = 28903
INFO: [XFORM 203-502] Unrolling all sub-loops inside loop 'Loop-1' (mm_mult.cc:25) in function 'matrix_mult' for pipelining.
INFO: [XFORM 203-502] Unrolling all sub-loops inside loop 'Loop-2' (mm_mult.cc:32) in function 'matrix_mult' for pipelining.
INFO: [XFORM 203-502] Unrolling all sub-loops inside loop 'Loop-3.2' (mm_mult.cc:48) in function 'matrix_mult' for pipelining.
INFO: [XFORM 203-502] Unrolling all sub-loops inside loop 'Loop-4' (mm_mult.cc:62) in function 'matrix_mult' for pipelining.
INFO: [HLS 200-489] Unrolling loop 'Loop-1.1' (mm_mult.cc:27) in function 'matrix_mult' completely with a factor of 20.
INFO: [HLS 200-489] Unrolling loop 'Loop-2.1' (mm_mult.cc:34) in function 'matrix_mult' completely with a factor of 20.
INFO: [HLS 200-489] Unrolling loop 'Loop-3.2.1' (mm_mult.cc:50) in function 'matrix_mult' completely with a factor of 20.
INFO: [HLS 200-489] Unrolling loop 'Loop-4.1' (mm_mult.cc:64) in function 'matrix_mult' completely with a factor of 20.
INFO: [XFORM 203-101] Partitioning array 'a_buff' (mm_mult.cc:11) in dimension 1 with a block factor 2.
INFO: [XFORM 203-101] Partitioning array 'b_buff' (mm_mult.cc:12) in dimension 1 with a block factor 2.
INFO: [XFORM 203-101] Partitioning array 'c_buff' (mm_mult.cc:13) in dimension 1 with a block factor 2.
INFO: [XFORM 203-101] Partitioning array 'a' (mm_mult.cc:7) in dimension 1 with a block factor 2.
INFO: [XFORM 203-101] Partitioning array 'b' (mm_mult.cc:8) in dimension 1 with a block factor 2.
INFO: [XFORM 203-101] Partitioning array 'c' (mm_mult.cc:9) in dimension 1 with a block factor 2.
INFO: [XFORM 203-102] Partitioning array 'b_buff.0' (mm_mult.cc:12) in dimension 2 automatically.
INFO: [XFORM 203-102] Partitioning array 'b_buff.1' (mm_mult.cc:12) in dimension 2 automatically.
INFO: [XFORM 203-401] Performing if-conversion on hyperblock from (mm_mult.cc:25:32) to (mm_mult.cc:28:13) in function 'matrix_mult'... converting 4 basic blocks.
INFO: [XFORM 203-401] Performing if-conversion on hyperblock from (mm_mult.cc:28:13) to (mm_mult.cc:28:13) in function 'matrix_mult'... converting 4 basic blocks.
INFO: [XFORM 203-401] Performing if-conversion on hyperblock from (mm_mult.cc:28:13) to (mm_mult.cc:28:13) in function 'matrix_mult'... converting 4 basic blocks.
INFO: [XFORM 203-401] Performing if-conversion on hyperblock from (mm_mult.cc:28:13) to (mm_mult.cc:28:13) in function 'matrix_mult'... converting 4 basic blocks.
INFO: [XFORM 203-401] Performing if-conversion on hyperblock from (mm_mult.cc:28:13) to (mm_mult.cc:28:13) in function 'matrix_mult'... converting 4 basic blocks.
INFO: [XFORM 203-401] Performing if-conversion on hyperblock from (mm_mult.cc:28:13) to (mm_mult.cc:28:13) in function 'matrix_mult'... converting 4 basic blocks.
INFO: [XFORM 203-401] Performing if-conversion on hyperblock from (mm_mult.cc:28:13) to (mm_mult.cc:28:13) in function 'matrix_mult'... converting 4 basic blocks.
INFO: [XFORM 203-401] Performing if-conversion on hyperblock from (mm_mult.cc:28:13) to (mm_mult.cc:28:13) in function 'matrix_mult'... converting 4 basic blocks.
INFO: [XFORM 203-401] Performing if-conversion on hyperblock from (mm_mult.cc:28:13) to (mm_mult.cc:28:13) in function 'matrix_mult'... converting 4 basic blocks.
INFO: [XFORM 203-401] Performing if-conversion on hyperblock from (mm_mult.cc:28:13) to (mm_mult.cc:28:13) in function 'matrix_mult'... converting 4 basic blocks.
INFO: [XFORM 203-401] Performing if-conversion on hyperblock from (mm_mult.cc:28:13) to (mm_mult.cc:28:13) in function 'matrix_mult'... converting 4 basic blocks.
INFO: [XFORM 203-401] Performing if-conversion on hyperblock from (mm_mult.cc:28:13) to (mm_mult.cc:28:13) in function 'matrix_mult'... converting 4 basic blocks.
INFO: [XFORM 203-401] Performing if-conversion on hyperblock from (mm_mult.cc:28:13) to (mm_mult.cc:28:13) in function 'matrix_mult'... converting 4 basic blocks.
INFO: [XFORM 203-401] Performing if-conversion on hyperblock from (mm_mult.cc:28:13) to (mm_mult.cc:28:13) in function 'matrix_mult'... converting 4 basic blocks.
INFO: [XFORM 203-401] Performing if-conversion on hyperblock from (mm_mult.cc:28:13) to (mm_mult.cc:28:13) in function 'matrix_mult'... converting 4 basic blocks.
INFO: [XFORM 203-401] Performing if-conversion on hyperblock from (mm_mult.cc:28:13) to (mm_mult.cc:28:13) in function 'matrix_mult'... converting 4 basic blocks.
INFO: [XFORM 203-401] Performing if-conversion on hyperblock from (mm_mult.cc:28:13) to (mm_mult.cc:28:13) in function 'matrix_mult'... converting 4 basic blocks.
INFO: [XFORM 203-401] Performing if-conversion on hyperblock from (mm_mult.cc:28:13) to (mm_mult.cc:28:13) in function 'matrix_mult'... converting 4 basic blocks.
INFO: [XFORM 203-401] Performing if-conversion on hyperblock from (mm_mult.cc:28:13) to (mm_mult.cc:28:13) in function 'matrix_mult'... converting 4 basic blocks.
INFO: [XFORM 203-401] Performing if-conversion on hyperblock from (mm_mult.cc:28:13) to (mm_mult.cc:28:13) in function 'matrix_mult'... converting 4 basic blocks.
INFO: [XFORM 203-401] Performing if-conversion on hyperblock from (mm_mult.cc:32:35) to (mm_mult.cc:35:13) in function 'matrix_mult'... converting 4 basic blocks.
INFO: [XFORM 203-401] Performing if-conversion on hyperblock from (mm_mult.cc:35:13) to (mm_mult.cc:35:13) in function 'matrix_mult'... converting 4 basic blocks.
INFO: [XFORM 203-401] Performing if-conversion on hyperblock from (mm_mult.cc:35:13) to (mm_mult.cc:35:13) in function 'matrix_mult'... converting 4 basic blocks.
INFO: [XFORM 203-401] Performing if-conversion on hyperblock from (mm_mult.cc:35:13) to (mm_mult.cc:35:13) in function 'matrix_mult'... converting 4 basic blocks.
INFO: [XFORM 203-401] Performing if-conversion on hyperblock from (mm_mult.cc:35:13) to (mm_mult.cc:35:13) in function 'matrix_mult'... converting 4 basic blocks.
INFO: [XFORM 203-401] Performing if-conversion on hyperblock from (mm_mult.cc:35:13) to (mm_mult.cc:35:13) in function 'matrix_mult'... converting 4 basic blocks.
INFO: [XFORM 203-401] Performing if-conversion on hyperblock from (mm_mult.cc:35:13) to (mm_mult.cc:35:13) in function 'matrix_mult'... converting 4 basic blocks.
INFO: [XFORM 203-401] Performing if-conversion on hyperblock from (mm_mult.cc:35:13) to (mm_mult.cc:35:13) in function 'matrix_mult'... converting 4 basic blocks.
INFO: [XFORM 203-401] Performing if-conversion on hyperblock from (mm_mult.cc:35:13) to (mm_mult.cc:35:13) in function 'matrix_mult'... converting 4 basic blocks.
INFO: [XFORM 203-401] Performing if-conversion on hyperblock from (mm_mult.cc:35:13) to (mm_mult.cc:35:13) in function 'matrix_mult'... converting 4 basic blocks.
INFO: [XFORM 203-401] Performing if-conversion on hyperblock from (mm_mult.cc:35:13) to (mm_mult.cc:35:13) in function 'matrix_mult'... converting 4 basic blocks.
INFO: [XFORM 203-401] Performing if-conversion on hyperblock from (mm_mult.cc:35:13) to (mm_mult.cc:35:13) in function 'matrix_mult'... converting 4 basic blocks.
INFO: [XFORM 203-401] Performing if-conversion on hyperblock from (mm_mult.cc:35:13) to (mm_mult.cc:35:13) in function 'matrix_mult'... converting 4 basic blocks.
INFO: [XFORM 203-401] Performing if-conversion on hyperblock from (mm_mult.cc:35:13) to (mm_mult.cc:35:13) in function 'matrix_mult'... converting 4 basic blocks.
INFO: [XFORM 203-401] Performing if-conversion on hyperblock from (mm_mult.cc:35:13) to (mm_mult.cc:35:13) in function 'matrix_mult'... converting 4 basic blocks.
INFO: [XFORM 203-401] Performing if-conversion on hyperblock from (mm_mult.cc:35:13) to (mm_mult.cc:35:13) in function 'matrix_mult'... converting 4 basic blocks.
INFO: [XFORM 203-401] Performing if-conversion on hyperblock from (mm_mult.cc:35:13) to (mm_mult.cc:35:13) in function 'matrix_mult'... converting 4 basic blocks.
INFO: [XFORM 203-401] Performing if-conversion on hyperblock from (mm_mult.cc:35:13) to (mm_mult.cc:35:13) in function 'matrix_mult'... converting 4 basic blocks.
INFO: [XFORM 203-401] Performing if-conversion on hyperblock from (mm_mult.cc:35:13) to (mm_mult.cc:35:13) in function 'matrix_mult'... converting 4 basic blocks.
INFO: [XFORM 203-401] Performing if-conversion on hyperblock from (mm_mult.cc:35:13) to (mm_mult.cc:35:13) in function 'matrix_mult'... converting 4 basic blocks.
INFO: [XFORM 203-401] Performing if-conversion on hyperblock from (mm_mult.cc:48:39) to (mm_mult.cc:48:33) in function 'matrix_mult'... converting 64 basic blocks.
INFO: [XFORM 203-401] Performing if-conversion on hyperblock from (mm_mult.cc:62:35) to (mm_mult.cc:65:13) in function 'matrix_mult'... converting 4 basic blocks.
INFO: [XFORM 203-401] Performing if-conversion on hyperblock from (mm_mult.cc:65:13) to (mm_mult.cc:65:13) in function 'matrix_mult'... converting 4 basic blocks.
INFO: [XFORM 203-401] Performing if-conversion on hyperblock from (mm_mult.cc:65:13) to (mm_mult.cc:65:13) in function 'matrix_mult'... converting 4 basic blocks.
INFO: [XFORM 203-401] Performing if-conversion on hyperblock from (mm_mult.cc:65:13) to (mm_mult.cc:65:13) in function 'matrix_mult'... converting 4 basic blocks.
INFO: [XFORM 203-401] Performing if-conversion on hyperblock from (mm_mult.cc:65:13) to (mm_mult.cc:65:13) in function 'matrix_mult'... converting 4 basic blocks.
INFO: [XFORM 203-401] Performing if-conversion on hyperblock from (mm_mult.cc:65:13) to (mm_mult.cc:65:13) in function 'matrix_mult'... converting 4 basic blocks.
INFO: [XFORM 203-401] Performing if-conversion on hyperblock from (mm_mult.cc:65:13) to (mm_mult.cc:65:13) in function 'matrix_mult'... converting 4 basic blocks.
INFO: [XFORM 203-401] Performing if-conversion on hyperblock from (mm_mult.cc:65:13) to (mm_mult.cc:65:13) in function 'matrix_mult'... converting 4 basic blocks.
INFO: [XFORM 203-401] Performing if-conversion on hyperblock from (mm_mult.cc:65:13) to (mm_mult.cc:65:13) in function 'matrix_mult'... converting 4 basic blocks.
INFO: [XFORM 203-401] Performing if-conversion on hyperblock from (mm_mult.cc:65:13) to (mm_mult.cc:65:13) in function 'matrix_mult'... converting 4 basic blocks.
INFO: [XFORM 203-401] Performing if-conversion on hyperblock from (mm_mult.cc:65:13) to (mm_mult.cc:65:13) in function 'matrix_mult'... converting 4 basic blocks.
INFO: [XFORM 203-401] Performing if-conversion on hyperblock from (mm_mult.cc:65:13) to (mm_mult.cc:65:13) in function 'matrix_mult'... converting 4 basic blocks.
INFO: [XFORM 203-401] Performing if-conversion on hyperblock from (mm_mult.cc:65:13) to (mm_mult.cc:65:13) in function 'matrix_mult'... converting 4 basic blocks.
INFO: [XFORM 203-401] Performing if-conversion on hyperblock from (mm_mult.cc:65:13) to (mm_mult.cc:65:13) in function 'matrix_mult'... converting 4 basic blocks.
INFO: [XFORM 203-401] Performing if-conversion on hyperblock from (mm_mult.cc:65:13) to (mm_mult.cc:65:13) in function 'matrix_mult'... converting 4 basic blocks.
INFO: [XFORM 203-401] Performing if-conversion on hyperblock from (mm_mult.cc:65:13) to (mm_mult.cc:65:13) in function 'matrix_mult'... converting 4 basic blocks.
INFO: [XFORM 203-401] Performing if-conversion on hyperblock from (mm_mult.cc:65:13) to (mm_mult.cc:65:13) in function 'matrix_mult'... converting 4 basic blocks.
INFO: [XFORM 203-401] Performing if-conversion on hyperblock from (mm_mult.cc:65:13) to (mm_mult.cc:65:13) in function 'matrix_mult'... converting 4 basic blocks.
INFO: [XFORM 203-401] Performing if-conversion on hyperblock from (mm_mult.cc:65:13) to (mm_mult.cc:65:13) in function 'matrix_mult'... converting 4 basic blocks.
INFO: [XFORM 203-401] Performing if-conversion on hyperblock from (mm_mult.cc:65:13) to (mm_mult.cc:65:13) in function 'matrix_mult'... converting 4 basic blocks.
INFO: [HLS 200-111] Finished Pre-synthesis Time (s): cpu = 00:00:12 ; elapsed = 00:00:17 . Memory (MB): peak = 1172.680 ; gain = 530.188 ; free physical = 3975 ; free virtual = 28875
WARNING: [XFORM 203-542] Cannot flatten a loop nest 'Loop-3' (mm_mult.cc:40:19) in function 'matrix_mult' : 

more than one sub loop.
INFO: [HLS 200-472] Inferring partial write operation for 'c_vec' (mm_mult.cc:45:13)
INFO: [HLS 200-472] Inferring partial write operation for 'c_vec' (mm_mult.cc:52:17)
INFO: [HLS 200-472] Inferring partial write operation for 'a_buff[0]' (mm_mult.cc:28:13)
INFO: [HLS 200-472] Inferring partial write operation for 'b_buff[0][19]' (mm_mult.cc:35:13)
INFO: [HLS 200-472] Inferring partial write operation for 'c_buff[0]' (mm_mult.cc:57:13)
INFO: [HLS 200-111] Finished Architecture Synthesis Time (s): cpu = 00:00:13 ; elapsed = 00:00:18 . Memory (MB): peak = 1172.680 ; gain = 530.188 ; free physical = 3974 ; free virtual = 28875
INFO: [HLS 200-10] Starting hardware synthesis ...
INFO: [HLS 200-10] Synthesizing 'matrix_mult' ...
INFO: [HLS 200-10] ----------------------------------------------------------------
INFO: [HLS 200-42] -- Implementing module 'matrix_mult' 
INFO: [HLS 200-10] ----------------------------------------------------------------
INFO: [SCHED 204-11] Starting scheduling ...
INFO: [SCHED 204-61] Pipelining loop 'Loop 1'.
WARNING: [SCHED 204-69] Unable to schedule 'load' operation ('a_0_load_2', mm_mult.cc:28) on array 'a_0' due to limited memory ports. Please consider using a memory core with more ports or partitioning the array 'a_0'.
INFO: [SCHED 204-61] Pipelining result : Target II = 1, Final II = 10, Depth = 23.
INFO: [SCHED 204-61] Pipelining loop 'Loop 2'.
WARNING: [SCHED 204-69] Unable to schedule 'load' operation ('b_0_load_2', mm_mult.cc:35) on array 'b_0' due to limited memory ports. Please consider using a memory core with more ports or partitioning the array 'b_0'.
INFO: [SCHED 204-61] Pipelining result : Target II = 1, Final II = 10, Depth = 23.
INFO: [SCHED 204-61] Pipelining loop 'Loop 3.2'.
WARNING: [SCHED 204-68] The II Violation in module 'matrix_mult' (Loop: Loop 3.2): Unable to enforce a carried dependence constraint (II = 1, distance = 1, offset = 1)
   between 'store' operation ('c_vec_addr_2_write_ln52', mm_mult.cc:52) of variable 'add_ln52', mm_mult.cc:52 on array 'c_vec', mm_mult.cc:43 and 'load' operation ('c_vec_load_1', mm_mult.cc:52) on array 'c_vec', mm_mult.cc:43.
WARNING: [SCHED 204-69] Unable to schedule 'load' operation ('c_vec_load_5', mm_mult.cc:52) on array 'c_vec', mm_mult.cc:43 due to limited memory ports. Please consider using a memory core with more ports or partitioning the array 'c_vec'.
INFO: [SCHED 204-61] Pipelining result : Target II = 1, Final II = 20, Depth = 20.
INFO: [SCHED 204-61] Pipelining loop 'Loop 4'.
WARNING: [SCHED 204-68] The II Violation in module 'matrix_mult' (Loop: Loop 4): Unable to enforce a carried dependence constraint (II = 1, distance = 1, offset = 1)
   between 'store' operation ('c_0_addr_1_write_ln65', mm_mult.cc:65) of variable 'select_ln65_1', mm_mult.cc:65 on array 'c_0' and 'store' operation ('c_0_addr_write_ln65', mm_mult.cc:65) of variable 'select_ln65', mm_mult.cc:65 on array 'c_0'.
WARNING: [SCHED 204-68] The II Violation in module 'matrix_mult' (Loop: Loop 4): Unable to enforce a carried dependence constraint (II = 2, distance = 1, offset = 1)
   between 'store' operation ('c_0_addr_2_write_ln65', mm_mult.cc:65) of variable 'select_ln65_2', mm_mult.cc:65 on array 'c_0' and 'store' operation ('c_0_addr_write_ln65', mm_mult.cc:65) of variable 'select_ln65', mm_mult.cc:65 on array 'c_0'.
WARNING: [SCHED 204-68] The II Violation in module 'matrix_mult' (Loop: Loop 4): Unable to enforce a carried dependence constraint (II = 3, distance = 1, offset = 1)
   between 'store' operation ('c_0_addr_3_write_ln65', mm_mult.cc:65) of variable 'select_ln65_3', mm_mult.cc:65 on array 'c_0' and 'store' operation ('c_0_addr_write_ln65', mm_mult.cc:65) of variable 'select_ln65', mm_mult.cc:65 on array 'c_0'.
WARNING: [SCHED 204-69] Unable to schedule 'load' operation ('c_buff_0_load_8', mm_mult.cc:65) on array 'c_buff[0]', mm_mult.cc:13 due to limited memory ports. Please consider using a memory core with more ports or partitioning the array 'c_buff_0'.
WARNING: [SCHED 204-69] Unable to schedule 'store' operation ('c_1_addr_8_write_ln65', mm_mult.cc:65) of variable 'select_ln65_8', mm_mult.cc:65 on array 'c_1' due to limited memory ports. Please consider using a memory core with more ports or partitioning the array 'c_1'.
INFO: [SCHED 204-61] Pipelining result : Target II = 1, Final II = 12, Depth = 24.
INFO: [SCHED 204-11] Finished scheduling.
INFO: [HLS 200-111]  Elapsed time: 22.56 seconds; current allocated memory: 135.115 MB.
INFO: [BIND 205-100] Starting micro-architecture generation ...
INFO: [BIND 205-101] Performing variable lifetime analysis.
INFO: [BIND 205-101] Exploring resource sharing.
INFO: [BIND 205-101] Binding ...
INFO: [BIND 205-100] Finished micro-architecture generation.
INFO: [HLS 200-111]  Elapsed time: 3.19 seconds; current allocated memory: 141.289 MB.
INFO: [HLS 200-10] ----------------------------------------------------------------
INFO: [HLS 200-10] -- Generating RTL for module 'matrix_mult' 
INFO: [HLS 200-10] ----------------------------------------------------------------
INFO: [RTGEN 206-500] Setting interface mode on port 'matrix_mult/a_0' to 'ap_memory'.
INFO: [RTGEN 206-500] Setting interface mode on port 'matrix_mult/a_1' to 'ap_memory'.
INFO: [RTGEN 206-500] Setting interface mode on port 'matrix_mult/b_0' to 'ap_memory'.
INFO: [RTGEN 206-500] Setting interface mode on port 'matrix_mult/b_1' to 'ap_memory'.
INFO: [RTGEN 206-500] Setting interface mode on port 'matrix_mult/c_0' to 'ap_memory'.
INFO: [RTGEN 206-500] Setting interface mode on port 'matrix_mult/c_1' to 'ap_memory'.
INFO: [RTGEN 206-500] Setting interface mode on function 'matrix_mult' to 'ap_ctrl_hs'.
INFO: [SYN 201-210] Renamed object name 'matrix_mult_a_buff_0' to 'matrix_mult_a_bufbkb' due to the length limit 20
INFO: [SYN 201-210] Renamed object name 'matrix_mult_a_buff_1' to 'matrix_mult_a_bufcud' due to the length limit 20
INFO: [SYN 201-210] Renamed object name 'matrix_mult_b_buff_0_0' to 'matrix_mult_b_bufdEe' due to the length limit 20
INFO: [SYN 201-210] Renamed object name 'matrix_mult_b_buff_0_1' to 'matrix_mult_b_bufeOg' due to the length limit 20
INFO: [SYN 201-210] Renamed object name 'matrix_mult_b_buff_0_2' to 'matrix_mult_b_buffYi' due to the length limit 20
INFO: [SYN 201-210] Renamed object name 'matrix_mult_b_buff_0_3' to 'matrix_mult_b_bufg8j' due to the length limit 20
INFO: [SYN 201-210] Renamed object name 'matrix_mult_b_buff_0_4' to 'matrix_mult_b_bufhbi' due to the length limit 20
INFO: [SYN 201-210] Renamed object name 'matrix_mult_b_buff_0_5' to 'matrix_mult_b_bufibs' due to the length limit 20
INFO: [SYN 201-210] Renamed object name 'matrix_mult_b_buff_0_6' to 'matrix_mult_b_bufjbC' due to the length limit 20
INFO: [SYN 201-210] Renamed object name 'matrix_mult_b_buff_0_7' to 'matrix_mult_b_bufkbM' due to the length limit 20
INFO: [SYN 201-210] Renamed object name 'matrix_mult_b_buff_0_8' to 'matrix_mult_b_buflbW' due to the length limit 20
INFO: [SYN 201-210] Renamed object name 'matrix_mult_b_buff_0_9' to 'matrix_mult_b_bufmb6' due to the length limit 20
INFO: [SYN 201-210] Renamed object name 'matrix_mult_b_buff_0_10' to 'matrix_mult_b_bufncg' due to the length limit 20
INFO: [SYN 201-210] Renamed object name 'matrix_mult_b_buff_0_11' to 'matrix_mult_b_bufocq' due to the length limit 20
INFO: [SYN 201-210] Renamed object name 'matrix_mult_b_buff_0_12' to 'matrix_mult_b_bufpcA' due to the length limit 20
INFO: [SYN 201-210] Renamed object name 'matrix_mult_b_buff_0_13' to 'matrix_mult_b_bufqcK' due to the length limit 20
INFO: [SYN 201-210] Renamed object name 'matrix_mult_b_buff_0_14' to 'matrix_mult_b_bufrcU' due to the length limit 20
INFO: [SYN 201-210] Renamed object name 'matrix_mult_b_buff_0_15' to 'matrix_mult_b_bufsc4' due to the length limit 20
INFO: [SYN 201-210] Renamed object name 'matrix_mult_b_buff_0_16' to 'matrix_mult_b_buftde' due to the length limit 20
INFO: [SYN 201-210] Renamed object name 'matrix_mult_b_buff_0_17' to 'matrix_mult_b_bufudo' due to the length limit 20
INFO: [SYN 201-210] Renamed object name 'matrix_mult_b_buff_0_18' to 'matrix_mult_b_bufvdy' due to the length limit 20
INFO: [SYN 201-210] Renamed object name 'matrix_mult_b_buff_0_19' to 'matrix_mult_b_bufwdI' due to the length limit 20
INFO: [SYN 201-210] Renamed object name 'matrix_mult_b_buff_1_0' to 'matrix_mult_b_bufxdS' due to the length limit 20
INFO: [SYN 201-210] Renamed object name 'matrix_mult_b_buff_1_1' to 'matrix_mult_b_bufyd2' due to the length limit 20
INFO: [SYN 201-210] Renamed object name 'matrix_mult_b_buff_1_2' to 'matrix_mult_b_bufzec' due to the length limit 20
INFO: [SYN 201-210] Renamed object name 'matrix_mult_b_buff_1_3' to 'matrix_mult_b_bufAem' due to the length limit 20
INFO: [SYN 201-210] Renamed object name 'matrix_mult_b_buff_1_4' to 'matrix_mult_b_bufBew' due to the length limit 20
INFO: [SYN 201-210] Renamed object name 'matrix_mult_b_buff_1_5' to 'matrix_mult_b_bufCeG' due to the length limit 20
INFO: [SYN 201-210] Renamed object name 'matrix_mult_b_buff_1_6' to 'matrix_mult_b_bufDeQ' due to the length limit 20
INFO: [SYN 201-210] Renamed object name 'matrix_mult_b_buff_1_7' to 'matrix_mult_b_bufEe0' due to the length limit 20
INFO: [SYN 201-210] Renamed object name 'matrix_mult_b_buff_1_8' to 'matrix_mult_b_bufFfa' due to the length limit 20
INFO: [SYN 201-210] Renamed object name 'matrix_mult_b_buff_1_9' to 'matrix_mult_b_bufGfk' due to the length limit 20
INFO: [SYN 201-210] Renamed object name 'matrix_mult_b_buff_1_10' to 'matrix_mult_b_bufHfu' due to the length limit 20
INFO: [SYN 201-210] Renamed object name 'matrix_mult_b_buff_1_11' to 'matrix_mult_b_bufIfE' due to the length limit 20
INFO: [SYN 201-210] Renamed object name 'matrix_mult_b_buff_1_12' to 'matrix_mult_b_bufJfO' due to the length limit 20
INFO: [SYN 201-210] Renamed object name 'matrix_mult_b_buff_1_13' to 'matrix_mult_b_bufKfY' due to the length limit 20
INFO: [SYN 201-210] Renamed object name 'matrix_mult_b_buff_1_14' to 'matrix_mult_b_bufLf8' due to the length limit 20
INFO: [SYN 201-210] Renamed object name 'matrix_mult_b_buff_1_15' to 'matrix_mult_b_bufMgi' due to the length limit 20
INFO: [SYN 201-210] Renamed object name 'matrix_mult_b_buff_1_16' to 'matrix_mult_b_bufNgs' due to the length limit 20
INFO: [SYN 201-210] Renamed object name 'matrix_mult_b_buff_1_17' to 'matrix_mult_b_bufOgC' due to the length limit 20
INFO: [SYN 201-210] Renamed object name 'matrix_mult_b_buff_1_18' to 'matrix_mult_b_bufPgM' due to the length limit 20
INFO: [SYN 201-210] Renamed object name 'matrix_mult_b_buff_1_19' to 'matrix_mult_b_bufQgW' due to the length limit 20
INFO: [SYN 201-210] Renamed object name 'matrix_mult_c_buff_0' to 'matrix_mult_c_bufRg6' due to the length limit 20
INFO: [SYN 201-210] Renamed object name 'matrix_mult_c_buff_1' to 'matrix_mult_c_bufShg' due to the length limit 20
INFO: [SYN 201-210] Renamed object name 'matrix_mult_urem_9ns_9ns_9_13_1' to 'matrix_mult_urem_Thq' due to the length limit 20
INFO: [RTGEN 206-100] Generating core module 'matrix_mult_urem_Thq': 60 instance(s).
INFO: [RTGEN 206-100] Finished creating RTL model for 'matrix_mult'.
INFO: [HLS 200-111]  Elapsed time: 4.31 seconds; current allocated memory: 150.402 MB.
INFO: [HLS 200-790] **** Loop Constraint Status: All loop constraints were NOT satisfied.
INFO: [HLS 200-789] **** Estimated Fmax: 117.51 MHz
INFO: [RTMG 210-282] Generating pipelined core: 'matrix_mult_urem_Thq_div'
INFO: [RTMG 210-278] Implementing memory 'matrix_mult_a_bufbkb_ram (RAM)' using block RAMs.
