

================================================================
== Vivado HLS Report for 'dut'
================================================================
* Date:           Wed Dec  6 21:16:02 2023

* Version:        2019.2.1 (Build 2724168 on Thu Dec 05 05:19:09 MST 2019)
* Project:        mm.prj
* Solution:       solution1
* Product family: zynq
* Target device:  xc7z020-clg484-1


================================================================
== Performance Estimates
================================================================
+ Timing: 
    * Summary: 
    +--------+----------+----------+------------+
    |  Clock |  Target  | Estimated| Uncertainty|
    +--------+----------+----------+------------+
    |ap_clk  | 10.00 ns | 7.268 ns |   1.25 ns  |
    +--------+----------+----------+------------+

+ Latency: 
    * Summary: 
    +---------+---------+----------+----------+-----+-----+---------+
    |  Latency (cycles) |  Latency (absolute) |  Interval | Pipeline|
    |   min   |   max   |    min   |    max   | min | max |   Type  |
    +---------+---------+----------+----------+-----+-----+---------+
    |      502|      502| 5.020 us | 5.020 us |  502|  502|   none  |
    +---------+---------+----------+----------+-----+-----+---------+

    + Detail: 
        * Instance: 
        +------------------------------+------------------+---------+---------+----------+----------+-----+-----+----------+
        |                              |                  |  Latency (cycles) |  Latency (absolute) |  Interval | Pipeline |
        |           Instance           |      Module      |   min   |   max   |    min   |    max   | min | max |   Type   |
        +------------------------------+------------------+---------+---------+----------+----------+-----+-----+----------+
        |grp_mm_mult_systolic_fu_1241  |mm_mult_systolic  |       65|       65| 0.650 us | 0.650 us |   26|   26| dataflow |
        +------------------------------+------------------+---------+---------+----------+----------+-----+-----+----------+

        * Loop: 
        +-------------+---------+---------+----------+-----------+-----------+------+----------+
        |             |  Latency (cycles) | Iteration|  Initiation Interval  | Trip |          |
        |  Loop Name  |   min   |   max   |  Latency |  achieved |   target  | Count| Pipelined|
        +-------------+---------+---------+----------+-----------+-----------+------+----------+
        |- Loop 1     |       96|       96|         8|          -|          -|    12|    no    |
        | + Loop 1.1  |        6|        6|         1|          -|          -|     6|    no    |
        |- Loop 2     |      168|      168|        14|          -|          -|    12|    no    |
        | + Loop 2.1  |       12|       12|         2|          -|          -|     6|    no    |
        |- Loop 3     |      168|      168|        14|          -|          -|    12|    no    |
        | + Loop 3.1  |       12|       12|         2|          -|          -|     6|    no    |
        +-------------+---------+---------+----------+-----------+-----------+------+----------+



================================================================
== Utilization Estimates
================================================================
* Summary: 
+-----------------+---------+-------+--------+-------+-----+
|       Name      | BRAM_18K| DSP48E|   FF   |  LUT  | URAM|
+-----------------+---------+-------+--------+-------+-----+
|DSP              |        -|      -|       -|      -|    -|
|Expression       |        -|      -|       0|    236|    -|
|FIFO             |        -|      -|       -|      -|    -|
|Instance         |        0|    144|   17661|  37664|    -|
|Memory           |       12|      -|     384|     36|    0|
|Multiplexer      |        -|      -|       -|   1313|    -|
|Register         |        -|      -|    4748|      -|    -|
+-----------------+---------+-------+--------+-------+-----+
|Total            |       12|    144|   22793|  39249|    0|
+-----------------+---------+-------+--------+-------+-----+
|Available        |      280|    220|  106400|  53200|    0|
+-----------------+---------+-------+--------+-------+-----+
|Utilization (%)  |        4|     65|      21|     73|    0|
+-----------------+---------+-------+--------+-------+-----+

+ Detail: 
    * Instance: 
    +------------------------------+---------------------+---------+-------+-------+-------+-----+
    |           Instance           |        Module       | BRAM_18K| DSP48E|   FF  |  LUT  | URAM|
    +------------------------------+---------------------+---------+-------+-------+-------+-----+
    |dut_mux_1448_16_1_1_U1922     |dut_mux_1448_16_1_1  |        0|      0|      0|    802|    0|
    |dut_mux_1448_16_1_1_U1923     |dut_mux_1448_16_1_1  |        0|      0|      0|    802|    0|
    |grp_mm_mult_systolic_fu_1241  |mm_mult_systolic     |        0|    144|  17661|  36060|    0|
    +------------------------------+---------------------+---------+-------+-------+-------+-----+
    |Total                         |                     |        0|    144|  17661|  37664|    0|
    +------------------------------+---------------------+---------+-------+-------+-------+-----+

    * DSP48E: 
    N/A

    * Memory: 
    +----------+-----------+---------+----+----+-----+------+-----+------+-------------+
    |  Memory  |   Module  | BRAM_18K| FF | LUT| URAM| Words| Bits| Banks| W*Bits*Banks|
    +----------+-----------+---------+----+----+-----+------+-----+------+-------------+
    |A_a_0_U   |dut_A_a_0  |        0|  32|   3|    0|    12|   16|     1|          192|
    |A_a_1_U   |dut_A_a_0  |        0|  32|   3|    0|    12|   16|     1|          192|
    |A_a_2_U   |dut_A_a_0  |        0|  32|   3|    0|    12|   16|     1|          192|
    |A_a_3_U   |dut_A_a_0  |        0|  32|   3|    0|    12|   16|     1|          192|
    |A_a_4_U   |dut_A_a_0  |        0|  32|   3|    0|    12|   16|     1|          192|
    |A_a_5_U   |dut_A_a_0  |        0|  32|   3|    0|    12|   16|     1|          192|
    |A_a_6_U   |dut_A_a_0  |        0|  32|   3|    0|    12|   16|     1|          192|
    |A_a_7_U   |dut_A_a_0  |        0|  32|   3|    0|    12|   16|     1|          192|
    |A_a_8_U   |dut_A_a_0  |        0|  32|   3|    0|    12|   16|     1|          192|
    |A_a_9_U   |dut_A_a_0  |        0|  32|   3|    0|    12|   16|     1|          192|
    |A_a_10_U  |dut_A_a_0  |        0|  32|   3|    0|    12|   16|     1|          192|
    |A_a_11_U  |dut_A_a_0  |        0|  32|   3|    0|    12|   16|     1|          192|
    |B_b_0_U   |dut_B_b_0  |        1|   0|   0|    0|    12|   16|     1|          192|
    |B_b_1_U   |dut_B_b_0  |        1|   0|   0|    0|    12|   16|     1|          192|
    |B_b_2_U   |dut_B_b_0  |        1|   0|   0|    0|    12|   16|     1|          192|
    |B_b_3_U   |dut_B_b_0  |        1|   0|   0|    0|    12|   16|     1|          192|
    |B_b_4_U   |dut_B_b_0  |        1|   0|   0|    0|    12|   16|     1|          192|
    |B_b_5_U   |dut_B_b_0  |        1|   0|   0|    0|    12|   16|     1|          192|
    |B_b_6_U   |dut_B_b_0  |        1|   0|   0|    0|    12|   16|     1|          192|
    |B_b_7_U   |dut_B_b_0  |        1|   0|   0|    0|    12|   16|     1|          192|
    |B_b_8_U   |dut_B_b_0  |        1|   0|   0|    0|    12|   16|     1|          192|
    |B_b_9_U   |dut_B_b_0  |        1|   0|   0|    0|    12|   16|     1|          192|
    |B_b_10_U  |dut_B_b_0  |        1|   0|   0|    0|    12|   16|     1|          192|
    |B_b_11_U  |dut_B_b_0  |        1|   0|   0|    0|    12|   16|     1|          192|
    +----------+-----------+---------+----+----+-----+------+-----+------+-------------+
    |Total     |           |       12| 384|  36|    0|   288|  384|    24|         4608|
    +----------+-----------+---------+----+----+-----+------+-----+------+-------------+

    * FIFO: 
    N/A

    * Expression: 
    +-----------------------------------------------+----------+-------+---+----+------------+------------+
    |                 Variable Name                 | Operation| DSP48E| FF| LUT| Bitwidth P0| Bitwidth P1|
    +-----------------------------------------------+----------+-------+---+----+------------+------------+
    |i_1_fu_1503_p2                                 |     +    |      0|  0|  13|           4|           1|
    |i_2_fu_2013_p2                                 |     +    |      0|  0|  13|           4|           1|
    |i_fu_1447_p2                                   |     +    |      0|  0|  13|           4|           1|
    |j_1_fu_2519_p2                                 |     +    |      0|  0|  13|           4|           2|
    |j_2_fu_1569_p2                                 |     +    |      0|  0|  13|           4|           2|
    |j_fu_1491_p2                                   |     +    |      0|  0|  13|           4|           2|
    |strm_out_V_V_din                               |     +    |      0|  0|  39|          32|          32|
    |tmp_fu_2060_p145                               |     +    |      0|  0|  15|           8|           8|
    |tmp_s_fu_2297_p145                             |     +    |      0|  0|  15|           8|           8|
    |sub_ln174_fu_2039_p2                           |     -    |      0|  0|  15|           8|           8|
    |ap_block_state3                                |    and   |      0|  0|   2|           1|           1|
    |ap_block_state5                                |    and   |      0|  0|   2|           1|           1|
    |icmp_ln146_fu_1441_p2                          |   icmp   |      0|  0|   9|           4|           4|
    |icmp_ln147_fu_1469_p2                          |   icmp   |      0|  0|   9|           4|           4|
    |icmp_ln155_fu_1497_p2                          |   icmp   |      0|  0|   9|           4|           4|
    |icmp_ln156_fu_1509_p2                          |   icmp   |      0|  0|   9|           4|           4|
    |icmp_ln172_fu_2007_p2                          |   icmp   |      0|  0|   9|           4|           4|
    |icmp_ln173_fu_2045_p2                          |   icmp   |      0|  0|   9|           4|           4|
    |ap_sync_grp_mm_mult_systolic_fu_1241_ap_done   |    or    |      0|  0|   2|           1|           1|
    |ap_sync_grp_mm_mult_systolic_fu_1241_ap_ready  |    or    |      0|  0|   2|           1|           1|
    |or_ln149_fu_1485_p2                            |    or    |      0|  0|   4|           4|           1|
    |or_ln158_fu_1531_p2                            |    or    |      0|  0|   4|           4|           1|
    |or_ln174_fu_2282_p2                            |    or    |      0|  0|   4|           4|           1|
    +-----------------------------------------------+----------+-------+---+----+------------+------------+
    |Total                                          |          |      0|  0| 236|         120|          96|
    +-----------------------------------------------+----------+-------+---+----+------------+------------+

    * Multiplexer: 
    +--------------------+----+-----------+-----+-----------+
    |        Name        | LUT| Input Size| Bits| Total Bits|
    +--------------------+----+-----------+-----+-----------+
    |A_a_0_address0      |  15|          3|    4|         12|
    |A_a_0_ce0           |  15|          3|    1|          3|
    |A_a_0_ce1           |   9|          2|    1|          2|
    |A_a_10_address0     |  15|          3|    4|         12|
    |A_a_10_ce0          |  15|          3|    1|          3|
    |A_a_10_ce1          |   9|          2|    1|          2|
    |A_a_11_address0     |  15|          3|    4|         12|
    |A_a_11_ce0          |  15|          3|    1|          3|
    |A_a_11_ce1          |   9|          2|    1|          2|
    |A_a_1_address0      |  15|          3|    4|         12|
    |A_a_1_ce0           |  15|          3|    1|          3|
    |A_a_1_ce1           |   9|          2|    1|          2|
    |A_a_2_address0      |  15|          3|    4|         12|
    |A_a_2_ce0           |  15|          3|    1|          3|
    |A_a_2_ce1           |   9|          2|    1|          2|
    |A_a_3_address0      |  15|          3|    4|         12|
    |A_a_3_ce0           |  15|          3|    1|          3|
    |A_a_3_ce1           |   9|          2|    1|          2|
    |A_a_4_address0      |  15|          3|    4|         12|
    |A_a_4_ce0           |  15|          3|    1|          3|
    |A_a_4_ce1           |   9|          2|    1|          2|
    |A_a_5_address0      |  15|          3|    4|         12|
    |A_a_5_ce0           |  15|          3|    1|          3|
    |A_a_5_ce1           |   9|          2|    1|          2|
    |A_a_6_address0      |  15|          3|    4|         12|
    |A_a_6_ce0           |  15|          3|    1|          3|
    |A_a_6_ce1           |   9|          2|    1|          2|
    |A_a_7_address0      |  15|          3|    4|         12|
    |A_a_7_ce0           |  15|          3|    1|          3|
    |A_a_7_ce1           |   9|          2|    1|          2|
    |A_a_8_address0      |  15|          3|    4|         12|
    |A_a_8_ce0           |  15|          3|    1|          3|
    |A_a_8_ce1           |   9|          2|    1|          2|
    |A_a_9_address0      |  15|          3|    4|         12|
    |A_a_9_ce0           |  15|          3|    1|          3|
    |A_a_9_ce1           |   9|          2|    1|          2|
    |B_b_0_address0      |  15|          3|    4|         12|
    |B_b_0_address1      |  15|          3|    4|         12|
    |B_b_0_ce0           |  15|          3|    1|          3|
    |B_b_0_ce1           |  15|          3|    1|          3|
    |B_b_10_address0     |  15|          3|    4|         12|
    |B_b_10_address1     |  15|          3|    4|         12|
    |B_b_10_ce0          |  15|          3|    1|          3|
    |B_b_10_ce1          |  15|          3|    1|          3|
    |B_b_11_address0     |  15|          3|    4|         12|
    |B_b_11_address1     |  15|          3|    4|         12|
    |B_b_11_ce0          |  15|          3|    1|          3|
    |B_b_11_ce1          |  15|          3|    1|          3|
    |B_b_1_address0      |  15|          3|    4|         12|
    |B_b_1_address1      |  15|          3|    4|         12|
    |B_b_1_ce0           |  15|          3|    1|          3|
    |B_b_1_ce1           |  15|          3|    1|          3|
    |B_b_2_address0      |  15|          3|    4|         12|
    |B_b_2_address1      |  15|          3|    4|         12|
    |B_b_2_ce0           |  15|          3|    1|          3|
    |B_b_2_ce1           |  15|          3|    1|          3|
    |B_b_3_address0      |  15|          3|    4|         12|
    |B_b_3_address1      |  15|          3|    4|         12|
    |B_b_3_ce0           |  15|          3|    1|          3|
    |B_b_3_ce1           |  15|          3|    1|          3|
    |B_b_4_address0      |  15|          3|    4|         12|
    |B_b_4_address1      |  15|          3|    4|         12|
    |B_b_4_ce0           |  15|          3|    1|          3|
    |B_b_4_ce1           |  15|          3|    1|          3|
    |B_b_5_address0      |  15|          3|    4|         12|
    |B_b_5_address1      |  15|          3|    4|         12|
    |B_b_5_ce0           |  15|          3|    1|          3|
    |B_b_5_ce1           |  15|          3|    1|          3|
    |B_b_6_address0      |  15|          3|    4|         12|
    |B_b_6_address1      |  15|          3|    4|         12|
    |B_b_6_ce0           |  15|          3|    1|          3|
    |B_b_6_ce1           |  15|          3|    1|          3|
    |B_b_7_address0      |  15|          3|    4|         12|
    |B_b_7_address1      |  15|          3|    4|         12|
    |B_b_7_ce0           |  15|          3|    1|          3|
    |B_b_7_ce1           |  15|          3|    1|          3|
    |B_b_8_address0      |  15|          3|    4|         12|
    |B_b_8_address1      |  15|          3|    4|         12|
    |B_b_8_ce0           |  15|          3|    1|          3|
    |B_b_8_ce1           |  15|          3|    1|          3|
    |B_b_9_address0      |  15|          3|    4|         12|
    |B_b_9_address1      |  15|          3|    4|         12|
    |B_b_9_ce0           |  15|          3|    1|          3|
    |B_b_9_ce1           |  15|          3|    1|          3|
    |ap_NS_fsm           |  53|         12|    1|         12|
    |i1_0_reg_1195       |   9|          2|    4|          8|
    |i3_0_reg_1219       |   9|          2|    4|          8|
    |i_0_reg_1173        |   9|          2|    4|          8|
    |j2_0_reg_1207       |   9|          2|    4|          8|
    |j4_0_reg_1230       |   9|          2|    4|          8|
    |j_0_reg_1184        |   9|          2|    4|          8|
    |strm_in_V_V_blk_n   |   9|          2|    1|          2|
    |strm_out_V_V_blk_n  |   9|          2|    1|          2|
    +--------------------+----+-----------+-----+-----------+
    |Total               |1313|        268|  219|        628|
    +--------------------+----+-----------+-----+-----------+

    * Register: 
    +---------------------------------------------------+----+----+-----+-----------+
    |                        Name                       | FF | LUT| Bits| Const Bits|
    +---------------------------------------------------+----+----+-----+-----------+
    |A_a_0_addr_reg_3444                                |   4|   0|    4|          0|
    |A_a_10_addr_reg_3469                               |   4|   0|    4|          0|
    |A_a_11_addr_reg_3439                               |   4|   0|    4|          0|
    |A_a_1_addr_reg_3414                                |   4|   0|    4|          0|
    |A_a_2_addr_reg_3449                                |   4|   0|    4|          0|
    |A_a_3_addr_reg_3419                                |   4|   0|    4|          0|
    |A_a_4_addr_reg_3454                                |   4|   0|    4|          0|
    |A_a_5_addr_reg_3424                                |   4|   0|    4|          0|
    |A_a_6_addr_reg_3459                                |   4|   0|    4|          0|
    |A_a_7_addr_reg_3429                                |   4|   0|    4|          0|
    |A_a_8_addr_reg_3464                                |   4|   0|    4|          0|
    |A_a_9_addr_reg_3434                                |   4|   0|    4|          0|
    |Out_out_0_0_fu_176                                 |  16|   0|   16|          0|
    |Out_out_0_0_load_reg_3501                          |  16|   0|   16|          0|
    |Out_out_0_10_fu_216                                |  16|   0|   16|          0|
    |Out_out_0_10_load_reg_3526                         |  16|   0|   16|          0|
    |Out_out_0_11_fu_220                                |  16|   0|   16|          0|
    |Out_out_0_11_load_reg_3886                         |  16|   0|   16|          0|
    |Out_out_0_1_fu_180                                 |  16|   0|   16|          0|
    |Out_out_0_1_load_reg_3861                          |  16|   0|   16|          0|
    |Out_out_0_2_fu_184                                 |  16|   0|   16|          0|
    |Out_out_0_2_load_reg_3506                          |  16|   0|   16|          0|
    |Out_out_0_3_fu_188                                 |  16|   0|   16|          0|
    |Out_out_0_3_load_reg_3866                          |  16|   0|   16|          0|
    |Out_out_0_4_fu_192                                 |  16|   0|   16|          0|
    |Out_out_0_4_load_reg_3511                          |  16|   0|   16|          0|
    |Out_out_0_5_fu_196                                 |  16|   0|   16|          0|
    |Out_out_0_5_load_reg_3871                          |  16|   0|   16|          0|
    |Out_out_0_6_fu_200                                 |  16|   0|   16|          0|
    |Out_out_0_6_load_reg_3516                          |  16|   0|   16|          0|
    |Out_out_0_7_fu_204                                 |  16|   0|   16|          0|
    |Out_out_0_7_load_reg_3876                          |  16|   0|   16|          0|
    |Out_out_0_8_fu_208                                 |  16|   0|   16|          0|
    |Out_out_0_8_load_reg_3521                          |  16|   0|   16|          0|
    |Out_out_0_9_fu_212                                 |  16|   0|   16|          0|
    |Out_out_0_9_load_reg_3881                          |  16|   0|   16|          0|
    |Out_out_10_0_fu_656                                |  16|   0|   16|          0|
    |Out_out_10_0_load_reg_3801                         |  16|   0|   16|          0|
    |Out_out_10_10_fu_696                               |  16|   0|   16|          0|
    |Out_out_10_10_load_reg_3826                        |  16|   0|   16|          0|
    |Out_out_10_11_fu_700                               |  16|   0|   16|          0|
    |Out_out_10_11_load_reg_4186                        |  16|   0|   16|          0|
    |Out_out_10_1_fu_660                                |  16|   0|   16|          0|
    |Out_out_10_1_load_reg_4161                         |  16|   0|   16|          0|
    |Out_out_10_2_fu_664                                |  16|   0|   16|          0|
    |Out_out_10_2_load_reg_3806                         |  16|   0|   16|          0|
    |Out_out_10_3_fu_668                                |  16|   0|   16|          0|
    |Out_out_10_3_load_reg_4166                         |  16|   0|   16|          0|
    |Out_out_10_4_fu_672                                |  16|   0|   16|          0|
    |Out_out_10_4_load_reg_3811                         |  16|   0|   16|          0|
    |Out_out_10_5_fu_676                                |  16|   0|   16|          0|
    |Out_out_10_5_load_reg_4171                         |  16|   0|   16|          0|
    |Out_out_10_6_fu_680                                |  16|   0|   16|          0|
    |Out_out_10_6_load_reg_3816                         |  16|   0|   16|          0|
    |Out_out_10_7_fu_684                                |  16|   0|   16|          0|
    |Out_out_10_7_load_reg_4176                         |  16|   0|   16|          0|
    |Out_out_10_8_fu_688                                |  16|   0|   16|          0|
    |Out_out_10_8_load_reg_3821                         |  16|   0|   16|          0|
    |Out_out_10_9_fu_692                                |  16|   0|   16|          0|
    |Out_out_10_9_load_reg_4181                         |  16|   0|   16|          0|
    |Out_out_11_0_fu_704                                |  16|   0|   16|          0|
    |Out_out_11_0_load_reg_3831                         |  16|   0|   16|          0|
    |Out_out_11_10_fu_744                               |  16|   0|   16|          0|
    |Out_out_11_10_load_reg_3856                        |  16|   0|   16|          0|
    |Out_out_11_11_fu_748                               |  16|   0|   16|          0|
    |Out_out_11_11_load_reg_4216                        |  16|   0|   16|          0|
    |Out_out_11_1_fu_708                                |  16|   0|   16|          0|
    |Out_out_11_1_load_reg_4191                         |  16|   0|   16|          0|
    |Out_out_11_2_fu_712                                |  16|   0|   16|          0|
    |Out_out_11_2_load_reg_3836                         |  16|   0|   16|          0|
    |Out_out_11_3_fu_716                                |  16|   0|   16|          0|
    |Out_out_11_3_load_reg_4196                         |  16|   0|   16|          0|
    |Out_out_11_4_fu_720                                |  16|   0|   16|          0|
    |Out_out_11_4_load_reg_3841                         |  16|   0|   16|          0|
    |Out_out_11_5_fu_724                                |  16|   0|   16|          0|
    |Out_out_11_5_load_reg_4201                         |  16|   0|   16|          0|
    |Out_out_11_6_fu_728                                |  16|   0|   16|          0|
    |Out_out_11_6_load_reg_3846                         |  16|   0|   16|          0|
    |Out_out_11_7_fu_732                                |  16|   0|   16|          0|
    |Out_out_11_7_load_reg_4206                         |  16|   0|   16|          0|
    |Out_out_11_8_fu_736                                |  16|   0|   16|          0|
    |Out_out_11_8_load_reg_3851                         |  16|   0|   16|          0|
    |Out_out_11_9_fu_740                                |  16|   0|   16|          0|
    |Out_out_11_9_load_reg_4211                         |  16|   0|   16|          0|
    |Out_out_1_0_fu_224                                 |  16|   0|   16|          0|
    |Out_out_1_0_load_reg_3531                          |  16|   0|   16|          0|
    |Out_out_1_10_fu_264                                |  16|   0|   16|          0|
    |Out_out_1_10_load_reg_3556                         |  16|   0|   16|          0|
    |Out_out_1_11_fu_268                                |  16|   0|   16|          0|
    |Out_out_1_11_load_reg_3916                         |  16|   0|   16|          0|
    |Out_out_1_1_fu_228                                 |  16|   0|   16|          0|
    |Out_out_1_1_load_reg_3891                          |  16|   0|   16|          0|
    |Out_out_1_2_fu_232                                 |  16|   0|   16|          0|
    |Out_out_1_2_load_reg_3536                          |  16|   0|   16|          0|
    |Out_out_1_3_fu_236                                 |  16|   0|   16|          0|
    |Out_out_1_3_load_reg_3896                          |  16|   0|   16|          0|
    |Out_out_1_4_fu_240                                 |  16|   0|   16|          0|
    |Out_out_1_4_load_reg_3541                          |  16|   0|   16|          0|
    |Out_out_1_5_fu_244                                 |  16|   0|   16|          0|
    |Out_out_1_5_load_reg_3901                          |  16|   0|   16|          0|
    |Out_out_1_6_fu_248                                 |  16|   0|   16|          0|
    |Out_out_1_6_load_reg_3546                          |  16|   0|   16|          0|
    |Out_out_1_7_fu_252                                 |  16|   0|   16|          0|
    |Out_out_1_7_load_reg_3906                          |  16|   0|   16|          0|
    |Out_out_1_8_fu_256                                 |  16|   0|   16|          0|
    |Out_out_1_8_load_reg_3551                          |  16|   0|   16|          0|
    |Out_out_1_9_fu_260                                 |  16|   0|   16|          0|
    |Out_out_1_9_load_reg_3911                          |  16|   0|   16|          0|
    |Out_out_2_0_fu_272                                 |  16|   0|   16|          0|
    |Out_out_2_0_load_reg_3561                          |  16|   0|   16|          0|
    |Out_out_2_10_fu_312                                |  16|   0|   16|          0|
    |Out_out_2_10_load_reg_3586                         |  16|   0|   16|          0|
    |Out_out_2_11_fu_316                                |  16|   0|   16|          0|
    |Out_out_2_11_load_reg_3946                         |  16|   0|   16|          0|
    |Out_out_2_1_fu_276                                 |  16|   0|   16|          0|
    |Out_out_2_1_load_reg_3921                          |  16|   0|   16|          0|
    |Out_out_2_2_fu_280                                 |  16|   0|   16|          0|
    |Out_out_2_2_load_reg_3566                          |  16|   0|   16|          0|
    |Out_out_2_3_fu_284                                 |  16|   0|   16|          0|
    |Out_out_2_3_load_reg_3926                          |  16|   0|   16|          0|
    |Out_out_2_4_fu_288                                 |  16|   0|   16|          0|
    |Out_out_2_4_load_reg_3571                          |  16|   0|   16|          0|
    |Out_out_2_5_fu_292                                 |  16|   0|   16|          0|
    |Out_out_2_5_load_reg_3931                          |  16|   0|   16|          0|
    |Out_out_2_6_fu_296                                 |  16|   0|   16|          0|
    |Out_out_2_6_load_reg_3576                          |  16|   0|   16|          0|
    |Out_out_2_7_fu_300                                 |  16|   0|   16|          0|
    |Out_out_2_7_load_reg_3936                          |  16|   0|   16|          0|
    |Out_out_2_8_fu_304                                 |  16|   0|   16|          0|
    |Out_out_2_8_load_reg_3581                          |  16|   0|   16|          0|
    |Out_out_2_9_fu_308                                 |  16|   0|   16|          0|
    |Out_out_2_9_load_reg_3941                          |  16|   0|   16|          0|
    |Out_out_3_0_fu_320                                 |  16|   0|   16|          0|
    |Out_out_3_0_load_reg_3591                          |  16|   0|   16|          0|
    |Out_out_3_10_fu_360                                |  16|   0|   16|          0|
    |Out_out_3_10_load_reg_3616                         |  16|   0|   16|          0|
    |Out_out_3_11_fu_364                                |  16|   0|   16|          0|
    |Out_out_3_11_load_reg_3976                         |  16|   0|   16|          0|
    |Out_out_3_1_fu_324                                 |  16|   0|   16|          0|
    |Out_out_3_1_load_reg_3951                          |  16|   0|   16|          0|
    |Out_out_3_2_fu_328                                 |  16|   0|   16|          0|
    |Out_out_3_2_load_reg_3596                          |  16|   0|   16|          0|
    |Out_out_3_3_fu_332                                 |  16|   0|   16|          0|
    |Out_out_3_3_load_reg_3956                          |  16|   0|   16|          0|
    |Out_out_3_4_fu_336                                 |  16|   0|   16|          0|
    |Out_out_3_4_load_reg_3601                          |  16|   0|   16|          0|
    |Out_out_3_5_fu_340                                 |  16|   0|   16|          0|
    |Out_out_3_5_load_reg_3961                          |  16|   0|   16|          0|
    |Out_out_3_6_fu_344                                 |  16|   0|   16|          0|
    |Out_out_3_6_load_reg_3606                          |  16|   0|   16|          0|
    |Out_out_3_7_fu_348                                 |  16|   0|   16|          0|
    |Out_out_3_7_load_reg_3966                          |  16|   0|   16|          0|
    |Out_out_3_8_fu_352                                 |  16|   0|   16|          0|
    |Out_out_3_8_load_reg_3611                          |  16|   0|   16|          0|
    |Out_out_3_9_fu_356                                 |  16|   0|   16|          0|
    |Out_out_3_9_load_reg_3971                          |  16|   0|   16|          0|
    |Out_out_4_0_fu_368                                 |  16|   0|   16|          0|
    |Out_out_4_0_load_reg_3621                          |  16|   0|   16|          0|
    |Out_out_4_10_fu_408                                |  16|   0|   16|          0|
    |Out_out_4_10_load_reg_3646                         |  16|   0|   16|          0|
    |Out_out_4_11_fu_412                                |  16|   0|   16|          0|
    |Out_out_4_11_load_reg_4006                         |  16|   0|   16|          0|
    |Out_out_4_1_fu_372                                 |  16|   0|   16|          0|
    |Out_out_4_1_load_reg_3981                          |  16|   0|   16|          0|
    |Out_out_4_2_fu_376                                 |  16|   0|   16|          0|
    |Out_out_4_2_load_reg_3626                          |  16|   0|   16|          0|
    |Out_out_4_3_fu_380                                 |  16|   0|   16|          0|
    |Out_out_4_3_load_reg_3986                          |  16|   0|   16|          0|
    |Out_out_4_4_fu_384                                 |  16|   0|   16|          0|
    |Out_out_4_4_load_reg_3631                          |  16|   0|   16|          0|
    |Out_out_4_5_fu_388                                 |  16|   0|   16|          0|
    |Out_out_4_5_load_reg_3991                          |  16|   0|   16|          0|
    |Out_out_4_6_fu_392                                 |  16|   0|   16|          0|
    |Out_out_4_6_load_reg_3636                          |  16|   0|   16|          0|
    |Out_out_4_7_fu_396                                 |  16|   0|   16|          0|
    |Out_out_4_7_load_reg_3996                          |  16|   0|   16|          0|
    |Out_out_4_8_fu_400                                 |  16|   0|   16|          0|
    |Out_out_4_8_load_reg_3641                          |  16|   0|   16|          0|
    |Out_out_4_9_fu_404                                 |  16|   0|   16|          0|
    |Out_out_4_9_load_reg_4001                          |  16|   0|   16|          0|
    |Out_out_5_0_fu_416                                 |  16|   0|   16|          0|
    |Out_out_5_0_load_reg_3651                          |  16|   0|   16|          0|
    |Out_out_5_10_fu_456                                |  16|   0|   16|          0|
    |Out_out_5_10_load_reg_3676                         |  16|   0|   16|          0|
    |Out_out_5_11_fu_460                                |  16|   0|   16|          0|
    |Out_out_5_11_load_reg_4036                         |  16|   0|   16|          0|
    |Out_out_5_1_fu_420                                 |  16|   0|   16|          0|
    |Out_out_5_1_load_reg_4011                          |  16|   0|   16|          0|
    |Out_out_5_2_fu_424                                 |  16|   0|   16|          0|
    |Out_out_5_2_load_reg_3656                          |  16|   0|   16|          0|
    |Out_out_5_3_fu_428                                 |  16|   0|   16|          0|
    |Out_out_5_3_load_reg_4016                          |  16|   0|   16|          0|
    |Out_out_5_4_fu_432                                 |  16|   0|   16|          0|
    |Out_out_5_4_load_reg_3661                          |  16|   0|   16|          0|
    |Out_out_5_5_fu_436                                 |  16|   0|   16|          0|
    |Out_out_5_5_load_reg_4021                          |  16|   0|   16|          0|
    |Out_out_5_6_fu_440                                 |  16|   0|   16|          0|
    |Out_out_5_6_load_reg_3666                          |  16|   0|   16|          0|
    |Out_out_5_7_fu_444                                 |  16|   0|   16|          0|
    |Out_out_5_7_load_reg_4026                          |  16|   0|   16|          0|
    |Out_out_5_8_fu_448                                 |  16|   0|   16|          0|
    |Out_out_5_8_load_reg_3671                          |  16|   0|   16|          0|
    |Out_out_5_9_fu_452                                 |  16|   0|   16|          0|
    |Out_out_5_9_load_reg_4031                          |  16|   0|   16|          0|
    |Out_out_6_0_fu_464                                 |  16|   0|   16|          0|
    |Out_out_6_0_load_reg_3681                          |  16|   0|   16|          0|
    |Out_out_6_10_fu_504                                |  16|   0|   16|          0|
    |Out_out_6_10_load_reg_3706                         |  16|   0|   16|          0|
    |Out_out_6_11_fu_508                                |  16|   0|   16|          0|
    |Out_out_6_11_load_reg_4066                         |  16|   0|   16|          0|
    |Out_out_6_1_fu_468                                 |  16|   0|   16|          0|
    |Out_out_6_1_load_reg_4041                          |  16|   0|   16|          0|
    |Out_out_6_2_fu_472                                 |  16|   0|   16|          0|
    |Out_out_6_2_load_reg_3686                          |  16|   0|   16|          0|
    |Out_out_6_3_fu_476                                 |  16|   0|   16|          0|
    |Out_out_6_3_load_reg_4046                          |  16|   0|   16|          0|
    |Out_out_6_4_fu_480                                 |  16|   0|   16|          0|
    |Out_out_6_4_load_reg_3691                          |  16|   0|   16|          0|
    |Out_out_6_5_fu_484                                 |  16|   0|   16|          0|
    |Out_out_6_5_load_reg_4051                          |  16|   0|   16|          0|
    |Out_out_6_6_fu_488                                 |  16|   0|   16|          0|
    |Out_out_6_6_load_reg_3696                          |  16|   0|   16|          0|
    |Out_out_6_7_fu_492                                 |  16|   0|   16|          0|
    |Out_out_6_7_load_reg_4056                          |  16|   0|   16|          0|
    |Out_out_6_8_fu_496                                 |  16|   0|   16|          0|
    |Out_out_6_8_load_reg_3701                          |  16|   0|   16|          0|
    |Out_out_6_9_fu_500                                 |  16|   0|   16|          0|
    |Out_out_6_9_load_reg_4061                          |  16|   0|   16|          0|
    |Out_out_7_0_fu_512                                 |  16|   0|   16|          0|
    |Out_out_7_0_load_reg_3711                          |  16|   0|   16|          0|
    |Out_out_7_10_fu_552                                |  16|   0|   16|          0|
    |Out_out_7_10_load_reg_3736                         |  16|   0|   16|          0|
    |Out_out_7_11_fu_556                                |  16|   0|   16|          0|
    |Out_out_7_11_load_reg_4096                         |  16|   0|   16|          0|
    |Out_out_7_1_fu_516                                 |  16|   0|   16|          0|
    |Out_out_7_1_load_reg_4071                          |  16|   0|   16|          0|
    |Out_out_7_2_fu_520                                 |  16|   0|   16|          0|
    |Out_out_7_2_load_reg_3716                          |  16|   0|   16|          0|
    |Out_out_7_3_fu_524                                 |  16|   0|   16|          0|
    |Out_out_7_3_load_reg_4076                          |  16|   0|   16|          0|
    |Out_out_7_4_fu_528                                 |  16|   0|   16|          0|
    |Out_out_7_4_load_reg_3721                          |  16|   0|   16|          0|
    |Out_out_7_5_fu_532                                 |  16|   0|   16|          0|
    |Out_out_7_5_load_reg_4081                          |  16|   0|   16|          0|
    |Out_out_7_6_fu_536                                 |  16|   0|   16|          0|
    |Out_out_7_6_load_reg_3726                          |  16|   0|   16|          0|
    |Out_out_7_7_fu_540                                 |  16|   0|   16|          0|
    |Out_out_7_7_load_reg_4086                          |  16|   0|   16|          0|
    |Out_out_7_8_fu_544                                 |  16|   0|   16|          0|
    |Out_out_7_8_load_reg_3731                          |  16|   0|   16|          0|
    |Out_out_7_9_fu_548                                 |  16|   0|   16|          0|
    |Out_out_7_9_load_reg_4091                          |  16|   0|   16|          0|
    |Out_out_8_0_fu_560                                 |  16|   0|   16|          0|
    |Out_out_8_0_load_reg_3741                          |  16|   0|   16|          0|
    |Out_out_8_10_fu_600                                |  16|   0|   16|          0|
    |Out_out_8_10_load_reg_3766                         |  16|   0|   16|          0|
    |Out_out_8_11_fu_604                                |  16|   0|   16|          0|
    |Out_out_8_11_load_reg_4126                         |  16|   0|   16|          0|
    |Out_out_8_1_fu_564                                 |  16|   0|   16|          0|
    |Out_out_8_1_load_reg_4101                          |  16|   0|   16|          0|
    |Out_out_8_2_fu_568                                 |  16|   0|   16|          0|
    |Out_out_8_2_load_reg_3746                          |  16|   0|   16|          0|
    |Out_out_8_3_fu_572                                 |  16|   0|   16|          0|
    |Out_out_8_3_load_reg_4106                          |  16|   0|   16|          0|
    |Out_out_8_4_fu_576                                 |  16|   0|   16|          0|
    |Out_out_8_4_load_reg_3751                          |  16|   0|   16|          0|
    |Out_out_8_5_fu_580                                 |  16|   0|   16|          0|
    |Out_out_8_5_load_reg_4111                          |  16|   0|   16|          0|
    |Out_out_8_6_fu_584                                 |  16|   0|   16|          0|
    |Out_out_8_6_load_reg_3756                          |  16|   0|   16|          0|
    |Out_out_8_7_fu_588                                 |  16|   0|   16|          0|
    |Out_out_8_7_load_reg_4116                          |  16|   0|   16|          0|
    |Out_out_8_8_fu_592                                 |  16|   0|   16|          0|
    |Out_out_8_8_load_reg_3761                          |  16|   0|   16|          0|
    |Out_out_8_9_fu_596                                 |  16|   0|   16|          0|
    |Out_out_8_9_load_reg_4121                          |  16|   0|   16|          0|
    |Out_out_9_0_fu_608                                 |  16|   0|   16|          0|
    |Out_out_9_0_load_reg_3771                          |  16|   0|   16|          0|
    |Out_out_9_10_fu_648                                |  16|   0|   16|          0|
    |Out_out_9_10_load_reg_3796                         |  16|   0|   16|          0|
    |Out_out_9_11_fu_652                                |  16|   0|   16|          0|
    |Out_out_9_11_load_reg_4156                         |  16|   0|   16|          0|
    |Out_out_9_1_fu_612                                 |  16|   0|   16|          0|
    |Out_out_9_1_load_reg_4131                          |  16|   0|   16|          0|
    |Out_out_9_2_fu_616                                 |  16|   0|   16|          0|
    |Out_out_9_2_load_reg_3776                          |  16|   0|   16|          0|
    |Out_out_9_3_fu_620                                 |  16|   0|   16|          0|
    |Out_out_9_3_load_reg_4136                          |  16|   0|   16|          0|
    |Out_out_9_4_fu_624                                 |  16|   0|   16|          0|
    |Out_out_9_4_load_reg_3781                          |  16|   0|   16|          0|
    |Out_out_9_5_fu_628                                 |  16|   0|   16|          0|
    |Out_out_9_5_load_reg_4141                          |  16|   0|   16|          0|
    |Out_out_9_6_fu_632                                 |  16|   0|   16|          0|
    |Out_out_9_6_load_reg_3786                          |  16|   0|   16|          0|
    |Out_out_9_7_fu_636                                 |  16|   0|   16|          0|
    |Out_out_9_7_load_reg_4146                          |  16|   0|   16|          0|
    |Out_out_9_8_fu_640                                 |  16|   0|   16|          0|
    |Out_out_9_8_load_reg_3791                          |  16|   0|   16|          0|
    |Out_out_9_9_fu_644                                 |  16|   0|   16|          0|
    |Out_out_9_9_load_reg_4151                          |  16|   0|   16|          0|
    |ap_CS_fsm                                          |  11|   0|   11|          0|
    |ap_sync_reg_grp_mm_mult_systolic_fu_1241_ap_done   |   1|   0|    1|          0|
    |ap_sync_reg_grp_mm_mult_systolic_fu_1241_ap_ready  |   1|   0|    1|          0|
    |grp_mm_mult_systolic_fu_1241_ap_start_reg          |   1|   0|    1|          0|
    |i1_0_reg_1195                                      |   4|   0|    4|          0|
    |i3_0_reg_1219                                      |   4|   0|    4|          0|
    |i_0_reg_1173                                       |   4|   0|    4|          0|
    |i_1_reg_3488                                       |   4|   0|    4|          0|
    |i_2_reg_4224                                       |   4|   0|    4|          0|
    |i_reg_3409                                         |   4|   0|    4|          0|
    |j2_0_reg_1207                                      |   4|   0|    4|          0|
    |j4_0_reg_1230                                      |   4|   0|    4|          0|
    |j_0_reg_1184                                       |   4|   0|    4|          0|
    |j_1_reg_4248                                       |   4|   0|    4|          0|
    |sub_ln174_reg_4229                                 |   6|   0|    8|          2|
    |tmp_reg_4238                                       |  16|   0|   16|          0|
    |tmp_s_reg_4243                                     |  16|   0|   16|          0|
    +---------------------------------------------------+----+----+-----+-----------+
    |Total                                              |4748|   0| 4750|          2|
    +---------------------------------------------------+----+----+-----+-----------+



================================================================
== Interface
================================================================
* Summary: 
+---------------------+-----+-----+------------+--------------+--------------+
|      RTL Ports      | Dir | Bits|  Protocol  | Source Object|    C Type    |
+---------------------+-----+-----+------------+--------------+--------------+
|ap_clk               |  in |    1| ap_ctrl_hs |      dut     | return value |
|ap_rst               |  in |    1| ap_ctrl_hs |      dut     | return value |
|ap_start             |  in |    1| ap_ctrl_hs |      dut     | return value |
|ap_done              | out |    1| ap_ctrl_hs |      dut     | return value |
|ap_idle              | out |    1| ap_ctrl_hs |      dut     | return value |
|ap_ready             | out |    1| ap_ctrl_hs |      dut     | return value |
|strm_in_V_V_dout     |  in |   32|   ap_fifo  |  strm_in_V_V |    pointer   |
|strm_in_V_V_empty_n  |  in |    1|   ap_fifo  |  strm_in_V_V |    pointer   |
|strm_in_V_V_read     | out |    1|   ap_fifo  |  strm_in_V_V |    pointer   |
|strm_out_V_V_din     | out |   32|   ap_fifo  | strm_out_V_V |    pointer   |
|strm_out_V_V_full_n  |  in |    1|   ap_fifo  | strm_out_V_V |    pointer   |
|strm_out_V_V_write   | out |    1|   ap_fifo  | strm_out_V_V |    pointer   |
+---------------------+-----+-----+------------+--------------+--------------+

