

================================================================
== Vivado HLS Report for 'dut'
================================================================
* Date:           Thu Dec  7 23:30:15 2023

* Version:        2019.2.1 (Build 2724168 on Thu Dec 05 05:19:09 MST 2019)
* Project:        mm.prj
* Solution:       solution1
* Product family: zynq
* Target device:  xc7z020-clg484-1


================================================================
== Performance Estimates
================================================================
+ Timing: 
    * Summary: 
    +--------+----------+----------+------------+
    |  Clock |  Target  | Estimated| Uncertainty|
    +--------+----------+----------+------------+
    |ap_clk  | 10.00 ns | 8.702 ns |   1.25 ns  |
    +--------+----------+----------+------------+

+ Latency: 
    * Summary: 
    +---------+---------+-----------+-----------+------+------+---------+
    |  Latency (cycles) |   Latency (absolute)  |   Interval  | Pipeline|
    |   min   |   max   |    min    |    max    |  min |  max |   Type  |
    +---------+---------+-----------+-----------+------+------+---------+
    |     6677|     6677| 66.770 us | 66.770 us |  6677|  6677|   none  |
    +---------+---------+-----------+-----------+------+------+---------+

    + Detail: 
        * Instance: 
        +----------------------------+-----------------+---------+---------+-----------+-----------+------+------+---------+
        |                            |                 |  Latency (cycles) |   Latency (absolute)  |   Interval  | Pipeline|
        |          Instance          |      Module     |   min   |   max   |    min    |    max    |  min |  max |   Type  |
        +----------------------------+-----------------+---------+---------+-----------+-----------+------+------+---------+
        |grp_mm_mult_rowWise_fu_665  |mm_mult_rowWise  |     6241|     6241| 62.410 us | 62.410 us |  6241|  6241|   none  |
        +----------------------------+-----------------+---------+---------+-----------+-----------+------+------+---------+

        * Loop: 
        +-------------+---------+---------+----------+-----------+-----------+------+----------+
        |             |  Latency (cycles) | Iteration|  Initiation Interval  | Trip |          |
        |  Loop Name  |   min   |   max   |  Latency |  achieved |   target  | Count| Pipelined|
        +-------------+---------+---------+----------+-----------+-----------+------+----------+
        |- Loop 1     |       96|       96|         8|          -|          -|    12|    no    |
        | + Loop 1.1  |        6|        6|         1|          -|          -|     6|    no    |
        |- Loop 2     |      168|      168|        14|          -|          -|    12|    no    |
        | + Loop 2.1  |       12|       12|         2|          -|          -|     6|    no    |
        |- Loop 3     |      168|      168|        14|          -|          -|    12|    no    |
        | + Loop 3.1  |       12|       12|         2|          -|          -|     6|    no    |
        +-------------+---------+---------+----------+-----------+-----------+------+----------+



================================================================
== Utilization Estimates
================================================================
* Summary: 
+-----------------+---------+-------+--------+-------+-----+
|       Name      | BRAM_18K| DSP48E|   FF   |  LUT  | URAM|
+-----------------+---------+-------+--------+-------+-----+
|DSP              |        -|      -|       -|      -|    -|
|Expression       |        -|      -|       0|    232|    -|
|FIFO             |        -|      -|       -|      -|    -|
|Instance         |        0|      1|    2467|   3455|    0|
|Memory           |       12|      -|     384|     36|    0|
|Multiplexer      |        -|      -|       -|    842|    -|
|Register         |        -|      -|    2441|      -|    -|
+-----------------+---------+-------+--------+-------+-----+
|Total            |       12|      1|    5292|   4565|    0|
+-----------------+---------+-------+--------+-------+-----+
|Available        |      280|    220|  106400|  53200|    0|
+-----------------+---------+-------+--------+-------+-----+
|Utilization (%)  |        4|   ~0  |       4|      8|    0|
+-----------------+---------+-------+--------+-------+-----+

+ Detail: 
    * Instance: 
    +----------------------------+---------------------+---------+-------+------+------+-----+
    |          Instance          |        Module       | BRAM_18K| DSP48E|  FF  |  LUT | URAM|
    +----------------------------+---------------------+---------+-------+------+------+-----+
    |dut_mux_1448_16_1_1_U31     |dut_mux_1448_16_1_1  |        0|      0|     0|   802|    0|
    |dut_mux_1448_16_1_1_U32     |dut_mux_1448_16_1_1  |        0|      0|     0|   802|    0|
    |grp_mm_mult_rowWise_fu_665  |mm_mult_rowWise      |        0|      1|  2467|  1851|    0|
    +----------------------------+---------------------+---------+-------+------+------+-----+
    |Total                       |                     |        0|      1|  2467|  3455|    0|
    +----------------------------+---------------------+---------+-------+------+------+-----+

    * DSP48E: 
    N/A

    * Memory: 
    +----------+----------------------+---------+----+----+-----+------+-----+------+-------------+
    |  Memory  |        Module        | BRAM_18K| FF | LUT| URAM| Words| Bits| Banks| W*Bits*Banks|
    +----------+----------------------+---------+----+----+-----+------+-----+------+-------------+
    |B_b_0_U   |dut_B_b_0             |        1|   0|   0|    0|    12|   16|     1|          192|
    |B_b_1_U   |dut_B_b_0             |        1|   0|   0|    0|    12|   16|     1|          192|
    |B_b_2_U   |dut_B_b_0             |        1|   0|   0|    0|    12|   16|     1|          192|
    |B_b_3_U   |dut_B_b_0             |        1|   0|   0|    0|    12|   16|     1|          192|
    |B_b_4_U   |dut_B_b_0             |        1|   0|   0|    0|    12|   16|     1|          192|
    |B_b_5_U   |dut_B_b_0             |        1|   0|   0|    0|    12|   16|     1|          192|
    |B_b_6_U   |dut_B_b_0             |        1|   0|   0|    0|    12|   16|     1|          192|
    |B_b_7_U   |dut_B_b_0             |        1|   0|   0|    0|    12|   16|     1|          192|
    |B_b_8_U   |dut_B_b_0             |        1|   0|   0|    0|    12|   16|     1|          192|
    |B_b_9_U   |dut_B_b_0             |        1|   0|   0|    0|    12|   16|     1|          192|
    |B_b_10_U  |dut_B_b_0             |        1|   0|   0|    0|    12|   16|     1|          192|
    |B_b_11_U  |dut_B_b_0             |        1|   0|   0|    0|    12|   16|     1|          192|
    |A_a_0_U   |mm_mult_rowWise_Cbkb  |        0|  32|   3|    0|    12|   16|     1|          192|
    |A_a_1_U   |mm_mult_rowWise_Cbkb  |        0|  32|   3|    0|    12|   16|     1|          192|
    |A_a_2_U   |mm_mult_rowWise_Cbkb  |        0|  32|   3|    0|    12|   16|     1|          192|
    |A_a_3_U   |mm_mult_rowWise_Cbkb  |        0|  32|   3|    0|    12|   16|     1|          192|
    |A_a_4_U   |mm_mult_rowWise_Cbkb  |        0|  32|   3|    0|    12|   16|     1|          192|
    |A_a_5_U   |mm_mult_rowWise_Cbkb  |        0|  32|   3|    0|    12|   16|     1|          192|
    |A_a_6_U   |mm_mult_rowWise_Cbkb  |        0|  32|   3|    0|    12|   16|     1|          192|
    |A_a_7_U   |mm_mult_rowWise_Cbkb  |        0|  32|   3|    0|    12|   16|     1|          192|
    |A_a_8_U   |mm_mult_rowWise_Cbkb  |        0|  32|   3|    0|    12|   16|     1|          192|
    |A_a_9_U   |mm_mult_rowWise_Cbkb  |        0|  32|   3|    0|    12|   16|     1|          192|
    |A_a_10_U  |mm_mult_rowWise_Cbkb  |        0|  32|   3|    0|    12|   16|     1|          192|
    |A_a_11_U  |mm_mult_rowWise_Cbkb  |        0|  32|   3|    0|    12|   16|     1|          192|
    +----------+----------------------+---------+----+----+-----+------+-----+------+-------------+
    |Total     |                      |       12| 384|  36|    0|   288|  384|    24|         4608|
    +----------+----------------------+---------+----+----+-----+------+-----+------+-------------+

    * FIFO: 
    N/A

    * Expression: 
    +-----------------------+----------+-------+---+----+------------+------------+
    |     Variable Name     | Operation| DSP48E| FF| LUT| Bitwidth P0| Bitwidth P1|
    +-----------------------+----------+-------+---+----+------------+------------+
    |i_1_fu_783_p2          |     +    |      0|  0|  13|           4|           1|
    |i_2_fu_1437_p2         |     +    |      0|  0|  13|           4|           1|
    |i_fu_727_p2            |     +    |      0|  0|  13|           4|           1|
    |j_5_fu_1943_p2         |     +    |      0|  0|  13|           4|           2|
    |j_6_fu_849_p2          |     +    |      0|  0|  13|           4|           2|
    |j_fu_771_p2            |     +    |      0|  0|  13|           4|           2|
    |strm_out_V_V_din       |     +    |      0|  0|  39|          32|          32|
    |tmp_2_fu_1721_p145     |     +    |      0|  0|  15|           8|           8|
    |tmp_fu_1484_p145       |     +    |      0|  0|  15|           8|           8|
    |sub_ln206_fu_1463_p2   |     -    |      0|  0|  15|           8|           8|
    |ap_block_state3        |    and   |      0|  0|   2|           1|           1|
    |ap_block_state5        |    and   |      0|  0|   2|           1|           1|
    |icmp_ln177_fu_721_p2   |   icmp   |      0|  0|   9|           4|           4|
    |icmp_ln178_fu_749_p2   |   icmp   |      0|  0|   9|           4|           4|
    |icmp_ln186_fu_777_p2   |   icmp   |      0|  0|   9|           4|           4|
    |icmp_ln187_fu_789_p2   |   icmp   |      0|  0|   9|           4|           4|
    |icmp_ln204_fu_1431_p2  |   icmp   |      0|  0|   9|           4|           4|
    |icmp_ln205_fu_1469_p2  |   icmp   |      0|  0|   9|           4|           4|
    |or_ln180_fu_765_p2     |    or    |      0|  0|   4|           4|           1|
    |or_ln189_fu_811_p2     |    or    |      0|  0|   4|           4|           1|
    |or_ln206_fu_1706_p2    |    or    |      0|  0|   4|           4|           1|
    +-----------------------+----------+-------+---+----+------------+------------+
    |Total                  |          |      0|  0| 232|         118|          94|
    +-----------------------+----------+-------+---+----+------------+------------+

    * Multiplexer: 
    +--------------------+----+-----------+-----+-----------+
    |        Name        | LUT| Input Size| Bits| Total Bits|
    +--------------------+----+-----------+-----+-----------+
    |A_a_0_address0      |  15|          3|    4|         12|
    |A_a_0_ce0           |  15|          3|    1|          3|
    |A_a_10_address0     |  15|          3|    4|         12|
    |A_a_10_ce0          |  15|          3|    1|          3|
    |A_a_11_address0     |  15|          3|    4|         12|
    |A_a_11_ce0          |  15|          3|    1|          3|
    |A_a_1_address0      |  15|          3|    4|         12|
    |A_a_1_ce0           |  15|          3|    1|          3|
    |A_a_2_address0      |  15|          3|    4|         12|
    |A_a_2_ce0           |  15|          3|    1|          3|
    |A_a_3_address0      |  15|          3|    4|         12|
    |A_a_3_ce0           |  15|          3|    1|          3|
    |A_a_4_address0      |  15|          3|    4|         12|
    |A_a_4_ce0           |  15|          3|    1|          3|
    |A_a_5_address0      |  15|          3|    4|         12|
    |A_a_5_ce0           |  15|          3|    1|          3|
    |A_a_6_address0      |  15|          3|    4|         12|
    |A_a_6_ce0           |  15|          3|    1|          3|
    |A_a_7_address0      |  15|          3|    4|         12|
    |A_a_7_ce0           |  15|          3|    1|          3|
    |A_a_8_address0      |  15|          3|    4|         12|
    |A_a_8_ce0           |  15|          3|    1|          3|
    |A_a_9_address0      |  15|          3|    4|         12|
    |A_a_9_ce0           |  15|          3|    1|          3|
    |B_b_0_address0      |  15|          3|    4|         12|
    |B_b_0_ce0           |  15|          3|    1|          3|
    |B_b_10_address0     |  15|          3|    4|         12|
    |B_b_10_ce0          |  15|          3|    1|          3|
    |B_b_11_address0     |  15|          3|    4|         12|
    |B_b_11_ce0          |  15|          3|    1|          3|
    |B_b_1_address0      |  15|          3|    4|         12|
    |B_b_1_ce0           |  15|          3|    1|          3|
    |B_b_2_address0      |  15|          3|    4|         12|
    |B_b_2_ce0           |  15|          3|    1|          3|
    |B_b_3_address0      |  15|          3|    4|         12|
    |B_b_3_ce0           |  15|          3|    1|          3|
    |B_b_4_address0      |  15|          3|    4|         12|
    |B_b_4_ce0           |  15|          3|    1|          3|
    |B_b_5_address0      |  15|          3|    4|         12|
    |B_b_5_ce0           |  15|          3|    1|          3|
    |B_b_6_address0      |  15|          3|    4|         12|
    |B_b_6_ce0           |  15|          3|    1|          3|
    |B_b_7_address0      |  15|          3|    4|         12|
    |B_b_7_ce0           |  15|          3|    1|          3|
    |B_b_8_address0      |  15|          3|    4|         12|
    |B_b_8_ce0           |  15|          3|    1|          3|
    |B_b_9_address0      |  15|          3|    4|         12|
    |B_b_9_ce0           |  15|          3|    1|          3|
    |ap_NS_fsm           |  50|         11|    1|         11|
    |i1_0_reg_619        |   9|          2|    4|          8|
    |i3_0_reg_643        |   9|          2|    4|          8|
    |i_0_reg_597         |   9|          2|    4|          8|
    |j2_0_reg_631        |   9|          2|    4|          8|
    |j4_0_reg_654        |   9|          2|    4|          8|
    |j_0_reg_608         |   9|          2|    4|          8|
    |strm_in_V_V_blk_n   |   9|          2|    1|          2|
    |strm_out_V_V_blk_n  |   9|          2|    1|          2|
    +--------------------+----+-----------+-----+-----------+
    |Total               | 842|        171|  147|        423|
    +--------------------+----+-----------+-----+-----------+

    * Register: 
    +-----------------------------------------+----+----+-----+-----------+
    |                   Name                  | FF | LUT| Bits| Const Bits|
    +-----------------------------------------+----+----+-----+-----------+
    |A_a_0_addr_reg_2004                      |   4|   0|    4|          0|
    |A_a_10_addr_reg_2029                     |   4|   0|    4|          0|
    |A_a_11_addr_reg_1999                     |   4|   0|    4|          0|
    |A_a_1_addr_reg_1974                      |   4|   0|    4|          0|
    |A_a_2_addr_reg_2009                      |   4|   0|    4|          0|
    |A_a_3_addr_reg_1979                      |   4|   0|    4|          0|
    |A_a_4_addr_reg_2014                      |   4|   0|    4|          0|
    |A_a_5_addr_reg_1984                      |   4|   0|    4|          0|
    |A_a_6_addr_reg_2019                      |   4|   0|    4|          0|
    |A_a_7_addr_reg_1989                      |   4|   0|    4|          0|
    |A_a_8_addr_reg_2024                      |   4|   0|    4|          0|
    |A_a_9_addr_reg_1994                      |   4|   0|    4|          0|
    |Out_out_0_10_reg_2116                    |  16|   0|   16|          0|
    |Out_out_0_1_reg_2066                     |  16|   0|   16|          0|
    |Out_out_0_2_reg_2071                     |  16|   0|   16|          0|
    |Out_out_0_3_reg_2076                     |  16|   0|   16|          0|
    |Out_out_0_4_reg_2081                     |  16|   0|   16|          0|
    |Out_out_0_5_reg_2086                     |  16|   0|   16|          0|
    |Out_out_0_6_reg_2091                     |  16|   0|   16|          0|
    |Out_out_0_7_reg_2096                     |  16|   0|   16|          0|
    |Out_out_0_8_reg_2101                     |  16|   0|   16|          0|
    |Out_out_0_9_reg_2106                     |  16|   0|   16|          0|
    |Out_out_0_s_reg_2111                     |  16|   0|   16|          0|
    |Out_out_10_10_reg_2716                   |  16|   0|   16|          0|
    |Out_out_10_1_reg_2666                    |  16|   0|   16|          0|
    |Out_out_10_2_reg_2671                    |  16|   0|   16|          0|
    |Out_out_10_3_reg_2676                    |  16|   0|   16|          0|
    |Out_out_10_4_reg_2681                    |  16|   0|   16|          0|
    |Out_out_10_5_reg_2686                    |  16|   0|   16|          0|
    |Out_out_10_6_reg_2691                    |  16|   0|   16|          0|
    |Out_out_10_7_reg_2696                    |  16|   0|   16|          0|
    |Out_out_10_8_reg_2701                    |  16|   0|   16|          0|
    |Out_out_10_9_reg_2706                    |  16|   0|   16|          0|
    |Out_out_10_reg_2721                      |  16|   0|   16|          0|
    |Out_out_10_s_reg_2711                    |  16|   0|   16|          0|
    |Out_out_11_10_reg_2776                   |  16|   0|   16|          0|
    |Out_out_11_1_reg_2726                    |  16|   0|   16|          0|
    |Out_out_11_2_reg_2731                    |  16|   0|   16|          0|
    |Out_out_11_3_reg_2736                    |  16|   0|   16|          0|
    |Out_out_11_4_reg_2741                    |  16|   0|   16|          0|
    |Out_out_11_5_reg_2746                    |  16|   0|   16|          0|
    |Out_out_11_6_reg_2751                    |  16|   0|   16|          0|
    |Out_out_11_7_reg_2756                    |  16|   0|   16|          0|
    |Out_out_11_8_reg_2761                    |  16|   0|   16|          0|
    |Out_out_11_9_reg_2766                    |  16|   0|   16|          0|
    |Out_out_11_s_reg_2771                    |  16|   0|   16|          0|
    |Out_out_1_10_reg_2176                    |  16|   0|   16|          0|
    |Out_out_1_1_reg_2126                     |  16|   0|   16|          0|
    |Out_out_1_2_reg_2131                     |  16|   0|   16|          0|
    |Out_out_1_3_reg_2136                     |  16|   0|   16|          0|
    |Out_out_1_4_reg_2141                     |  16|   0|   16|          0|
    |Out_out_1_5_reg_2146                     |  16|   0|   16|          0|
    |Out_out_1_6_reg_2151                     |  16|   0|   16|          0|
    |Out_out_1_7_reg_2156                     |  16|   0|   16|          0|
    |Out_out_1_8_reg_2161                     |  16|   0|   16|          0|
    |Out_out_1_9_reg_2166                     |  16|   0|   16|          0|
    |Out_out_1_reg_2121                       |  16|   0|   16|          0|
    |Out_out_1_s_reg_2171                     |  16|   0|   16|          0|
    |Out_out_2_10_reg_2236                    |  16|   0|   16|          0|
    |Out_out_2_1_reg_2186                     |  16|   0|   16|          0|
    |Out_out_2_2_reg_2191                     |  16|   0|   16|          0|
    |Out_out_2_3_reg_2196                     |  16|   0|   16|          0|
    |Out_out_2_4_reg_2201                     |  16|   0|   16|          0|
    |Out_out_2_5_reg_2206                     |  16|   0|   16|          0|
    |Out_out_2_6_reg_2211                     |  16|   0|   16|          0|
    |Out_out_2_7_reg_2216                     |  16|   0|   16|          0|
    |Out_out_2_8_reg_2221                     |  16|   0|   16|          0|
    |Out_out_2_9_reg_2226                     |  16|   0|   16|          0|
    |Out_out_2_reg_2181                       |  16|   0|   16|          0|
    |Out_out_2_s_reg_2231                     |  16|   0|   16|          0|
    |Out_out_3_10_reg_2296                    |  16|   0|   16|          0|
    |Out_out_3_1_reg_2246                     |  16|   0|   16|          0|
    |Out_out_3_2_reg_2251                     |  16|   0|   16|          0|
    |Out_out_3_3_reg_2256                     |  16|   0|   16|          0|
    |Out_out_3_4_reg_2261                     |  16|   0|   16|          0|
    |Out_out_3_5_reg_2266                     |  16|   0|   16|          0|
    |Out_out_3_6_reg_2271                     |  16|   0|   16|          0|
    |Out_out_3_7_reg_2276                     |  16|   0|   16|          0|
    |Out_out_3_8_reg_2281                     |  16|   0|   16|          0|
    |Out_out_3_9_reg_2286                     |  16|   0|   16|          0|
    |Out_out_3_reg_2241                       |  16|   0|   16|          0|
    |Out_out_3_s_reg_2291                     |  16|   0|   16|          0|
    |Out_out_4_10_reg_2356                    |  16|   0|   16|          0|
    |Out_out_4_1_reg_2306                     |  16|   0|   16|          0|
    |Out_out_4_2_reg_2311                     |  16|   0|   16|          0|
    |Out_out_4_3_reg_2316                     |  16|   0|   16|          0|
    |Out_out_4_4_reg_2321                     |  16|   0|   16|          0|
    |Out_out_4_5_reg_2326                     |  16|   0|   16|          0|
    |Out_out_4_6_reg_2331                     |  16|   0|   16|          0|
    |Out_out_4_7_reg_2336                     |  16|   0|   16|          0|
    |Out_out_4_8_reg_2341                     |  16|   0|   16|          0|
    |Out_out_4_9_reg_2346                     |  16|   0|   16|          0|
    |Out_out_4_reg_2301                       |  16|   0|   16|          0|
    |Out_out_4_s_reg_2351                     |  16|   0|   16|          0|
    |Out_out_5_10_reg_2416                    |  16|   0|   16|          0|
    |Out_out_5_1_reg_2366                     |  16|   0|   16|          0|
    |Out_out_5_2_reg_2371                     |  16|   0|   16|          0|
    |Out_out_5_3_reg_2376                     |  16|   0|   16|          0|
    |Out_out_5_4_reg_2381                     |  16|   0|   16|          0|
    |Out_out_5_5_reg_2386                     |  16|   0|   16|          0|
    |Out_out_5_6_reg_2391                     |  16|   0|   16|          0|
    |Out_out_5_7_reg_2396                     |  16|   0|   16|          0|
    |Out_out_5_8_reg_2401                     |  16|   0|   16|          0|
    |Out_out_5_9_reg_2406                     |  16|   0|   16|          0|
    |Out_out_5_reg_2361                       |  16|   0|   16|          0|
    |Out_out_5_s_reg_2411                     |  16|   0|   16|          0|
    |Out_out_6_10_reg_2476                    |  16|   0|   16|          0|
    |Out_out_6_1_reg_2426                     |  16|   0|   16|          0|
    |Out_out_6_2_reg_2431                     |  16|   0|   16|          0|
    |Out_out_6_3_reg_2436                     |  16|   0|   16|          0|
    |Out_out_6_4_reg_2441                     |  16|   0|   16|          0|
    |Out_out_6_5_reg_2446                     |  16|   0|   16|          0|
    |Out_out_6_6_reg_2451                     |  16|   0|   16|          0|
    |Out_out_6_7_reg_2456                     |  16|   0|   16|          0|
    |Out_out_6_8_reg_2461                     |  16|   0|   16|          0|
    |Out_out_6_9_reg_2466                     |  16|   0|   16|          0|
    |Out_out_6_reg_2421                       |  16|   0|   16|          0|
    |Out_out_6_s_reg_2471                     |  16|   0|   16|          0|
    |Out_out_7_10_reg_2536                    |  16|   0|   16|          0|
    |Out_out_7_1_reg_2486                     |  16|   0|   16|          0|
    |Out_out_7_2_reg_2491                     |  16|   0|   16|          0|
    |Out_out_7_3_reg_2496                     |  16|   0|   16|          0|
    |Out_out_7_4_reg_2501                     |  16|   0|   16|          0|
    |Out_out_7_5_reg_2506                     |  16|   0|   16|          0|
    |Out_out_7_6_reg_2511                     |  16|   0|   16|          0|
    |Out_out_7_7_reg_2516                     |  16|   0|   16|          0|
    |Out_out_7_8_reg_2521                     |  16|   0|   16|          0|
    |Out_out_7_9_reg_2526                     |  16|   0|   16|          0|
    |Out_out_7_reg_2481                       |  16|   0|   16|          0|
    |Out_out_7_s_reg_2531                     |  16|   0|   16|          0|
    |Out_out_8_10_reg_2596                    |  16|   0|   16|          0|
    |Out_out_8_1_reg_2546                     |  16|   0|   16|          0|
    |Out_out_8_2_reg_2551                     |  16|   0|   16|          0|
    |Out_out_8_3_reg_2556                     |  16|   0|   16|          0|
    |Out_out_8_4_reg_2561                     |  16|   0|   16|          0|
    |Out_out_8_5_reg_2566                     |  16|   0|   16|          0|
    |Out_out_8_6_reg_2571                     |  16|   0|   16|          0|
    |Out_out_8_7_reg_2576                     |  16|   0|   16|          0|
    |Out_out_8_8_reg_2581                     |  16|   0|   16|          0|
    |Out_out_8_9_reg_2586                     |  16|   0|   16|          0|
    |Out_out_8_reg_2541                       |  16|   0|   16|          0|
    |Out_out_8_s_reg_2591                     |  16|   0|   16|          0|
    |Out_out_9_10_reg_2656                    |  16|   0|   16|          0|
    |Out_out_9_1_reg_2606                     |  16|   0|   16|          0|
    |Out_out_9_2_reg_2611                     |  16|   0|   16|          0|
    |Out_out_9_3_reg_2616                     |  16|   0|   16|          0|
    |Out_out_9_4_reg_2621                     |  16|   0|   16|          0|
    |Out_out_9_5_reg_2626                     |  16|   0|   16|          0|
    |Out_out_9_6_reg_2631                     |  16|   0|   16|          0|
    |Out_out_9_7_reg_2636                     |  16|   0|   16|          0|
    |Out_out_9_8_reg_2641                     |  16|   0|   16|          0|
    |Out_out_9_9_reg_2646                     |  16|   0|   16|          0|
    |Out_out_9_reg_2601                       |  16|   0|   16|          0|
    |Out_out_9_s_reg_2651                     |  16|   0|   16|          0|
    |Out_out_reg_2061                         |  16|   0|   16|          0|
    |Out_out_s_reg_2661                       |  16|   0|   16|          0|
    |ap_CS_fsm                                |  10|   0|   10|          0|
    |grp_mm_mult_rowWise_fu_665_ap_start_reg  |   1|   0|    1|          0|
    |i1_0_reg_619                             |   4|   0|    4|          0|
    |i3_0_reg_643                             |   4|   0|    4|          0|
    |i_0_reg_597                              |   4|   0|    4|          0|
    |i_1_reg_2048                             |   4|   0|    4|          0|
    |i_2_reg_2784                             |   4|   0|    4|          0|
    |i_reg_1969                               |   4|   0|    4|          0|
    |j2_0_reg_631                             |   4|   0|    4|          0|
    |j4_0_reg_654                             |   4|   0|    4|          0|
    |j_0_reg_608                              |   4|   0|    4|          0|
    |j_5_reg_2808                             |   4|   0|    4|          0|
    |sub_ln206_reg_2789                       |   6|   0|    8|          2|
    |tmp_2_reg_2803                           |  16|   0|   16|          0|
    |tmp_reg_2798                             |  16|   0|   16|          0|
    +-----------------------------------------+----+----+-----+-----------+
    |Total                                    |2441|   0| 2443|          2|
    +-----------------------------------------+----+----+-----+-----------+



================================================================
== Interface
================================================================
* Summary: 
+---------------------+-----+-----+------------+--------------+--------------+
|      RTL Ports      | Dir | Bits|  Protocol  | Source Object|    C Type    |
+---------------------+-----+-----+------------+--------------+--------------+
|ap_clk               |  in |    1| ap_ctrl_hs |      dut     | return value |
|ap_rst               |  in |    1| ap_ctrl_hs |      dut     | return value |
|ap_start             |  in |    1| ap_ctrl_hs |      dut     | return value |
|ap_done              | out |    1| ap_ctrl_hs |      dut     | return value |
|ap_idle              | out |    1| ap_ctrl_hs |      dut     | return value |
|ap_ready             | out |    1| ap_ctrl_hs |      dut     | return value |
|strm_in_V_V_dout     |  in |   32|   ap_fifo  |  strm_in_V_V |    pointer   |
|strm_in_V_V_empty_n  |  in |    1|   ap_fifo  |  strm_in_V_V |    pointer   |
|strm_in_V_V_read     | out |    1|   ap_fifo  |  strm_in_V_V |    pointer   |
|strm_out_V_V_din     | out |   32|   ap_fifo  | strm_out_V_V |    pointer   |
|strm_out_V_V_full_n  |  in |    1|   ap_fifo  | strm_out_V_V |    pointer   |
|strm_out_V_V_write   | out |    1|   ap_fifo  | strm_out_V_V |    pointer   |
+---------------------+-----+-----+------------+--------------+--------------+

