

================================================================
== Vivado HLS Report for 'mm_mult_tiling'
================================================================
* Date:           Sun Nov 26 23:30:31 2023

* Version:        2019.2.1 (Build 2724168 on Thu Dec 05 05:19:09 MST 2019)
* Project:        mm.prj
* Solution:       solution1
* Product family: zynq
* Target device:  xc7z020-clg484-1


================================================================
== Performance Estimates
================================================================
+ Timing: 
    * Summary: 
    +--------+----------+----------+------------+
    |  Clock |  Target  | Estimated| Uncertainty|
    +--------+----------+----------+------------+
    |ap_clk  | 10.00 ns | 7.532 ns |   1.25 ns  |
    +--------+----------+----------+------------+

+ Latency: 
    * Summary: 
    +---------+---------+----------+----------+-----+-----+---------+
    |  Latency (cycles) |  Latency (absolute) |  Interval | Pipeline|
    |   min   |   max   |    min   |    max   | min | max |   Type  |
    +---------+---------+----------+----------+-----+-----+---------+
    |      254|      254| 2.540 us | 2.540 us |  254|  254|   none  |
    +---------+---------+----------+----------+-----+-----+---------+

    + Detail: 
        * Instance: 
        N/A

        * Loop: 
        +----------+---------+---------+----------+-----------+-----------+------+----------+
        |          |  Latency (cycles) | Iteration|  Initiation Interval  | Trip |          |
        | Loop Name|   min   |   max   |  Latency |  achieved |   target  | Count| Pipelined|
        +----------+---------+---------+----------+-----------+-----------+------+----------+
        |- Loop 1  |      252|      252|         4|          1|          1|   250|    yes   |
        +----------+---------+---------+----------+-----------+-----------+------+----------+



================================================================
== Utilization Estimates
================================================================
* Summary: 
+-----------------+---------+-------+--------+-------+-----+
|       Name      | BRAM_18K| DSP48E|   FF   |  LUT  | URAM|
+-----------------+---------+-------+--------+-------+-----+
|DSP              |        -|      4|       -|      -|    -|
|Expression       |        -|      -|       0|    316|    -|
|FIFO             |        -|      -|       -|      -|    -|
|Instance         |        -|      -|       0|    440|    -|
|Memory           |        -|      -|       -|      -|    -|
|Multiplexer      |        -|      -|       -|   1486|    -|
|Register         |        0|      -|     564|    160|    -|
+-----------------+---------+-------+--------+-------+-----+
|Total            |        0|      4|     564|   2402|    0|
+-----------------+---------+-------+--------+-------+-----+
|Available        |      280|    220|  106400|  53200|    0|
+-----------------+---------+-------+--------+-------+-----+
|Utilization (%)  |        0|      1|   ~0   |      4|    0|
+-----------------+---------+-------+--------+-------+-----+

+ Detail: 
    * Instance: 
    +-------------------------+----------------------+---------+-------+---+----+-----+
    |         Instance        |        Module        | BRAM_18K| DSP48E| FF| LUT| URAM|
    +-------------------------+----------------------+---------+-------+---+----+-----+
    |mm_mult_tiling_mubkb_U1  |mm_mult_tiling_mubkb  |        0|      0|  0|  55|    0|
    |mm_mult_tiling_mubkb_U2  |mm_mult_tiling_mubkb  |        0|      0|  0|  55|    0|
    |mm_mult_tiling_mubkb_U3  |mm_mult_tiling_mubkb  |        0|      0|  0|  55|    0|
    |mm_mult_tiling_mubkb_U4  |mm_mult_tiling_mubkb  |        0|      0|  0|  55|    0|
    |mm_mult_tiling_mubkb_U5  |mm_mult_tiling_mubkb  |        0|      0|  0|  55|    0|
    |mm_mult_tiling_mubkb_U6  |mm_mult_tiling_mubkb  |        0|      0|  0|  55|    0|
    |mm_mult_tiling_mubkb_U7  |mm_mult_tiling_mubkb  |        0|      0|  0|  55|    0|
    |mm_mult_tiling_mubkb_U8  |mm_mult_tiling_mubkb  |        0|      0|  0|  55|    0|
    +-------------------------+----------------------+---------+-------+---+----+-----+
    |Total                    |                      |        0|      0|  0| 440|    0|
    +-------------------------+----------------------+---------+-------+---+----+-----+

    * DSP48E: 
    +--------------------------+----------------------+-----------+
    |         Instance         |        Module        | Expression|
    +--------------------------+----------------------+-----------+
    |mm_mult_tiling_mucud_U9   |mm_mult_tiling_mucud  |  i0 * i1  |
    |mm_mult_tiling_mucud_U10  |mm_mult_tiling_mucud  |  i0 * i1  |
    |mm_mult_tiling_mucud_U11  |mm_mult_tiling_mucud  |  i0 * i1  |
    |mm_mult_tiling_mucud_U12  |mm_mult_tiling_mucud  |  i0 * i1  |
    +--------------------------+----------------------+-----------+

    * Memory: 
    N/A

    * FIFO: 
    N/A

    * Expression: 
    +--------------------------+----------+-------+---+----+------------+------------+
    |       Variable Name      | Operation| DSP48E| FF| LUT| Bitwidth P0| Bitwidth P1|
    +--------------------------+----------+-------+---+----+------------+------------+
    |add_ln78_1_fu_2537_p2     |     +    |      0|  0|  13|           4|           1|
    |add_ln78_fu_2489_p2       |     +    |      0|  0|  15|           8|           1|
    |add_ln79_1_fu_2655_p2     |     +    |      0|  0|  15|           6|           1|
    |add_ln84_1_fu_2899_p2     |     +    |      0|  0|  23|          16|          16|
    |add_ln84_2_fu_2929_p2     |     +    |      0|  0|  23|          16|          16|
    |add_ln84_3_fu_2959_p2     |     +    |      0|  0|  23|          16|          16|
    |add_ln84_fu_2869_p2       |     +    |      0|  0|  23|          16|          16|
    |ii_fu_2551_p2             |     +    |      0|  0|  13|           4|           2|
    |jj_fu_2649_p2             |     +    |      0|  0|  13|           4|           2|
    |ap_condition_1177         |    and   |      0|  0|   2|           1|           1|
    |ap_condition_1195         |    and   |      0|  0|   2|           1|           1|
    |ap_condition_1213         |    and   |      0|  0|   2|           1|           1|
    |ap_condition_1231         |    and   |      0|  0|   2|           1|           1|
    |ap_condition_1237         |    and   |      0|  0|   2|           1|           1|
    |ap_condition_1240         |    and   |      0|  0|   2|           1|           1|
    |ap_condition_1243         |    and   |      0|  0|   2|           1|           1|
    |ap_condition_1246         |    and   |      0|  0|   2|           1|           1|
    |ap_condition_1252         |    and   |      0|  0|   2|           1|           1|
    |ap_condition_1271         |    and   |      0|  0|   2|           1|           1|
    |ap_condition_1289         |    and   |      0|  0|   2|           1|           1|
    |ap_condition_1307         |    and   |      0|  0|   2|           1|           1|
    |ap_condition_1325         |    and   |      0|  0|   2|           1|           1|
    |ap_condition_1328         |    and   |      0|  0|   2|           1|           1|
    |ap_condition_1331         |    and   |      0|  0|   2|           1|           1|
    |ap_condition_1334         |    and   |      0|  0|   2|           1|           1|
    |ap_condition_1337         |    and   |      0|  0|   2|           1|           1|
    |ap_condition_1343         |    and   |      0|  0|   2|           1|           1|
    |ap_condition_1362         |    and   |      0|  0|   2|           1|           1|
    |ap_condition_1377         |    and   |      0|  0|   2|           1|           1|
    |ap_condition_1392         |    and   |      0|  0|   2|           1|           1|
    |ap_condition_1407         |    and   |      0|  0|   2|           1|           1|
    |ap_condition_1413         |    and   |      0|  0|   2|           1|           1|
    |ap_condition_1419         |    and   |      0|  0|   2|           1|           1|
    |ap_condition_1425         |    and   |      0|  0|   2|           1|           1|
    |ap_condition_1431         |    and   |      0|  0|   2|           1|           1|
    |ap_condition_1437         |    and   |      0|  0|   2|           1|           1|
    |ap_condition_1456         |    and   |      0|  0|   2|           1|           1|
    |ap_condition_1471         |    and   |      0|  0|   2|           1|           1|
    |ap_condition_1486         |    and   |      0|  0|   2|           1|           1|
    |ap_condition_1501         |    and   |      0|  0|   2|           1|           1|
    |ap_condition_1507         |    and   |      0|  0|   2|           1|           1|
    |ap_condition_1513         |    and   |      0|  0|   2|           1|           1|
    |ap_condition_1519         |    and   |      0|  0|   2|           1|           1|
    |ap_condition_1525         |    and   |      0|  0|   2|           1|           1|
    |ap_condition_1531         |    and   |      0|  0|   2|           1|           1|
    |icmp_ln78_fu_2483_p2      |   icmp   |      0|  0|  11|           8|           4|
    |icmp_ln79_fu_2495_p2      |   icmp   |      0|  0|  11|           6|           5|
    |icmp_ln80_fu_2525_p2      |   icmp   |      0|  0|   9|           4|           4|
    |or_ln79_fu_2531_p2        |    or    |      0|  0|   2|           1|           1|
    |or_ln84_1_fu_2477_p2      |    or    |      0|  0|   4|           4|           1|
    |or_ln84_2_fu_2587_p2      |    or    |      0|  0|   4|           4|           1|
    |or_ln84_fu_2629_p2        |    or    |      0|  0|   4|           4|           1|
    |select_ln78_fu_2543_p3    |  select  |      0|  0|   4|           1|           4|
    |select_ln79_1_fu_2509_p3  |  select  |      0|  0|   4|           1|           1|
    |select_ln79_2_fu_2517_p3  |  select  |      0|  0|   4|           1|           1|
    |select_ln79_3_fu_2661_p3  |  select  |      0|  0|   6|           1|           1|
    |select_ln79_fu_2501_p3    |  select  |      0|  0|   4|           1|           1|
    |select_ln84_1_fu_2565_p3  |  select  |      0|  0|   4|           1|           4|
    |select_ln84_2_fu_2593_p3  |  select  |      0|  0|   4|           1|           4|
    |select_ln84_fu_2557_p3    |  select  |      0|  0|   4|           1|           4|
    |ap_enable_pp0             |    xor   |      0|  0|   2|           1|           2|
    |ap_enable_reg_pp0_iter1   |    xor   |      0|  0|   2|           2|           1|
    +--------------------------+----------+-------+---+----+------------+------------+
    |Total                     |          |      0|  0| 316|         168|         147|
    +--------------------------+----------+-------+---+----+------------+------------+

    * Multiplexer: 
    +---------------------------------------+-----+-----------+-----+-----------+
    |                  Name                 | LUT | Input Size| Bits| Total Bits|
    +---------------------------------------+-----+-----------+-----+-----------+
    |ap_NS_fsm                              |   21|          4|    1|          4|
    |ap_enable_reg_pp0_iter1                |    9|          2|    1|          2|
    |ap_enable_reg_pp0_iter3                |    9|          2|    1|          2|
    |ap_phi_mux_ii_0_phi_fu_2139_p4         |    9|          2|    4|          8|
    |ap_phi_mux_k_0_phi_fu_2117_p4          |    9|          2|    4|          8|
    |ap_phi_mux_phi_ln84_1_phi_fu_2240_p50  |  121|         26|   16|        416|
    |ap_phi_mux_phi_ln84_2_phi_fu_2320_p50  |  121|         26|   16|        416|
    |ap_phi_mux_phi_ln84_3_phi_fu_2400_p50  |  121|         26|   16|        416|
    |ap_phi_mux_phi_ln84_phi_fu_2160_p50    |  121|         26|   16|        416|
    |ii_0_reg_2135                          |    9|          2|    4|          8|
    |indvar_flatten39_reg_2102              |    9|          2|    8|         16|
    |indvar_flatten_reg_2124                |    9|          2|    6|         12|
    |jj_0_reg_2146                          |    9|          2|    4|          8|
    |k_0_reg_2113                           |    9|          2|    4|          8|
    |out_0_0_o                              |    9|          2|   16|         32|
    |out_0_1_o                              |    9|          2|   16|         32|
    |out_0_2_o                              |    9|          2|   16|         32|
    |out_0_3_o                              |    9|          2|   16|         32|
    |out_0_4_o                              |    9|          2|   16|         32|
    |out_0_5_o                              |    9|          2|   16|         32|
    |out_0_6_o                              |    9|          2|   16|         32|
    |out_0_7_o                              |    9|          2|   16|         32|
    |out_0_8_o                              |    9|          2|   16|         32|
    |out_0_9_o                              |    9|          2|   16|         32|
    |out_1_0_o                              |    9|          2|   16|         32|
    |out_1_1_o                              |    9|          2|   16|         32|
    |out_1_2_o                              |    9|          2|   16|         32|
    |out_1_3_o                              |    9|          2|   16|         32|
    |out_1_4_o                              |    9|          2|   16|         32|
    |out_1_5_o                              |    9|          2|   16|         32|
    |out_1_6_o                              |    9|          2|   16|         32|
    |out_1_7_o                              |    9|          2|   16|         32|
    |out_1_8_o                              |    9|          2|   16|         32|
    |out_1_9_o                              |    9|          2|   16|         32|
    |out_2_0_o                              |    9|          2|   16|         32|
    |out_2_1_o                              |    9|          2|   16|         32|
    |out_2_2_o                              |    9|          2|   16|         32|
    |out_2_3_o                              |    9|          2|   16|         32|
    |out_2_4_o                              |    9|          2|   16|         32|
    |out_2_5_o                              |    9|          2|   16|         32|
    |out_2_6_o                              |    9|          2|   16|         32|
    |out_2_7_o                              |    9|          2|   16|         32|
    |out_2_8_o                              |    9|          2|   16|         32|
    |out_2_9_o                              |    9|          2|   16|         32|
    |out_3_0_o                              |    9|          2|   16|         32|
    |out_3_1_o                              |    9|          2|   16|         32|
    |out_3_2_o                              |    9|          2|   16|         32|
    |out_3_3_o                              |    9|          2|   16|         32|
    |out_3_4_o                              |    9|          2|   16|         32|
    |out_3_5_o                              |    9|          2|   16|         32|
    |out_3_6_o                              |    9|          2|   16|         32|
    |out_3_7_o                              |    9|          2|   16|         32|
    |out_3_8_o                              |    9|          2|   16|         32|
    |out_3_9_o                              |    9|          2|   16|         32|
    |out_4_0_o                              |    9|          2|   16|         32|
    |out_4_1_o                              |    9|          2|   16|         32|
    |out_4_2_o                              |    9|          2|   16|         32|
    |out_4_3_o                              |    9|          2|   16|         32|
    |out_4_4_o                              |    9|          2|   16|         32|
    |out_4_5_o                              |    9|          2|   16|         32|
    |out_4_6_o                              |    9|          2|   16|         32|
    |out_4_7_o                              |    9|          2|   16|         32|
    |out_4_8_o                              |    9|          2|   16|         32|
    |out_4_9_o                              |    9|          2|   16|         32|
    |out_5_0_o                              |    9|          2|   16|         32|
    |out_5_1_o                              |    9|          2|   16|         32|
    |out_5_2_o                              |    9|          2|   16|         32|
    |out_5_3_o                              |    9|          2|   16|         32|
    |out_5_4_o                              |    9|          2|   16|         32|
    |out_5_5_o                              |    9|          2|   16|         32|
    |out_5_6_o                              |    9|          2|   16|         32|
    |out_5_7_o                              |    9|          2|   16|         32|
    |out_5_8_o                              |    9|          2|   16|         32|
    |out_5_9_o                              |    9|          2|   16|         32|
    |out_6_0_o                              |    9|          2|   16|         32|
    |out_6_1_o                              |    9|          2|   16|         32|
    |out_6_2_o                              |    9|          2|   16|         32|
    |out_6_3_o                              |    9|          2|   16|         32|
    |out_6_4_o                              |    9|          2|   16|         32|
    |out_6_5_o                              |    9|          2|   16|         32|
    |out_6_6_o                              |    9|          2|   16|         32|
    |out_6_7_o                              |    9|          2|   16|         32|
    |out_6_8_o                              |    9|          2|   16|         32|
    |out_6_9_o                              |    9|          2|   16|         32|
    |out_7_0_o                              |    9|          2|   16|         32|
    |out_7_1_o                              |    9|          2|   16|         32|
    |out_7_2_o                              |    9|          2|   16|         32|
    |out_7_3_o                              |    9|          2|   16|         32|
    |out_7_4_o                              |    9|          2|   16|         32|
    |out_7_5_o                              |    9|          2|   16|         32|
    |out_7_6_o                              |    9|          2|   16|         32|
    |out_7_7_o                              |    9|          2|   16|         32|
    |out_7_8_o                              |    9|          2|   16|         32|
    |out_7_9_o                              |    9|          2|   16|         32|
    |out_8_0_o                              |    9|          2|   16|         32|
    |out_8_1_o                              |    9|          2|   16|         32|
    |out_8_2_o                              |    9|          2|   16|         32|
    |out_8_3_o                              |    9|          2|   16|         32|
    |out_8_4_o                              |    9|          2|   16|         32|
    |out_8_5_o                              |    9|          2|   16|         32|
    |out_8_6_o                              |    9|          2|   16|         32|
    |out_8_7_o                              |    9|          2|   16|         32|
    |out_8_8_o                              |    9|          2|   16|         32|
    |out_8_9_o                              |    9|          2|   16|         32|
    |out_9_0_o                              |    9|          2|   16|         32|
    |out_9_1_o                              |    9|          2|   16|         32|
    |out_9_2_o                              |    9|          2|   16|         32|
    |out_9_3_o                              |    9|          2|   16|         32|
    |out_9_4_o                              |    9|          2|   16|         32|
    |out_9_5_o                              |    9|          2|   16|         32|
    |out_9_6_o                              |    9|          2|   16|         32|
    |out_9_7_o                              |    9|          2|   16|         32|
    |out_9_8_o                              |    9|          2|   16|         32|
    |out_9_9_o                              |    9|          2|   16|         32|
    +---------------------------------------+-----+-----------+-----+-----------+
    |Total                                  | 1486|        326| 1701|       4940|
    +---------------------------------------+-----+-----------+-----+-----------+

    * Register: 
    +---------------------------+----+----+-----+-----------+
    |            Name           | FF | LUT| Bits| Const Bits|
    +---------------------------+----+----+-----+-----------+
    |ap_CS_fsm                  |   3|   0|    3|          0|
    |ap_enable_reg_pp0_iter0    |   1|   0|    1|          0|
    |ap_enable_reg_pp0_iter1    |   1|   0|    1|          0|
    |ap_enable_reg_pp0_iter2    |   1|   0|    1|          0|
    |ap_enable_reg_pp0_iter3    |   1|   0|    1|          0|
    |icmp_ln78_reg_3005         |   1|   0|    1|          0|
    |ii_0_reg_2135              |   4|   0|    4|          0|
    |indvar_flatten39_reg_2102  |   8|   0|    8|          0|
    |indvar_flatten_reg_2124    |   6|   0|    6|          0|
    |jj_0_reg_2146              |   4|   0|    4|          0|
    |k_0_reg_2113               |   4|   0|    4|          0|
    |mul_ln84_1_reg_3299        |  16|   0|   16|          0|
    |mul_ln84_2_reg_3304        |  16|   0|   16|          0|
    |mul_ln84_3_reg_3309        |  16|   0|   16|          0|
    |mul_ln84_reg_3294          |  16|   0|   16|          0|
    |or_ln84_reg_3140           |   3|   0|    4|          1|
    |select_ln78_reg_3014       |   4|   0|    4|          0|
    |select_ln84_1_reg_3031     |   4|   0|    4|          0|
    |select_ln84_2_reg_3036     |   3|   0|    4|          1|
    |select_ln84_reg_3027       |   4|   0|    4|          0|
    |tmp_1_reg_3254             |  16|   0|   16|          0|
    |tmp_2_reg_3259             |  16|   0|   16|          0|
    |tmp_3_reg_3264             |  16|   0|   16|          0|
    |tmp_4_reg_3269             |  16|   0|   16|          0|
    |tmp_5_reg_3274             |  16|   0|   16|          0|
    |tmp_6_reg_3279             |  16|   0|   16|          0|
    |tmp_7_reg_3284             |  16|   0|   16|          0|
    |tmp_8_reg_3289             |  16|   0|   16|          0|
    |icmp_ln78_reg_3005         |  64|  32|    1|          0|
    |or_ln84_reg_3140           |  64|  32|    4|          1|
    |select_ln84_1_reg_3031     |  64|  32|    4|          0|
    |select_ln84_2_reg_3036     |  64|  32|    4|          1|
    |select_ln84_reg_3027       |  64|  32|    4|          0|
    +---------------------------+----+----+-----+-----------+
    |Total                      | 564| 160|  263|          4|
    +---------------------------+----+----+-----+-----------+



================================================================
== Interface
================================================================
* Summary: 
+------------------+-----+-----+------------+----------------+--------------+
|     RTL Ports    | Dir | Bits|  Protocol  |  Source Object |    C Type    |
+------------------+-----+-----+------------+----------------+--------------+
|ap_clk            |  in |    1| ap_ctrl_hs | mm_mult_tiling | return value |
|ap_rst            |  in |    1| ap_ctrl_hs | mm_mult_tiling | return value |
|ap_start          |  in |    1| ap_ctrl_hs | mm_mult_tiling | return value |
|ap_done           | out |    1| ap_ctrl_hs | mm_mult_tiling | return value |
|ap_idle           | out |    1| ap_ctrl_hs | mm_mult_tiling | return value |
|ap_ready          | out |    1| ap_ctrl_hs | mm_mult_tiling | return value |
|a_0_address0      | out |    4|  ap_memory |       a_0      |     array    |
|a_0_ce0           | out |    1|  ap_memory |       a_0      |     array    |
|a_0_q0            |  in |   16|  ap_memory |       a_0      |     array    |
|a_0_address1      | out |    4|  ap_memory |       a_0      |     array    |
|a_0_ce1           | out |    1|  ap_memory |       a_0      |     array    |
|a_0_q1            |  in |   16|  ap_memory |       a_0      |     array    |
|a_1_address0      | out |    4|  ap_memory |       a_1      |     array    |
|a_1_ce0           | out |    1|  ap_memory |       a_1      |     array    |
|a_1_q0            |  in |   16|  ap_memory |       a_1      |     array    |
|a_1_address1      | out |    4|  ap_memory |       a_1      |     array    |
|a_1_ce1           | out |    1|  ap_memory |       a_1      |     array    |
|a_1_q1            |  in |   16|  ap_memory |       a_1      |     array    |
|a_2_address0      | out |    4|  ap_memory |       a_2      |     array    |
|a_2_ce0           | out |    1|  ap_memory |       a_2      |     array    |
|a_2_q0            |  in |   16|  ap_memory |       a_2      |     array    |
|a_2_address1      | out |    4|  ap_memory |       a_2      |     array    |
|a_2_ce1           | out |    1|  ap_memory |       a_2      |     array    |
|a_2_q1            |  in |   16|  ap_memory |       a_2      |     array    |
|a_3_address0      | out |    4|  ap_memory |       a_3      |     array    |
|a_3_ce0           | out |    1|  ap_memory |       a_3      |     array    |
|a_3_q0            |  in |   16|  ap_memory |       a_3      |     array    |
|a_3_address1      | out |    4|  ap_memory |       a_3      |     array    |
|a_3_ce1           | out |    1|  ap_memory |       a_3      |     array    |
|a_3_q1            |  in |   16|  ap_memory |       a_3      |     array    |
|a_4_address0      | out |    4|  ap_memory |       a_4      |     array    |
|a_4_ce0           | out |    1|  ap_memory |       a_4      |     array    |
|a_4_q0            |  in |   16|  ap_memory |       a_4      |     array    |
|a_4_address1      | out |    4|  ap_memory |       a_4      |     array    |
|a_4_ce1           | out |    1|  ap_memory |       a_4      |     array    |
|a_4_q1            |  in |   16|  ap_memory |       a_4      |     array    |
|a_5_address0      | out |    4|  ap_memory |       a_5      |     array    |
|a_5_ce0           | out |    1|  ap_memory |       a_5      |     array    |
|a_5_q0            |  in |   16|  ap_memory |       a_5      |     array    |
|a_5_address1      | out |    4|  ap_memory |       a_5      |     array    |
|a_5_ce1           | out |    1|  ap_memory |       a_5      |     array    |
|a_5_q1            |  in |   16|  ap_memory |       a_5      |     array    |
|a_6_address0      | out |    4|  ap_memory |       a_6      |     array    |
|a_6_ce0           | out |    1|  ap_memory |       a_6      |     array    |
|a_6_q0            |  in |   16|  ap_memory |       a_6      |     array    |
|a_6_address1      | out |    4|  ap_memory |       a_6      |     array    |
|a_6_ce1           | out |    1|  ap_memory |       a_6      |     array    |
|a_6_q1            |  in |   16|  ap_memory |       a_6      |     array    |
|a_7_address0      | out |    4|  ap_memory |       a_7      |     array    |
|a_7_ce0           | out |    1|  ap_memory |       a_7      |     array    |
|a_7_q0            |  in |   16|  ap_memory |       a_7      |     array    |
|a_7_address1      | out |    4|  ap_memory |       a_7      |     array    |
|a_7_ce1           | out |    1|  ap_memory |       a_7      |     array    |
|a_7_q1            |  in |   16|  ap_memory |       a_7      |     array    |
|a_8_address0      | out |    4|  ap_memory |       a_8      |     array    |
|a_8_ce0           | out |    1|  ap_memory |       a_8      |     array    |
|a_8_q0            |  in |   16|  ap_memory |       a_8      |     array    |
|a_8_address1      | out |    4|  ap_memory |       a_8      |     array    |
|a_8_ce1           | out |    1|  ap_memory |       a_8      |     array    |
|a_8_q1            |  in |   16|  ap_memory |       a_8      |     array    |
|a_9_address0      | out |    4|  ap_memory |       a_9      |     array    |
|a_9_ce0           | out |    1|  ap_memory |       a_9      |     array    |
|a_9_q0            |  in |   16|  ap_memory |       a_9      |     array    |
|a_9_address1      | out |    4|  ap_memory |       a_9      |     array    |
|a_9_ce1           | out |    1|  ap_memory |       a_9      |     array    |
|a_9_q1            |  in |   16|  ap_memory |       a_9      |     array    |
|b_0_address0      | out |    4|  ap_memory |       b_0      |     array    |
|b_0_ce0           | out |    1|  ap_memory |       b_0      |     array    |
|b_0_q0            |  in |   16|  ap_memory |       b_0      |     array    |
|b_0_address1      | out |    4|  ap_memory |       b_0      |     array    |
|b_0_ce1           | out |    1|  ap_memory |       b_0      |     array    |
|b_0_q1            |  in |   16|  ap_memory |       b_0      |     array    |
|b_1_address0      | out |    4|  ap_memory |       b_1      |     array    |
|b_1_ce0           | out |    1|  ap_memory |       b_1      |     array    |
|b_1_q0            |  in |   16|  ap_memory |       b_1      |     array    |
|b_1_address1      | out |    4|  ap_memory |       b_1      |     array    |
|b_1_ce1           | out |    1|  ap_memory |       b_1      |     array    |
|b_1_q1            |  in |   16|  ap_memory |       b_1      |     array    |
|b_2_address0      | out |    4|  ap_memory |       b_2      |     array    |
|b_2_ce0           | out |    1|  ap_memory |       b_2      |     array    |
|b_2_q0            |  in |   16|  ap_memory |       b_2      |     array    |
|b_2_address1      | out |    4|  ap_memory |       b_2      |     array    |
|b_2_ce1           | out |    1|  ap_memory |       b_2      |     array    |
|b_2_q1            |  in |   16|  ap_memory |       b_2      |     array    |
|b_3_address0      | out |    4|  ap_memory |       b_3      |     array    |
|b_3_ce0           | out |    1|  ap_memory |       b_3      |     array    |
|b_3_q0            |  in |   16|  ap_memory |       b_3      |     array    |
|b_3_address1      | out |    4|  ap_memory |       b_3      |     array    |
|b_3_ce1           | out |    1|  ap_memory |       b_3      |     array    |
|b_3_q1            |  in |   16|  ap_memory |       b_3      |     array    |
|b_4_address0      | out |    4|  ap_memory |       b_4      |     array    |
|b_4_ce0           | out |    1|  ap_memory |       b_4      |     array    |
|b_4_q0            |  in |   16|  ap_memory |       b_4      |     array    |
|b_4_address1      | out |    4|  ap_memory |       b_4      |     array    |
|b_4_ce1           | out |    1|  ap_memory |       b_4      |     array    |
|b_4_q1            |  in |   16|  ap_memory |       b_4      |     array    |
|b_5_address0      | out |    4|  ap_memory |       b_5      |     array    |
|b_5_ce0           | out |    1|  ap_memory |       b_5      |     array    |
|b_5_q0            |  in |   16|  ap_memory |       b_5      |     array    |
|b_5_address1      | out |    4|  ap_memory |       b_5      |     array    |
|b_5_ce1           | out |    1|  ap_memory |       b_5      |     array    |
|b_5_q1            |  in |   16|  ap_memory |       b_5      |     array    |
|b_6_address0      | out |    4|  ap_memory |       b_6      |     array    |
|b_6_ce0           | out |    1|  ap_memory |       b_6      |     array    |
|b_6_q0            |  in |   16|  ap_memory |       b_6      |     array    |
|b_6_address1      | out |    4|  ap_memory |       b_6      |     array    |
|b_6_ce1           | out |    1|  ap_memory |       b_6      |     array    |
|b_6_q1            |  in |   16|  ap_memory |       b_6      |     array    |
|b_7_address0      | out |    4|  ap_memory |       b_7      |     array    |
|b_7_ce0           | out |    1|  ap_memory |       b_7      |     array    |
|b_7_q0            |  in |   16|  ap_memory |       b_7      |     array    |
|b_7_address1      | out |    4|  ap_memory |       b_7      |     array    |
|b_7_ce1           | out |    1|  ap_memory |       b_7      |     array    |
|b_7_q1            |  in |   16|  ap_memory |       b_7      |     array    |
|b_8_address0      | out |    4|  ap_memory |       b_8      |     array    |
|b_8_ce0           | out |    1|  ap_memory |       b_8      |     array    |
|b_8_q0            |  in |   16|  ap_memory |       b_8      |     array    |
|b_8_address1      | out |    4|  ap_memory |       b_8      |     array    |
|b_8_ce1           | out |    1|  ap_memory |       b_8      |     array    |
|b_8_q1            |  in |   16|  ap_memory |       b_8      |     array    |
|b_9_address0      | out |    4|  ap_memory |       b_9      |     array    |
|b_9_ce0           | out |    1|  ap_memory |       b_9      |     array    |
|b_9_q0            |  in |   16|  ap_memory |       b_9      |     array    |
|b_9_address1      | out |    4|  ap_memory |       b_9      |     array    |
|b_9_ce1           | out |    1|  ap_memory |       b_9      |     array    |
|b_9_q1            |  in |   16|  ap_memory |       b_9      |     array    |
|out_0_0_i         |  in |   16|   ap_ovld  |     out_0_0    |    pointer   |
|out_0_0_o         | out |   16|   ap_ovld  |     out_0_0    |    pointer   |
|out_0_0_o_ap_vld  | out |    1|   ap_ovld  |     out_0_0    |    pointer   |
|out_0_1_i         |  in |   16|   ap_ovld  |     out_0_1    |    pointer   |
|out_0_1_o         | out |   16|   ap_ovld  |     out_0_1    |    pointer   |
|out_0_1_o_ap_vld  | out |    1|   ap_ovld  |     out_0_1    |    pointer   |
|out_0_2_i         |  in |   16|   ap_ovld  |     out_0_2    |    pointer   |
|out_0_2_o         | out |   16|   ap_ovld  |     out_0_2    |    pointer   |
|out_0_2_o_ap_vld  | out |    1|   ap_ovld  |     out_0_2    |    pointer   |
|out_0_3_i         |  in |   16|   ap_ovld  |     out_0_3    |    pointer   |
|out_0_3_o         | out |   16|   ap_ovld  |     out_0_3    |    pointer   |
|out_0_3_o_ap_vld  | out |    1|   ap_ovld  |     out_0_3    |    pointer   |
|out_0_4_i         |  in |   16|   ap_ovld  |     out_0_4    |    pointer   |
|out_0_4_o         | out |   16|   ap_ovld  |     out_0_4    |    pointer   |
|out_0_4_o_ap_vld  | out |    1|   ap_ovld  |     out_0_4    |    pointer   |
|out_0_5_i         |  in |   16|   ap_ovld  |     out_0_5    |    pointer   |
|out_0_5_o         | out |   16|   ap_ovld  |     out_0_5    |    pointer   |
|out_0_5_o_ap_vld  | out |    1|   ap_ovld  |     out_0_5    |    pointer   |
|out_0_6_i         |  in |   16|   ap_ovld  |     out_0_6    |    pointer   |
|out_0_6_o         | out |   16|   ap_ovld  |     out_0_6    |    pointer   |
|out_0_6_o_ap_vld  | out |    1|   ap_ovld  |     out_0_6    |    pointer   |
|out_0_7_i         |  in |   16|   ap_ovld  |     out_0_7    |    pointer   |
|out_0_7_o         | out |   16|   ap_ovld  |     out_0_7    |    pointer   |
|out_0_7_o_ap_vld  | out |    1|   ap_ovld  |     out_0_7    |    pointer   |
|out_0_8_i         |  in |   16|   ap_ovld  |     out_0_8    |    pointer   |
|out_0_8_o         | out |   16|   ap_ovld  |     out_0_8    |    pointer   |
|out_0_8_o_ap_vld  | out |    1|   ap_ovld  |     out_0_8    |    pointer   |
|out_0_9_i         |  in |   16|   ap_ovld  |     out_0_9    |    pointer   |
|out_0_9_o         | out |   16|   ap_ovld  |     out_0_9    |    pointer   |
|out_0_9_o_ap_vld  | out |    1|   ap_ovld  |     out_0_9    |    pointer   |
|out_1_0_i         |  in |   16|   ap_ovld  |     out_1_0    |    pointer   |
|out_1_0_o         | out |   16|   ap_ovld  |     out_1_0    |    pointer   |
|out_1_0_o_ap_vld  | out |    1|   ap_ovld  |     out_1_0    |    pointer   |
|out_1_1_i         |  in |   16|   ap_ovld  |     out_1_1    |    pointer   |
|out_1_1_o         | out |   16|   ap_ovld  |     out_1_1    |    pointer   |
|out_1_1_o_ap_vld  | out |    1|   ap_ovld  |     out_1_1    |    pointer   |
|out_1_2_i         |  in |   16|   ap_ovld  |     out_1_2    |    pointer   |
|out_1_2_o         | out |   16|   ap_ovld  |     out_1_2    |    pointer   |
|out_1_2_o_ap_vld  | out |    1|   ap_ovld  |     out_1_2    |    pointer   |
|out_1_3_i         |  in |   16|   ap_ovld  |     out_1_3    |    pointer   |
|out_1_3_o         | out |   16|   ap_ovld  |     out_1_3    |    pointer   |
|out_1_3_o_ap_vld  | out |    1|   ap_ovld  |     out_1_3    |    pointer   |
|out_1_4_i         |  in |   16|   ap_ovld  |     out_1_4    |    pointer   |
|out_1_4_o         | out |   16|   ap_ovld  |     out_1_4    |    pointer   |
|out_1_4_o_ap_vld  | out |    1|   ap_ovld  |     out_1_4    |    pointer   |
|out_1_5_i         |  in |   16|   ap_ovld  |     out_1_5    |    pointer   |
|out_1_5_o         | out |   16|   ap_ovld  |     out_1_5    |    pointer   |
|out_1_5_o_ap_vld  | out |    1|   ap_ovld  |     out_1_5    |    pointer   |
|out_1_6_i         |  in |   16|   ap_ovld  |     out_1_6    |    pointer   |
|out_1_6_o         | out |   16|   ap_ovld  |     out_1_6    |    pointer   |
|out_1_6_o_ap_vld  | out |    1|   ap_ovld  |     out_1_6    |    pointer   |
|out_1_7_i         |  in |   16|   ap_ovld  |     out_1_7    |    pointer   |
|out_1_7_o         | out |   16|   ap_ovld  |     out_1_7    |    pointer   |
|out_1_7_o_ap_vld  | out |    1|   ap_ovld  |     out_1_7    |    pointer   |
|out_1_8_i         |  in |   16|   ap_ovld  |     out_1_8    |    pointer   |
|out_1_8_o         | out |   16|   ap_ovld  |     out_1_8    |    pointer   |
|out_1_8_o_ap_vld  | out |    1|   ap_ovld  |     out_1_8    |    pointer   |
|out_1_9_i         |  in |   16|   ap_ovld  |     out_1_9    |    pointer   |
|out_1_9_o         | out |   16|   ap_ovld  |     out_1_9    |    pointer   |
|out_1_9_o_ap_vld  | out |    1|   ap_ovld  |     out_1_9    |    pointer   |
|out_2_0_i         |  in |   16|   ap_ovld  |     out_2_0    |    pointer   |
|out_2_0_o         | out |   16|   ap_ovld  |     out_2_0    |    pointer   |
|out_2_0_o_ap_vld  | out |    1|   ap_ovld  |     out_2_0    |    pointer   |
|out_2_1_i         |  in |   16|   ap_ovld  |     out_2_1    |    pointer   |
|out_2_1_o         | out |   16|   ap_ovld  |     out_2_1    |    pointer   |
|out_2_1_o_ap_vld  | out |    1|   ap_ovld  |     out_2_1    |    pointer   |
|out_2_2_i         |  in |   16|   ap_ovld  |     out_2_2    |    pointer   |
|out_2_2_o         | out |   16|   ap_ovld  |     out_2_2    |    pointer   |
|out_2_2_o_ap_vld  | out |    1|   ap_ovld  |     out_2_2    |    pointer   |
|out_2_3_i         |  in |   16|   ap_ovld  |     out_2_3    |    pointer   |
|out_2_3_o         | out |   16|   ap_ovld  |     out_2_3    |    pointer   |
|out_2_3_o_ap_vld  | out |    1|   ap_ovld  |     out_2_3    |    pointer   |
|out_2_4_i         |  in |   16|   ap_ovld  |     out_2_4    |    pointer   |
|out_2_4_o         | out |   16|   ap_ovld  |     out_2_4    |    pointer   |
|out_2_4_o_ap_vld  | out |    1|   ap_ovld  |     out_2_4    |    pointer   |
|out_2_5_i         |  in |   16|   ap_ovld  |     out_2_5    |    pointer   |
|out_2_5_o         | out |   16|   ap_ovld  |     out_2_5    |    pointer   |
|out_2_5_o_ap_vld  | out |    1|   ap_ovld  |     out_2_5    |    pointer   |
|out_2_6_i         |  in |   16|   ap_ovld  |     out_2_6    |    pointer   |
|out_2_6_o         | out |   16|   ap_ovld  |     out_2_6    |    pointer   |
|out_2_6_o_ap_vld  | out |    1|   ap_ovld  |     out_2_6    |    pointer   |
|out_2_7_i         |  in |   16|   ap_ovld  |     out_2_7    |    pointer   |
|out_2_7_o         | out |   16|   ap_ovld  |     out_2_7    |    pointer   |
|out_2_7_o_ap_vld  | out |    1|   ap_ovld  |     out_2_7    |    pointer   |
|out_2_8_i         |  in |   16|   ap_ovld  |     out_2_8    |    pointer   |
|out_2_8_o         | out |   16|   ap_ovld  |     out_2_8    |    pointer   |
|out_2_8_o_ap_vld  | out |    1|   ap_ovld  |     out_2_8    |    pointer   |
|out_2_9_i         |  in |   16|   ap_ovld  |     out_2_9    |    pointer   |
|out_2_9_o         | out |   16|   ap_ovld  |     out_2_9    |    pointer   |
|out_2_9_o_ap_vld  | out |    1|   ap_ovld  |     out_2_9    |    pointer   |
|out_3_0_i         |  in |   16|   ap_ovld  |     out_3_0    |    pointer   |
|out_3_0_o         | out |   16|   ap_ovld  |     out_3_0    |    pointer   |
|out_3_0_o_ap_vld  | out |    1|   ap_ovld  |     out_3_0    |    pointer   |
|out_3_1_i         |  in |   16|   ap_ovld  |     out_3_1    |    pointer   |
|out_3_1_o         | out |   16|   ap_ovld  |     out_3_1    |    pointer   |
|out_3_1_o_ap_vld  | out |    1|   ap_ovld  |     out_3_1    |    pointer   |
|out_3_2_i         |  in |   16|   ap_ovld  |     out_3_2    |    pointer   |
|out_3_2_o         | out |   16|   ap_ovld  |     out_3_2    |    pointer   |
|out_3_2_o_ap_vld  | out |    1|   ap_ovld  |     out_3_2    |    pointer   |
|out_3_3_i         |  in |   16|   ap_ovld  |     out_3_3    |    pointer   |
|out_3_3_o         | out |   16|   ap_ovld  |     out_3_3    |    pointer   |
|out_3_3_o_ap_vld  | out |    1|   ap_ovld  |     out_3_3    |    pointer   |
|out_3_4_i         |  in |   16|   ap_ovld  |     out_3_4    |    pointer   |
|out_3_4_o         | out |   16|   ap_ovld  |     out_3_4    |    pointer   |
|out_3_4_o_ap_vld  | out |    1|   ap_ovld  |     out_3_4    |    pointer   |
|out_3_5_i         |  in |   16|   ap_ovld  |     out_3_5    |    pointer   |
|out_3_5_o         | out |   16|   ap_ovld  |     out_3_5    |    pointer   |
|out_3_5_o_ap_vld  | out |    1|   ap_ovld  |     out_3_5    |    pointer   |
|out_3_6_i         |  in |   16|   ap_ovld  |     out_3_6    |    pointer   |
|out_3_6_o         | out |   16|   ap_ovld  |     out_3_6    |    pointer   |
|out_3_6_o_ap_vld  | out |    1|   ap_ovld  |     out_3_6    |    pointer   |
|out_3_7_i         |  in |   16|   ap_ovld  |     out_3_7    |    pointer   |
|out_3_7_o         | out |   16|   ap_ovld  |     out_3_7    |    pointer   |
|out_3_7_o_ap_vld  | out |    1|   ap_ovld  |     out_3_7    |    pointer   |
|out_3_8_i         |  in |   16|   ap_ovld  |     out_3_8    |    pointer   |
|out_3_8_o         | out |   16|   ap_ovld  |     out_3_8    |    pointer   |
|out_3_8_o_ap_vld  | out |    1|   ap_ovld  |     out_3_8    |    pointer   |
|out_3_9_i         |  in |   16|   ap_ovld  |     out_3_9    |    pointer   |
|out_3_9_o         | out |   16|   ap_ovld  |     out_3_9    |    pointer   |
|out_3_9_o_ap_vld  | out |    1|   ap_ovld  |     out_3_9    |    pointer   |
|out_4_0_i         |  in |   16|   ap_ovld  |     out_4_0    |    pointer   |
|out_4_0_o         | out |   16|   ap_ovld  |     out_4_0    |    pointer   |
|out_4_0_o_ap_vld  | out |    1|   ap_ovld  |     out_4_0    |    pointer   |
|out_4_1_i         |  in |   16|   ap_ovld  |     out_4_1    |    pointer   |
|out_4_1_o         | out |   16|   ap_ovld  |     out_4_1    |    pointer   |
|out_4_1_o_ap_vld  | out |    1|   ap_ovld  |     out_4_1    |    pointer   |
|out_4_2_i         |  in |   16|   ap_ovld  |     out_4_2    |    pointer   |
|out_4_2_o         | out |   16|   ap_ovld  |     out_4_2    |    pointer   |
|out_4_2_o_ap_vld  | out |    1|   ap_ovld  |     out_4_2    |    pointer   |
|out_4_3_i         |  in |   16|   ap_ovld  |     out_4_3    |    pointer   |
|out_4_3_o         | out |   16|   ap_ovld  |     out_4_3    |    pointer   |
|out_4_3_o_ap_vld  | out |    1|   ap_ovld  |     out_4_3    |    pointer   |
|out_4_4_i         |  in |   16|   ap_ovld  |     out_4_4    |    pointer   |
|out_4_4_o         | out |   16|   ap_ovld  |     out_4_4    |    pointer   |
|out_4_4_o_ap_vld  | out |    1|   ap_ovld  |     out_4_4    |    pointer   |
|out_4_5_i         |  in |   16|   ap_ovld  |     out_4_5    |    pointer   |
|out_4_5_o         | out |   16|   ap_ovld  |     out_4_5    |    pointer   |
|out_4_5_o_ap_vld  | out |    1|   ap_ovld  |     out_4_5    |    pointer   |
|out_4_6_i         |  in |   16|   ap_ovld  |     out_4_6    |    pointer   |
|out_4_6_o         | out |   16|   ap_ovld  |     out_4_6    |    pointer   |
|out_4_6_o_ap_vld  | out |    1|   ap_ovld  |     out_4_6    |    pointer   |
|out_4_7_i         |  in |   16|   ap_ovld  |     out_4_7    |    pointer   |
|out_4_7_o         | out |   16|   ap_ovld  |     out_4_7    |    pointer   |
|out_4_7_o_ap_vld  | out |    1|   ap_ovld  |     out_4_7    |    pointer   |
|out_4_8_i         |  in |   16|   ap_ovld  |     out_4_8    |    pointer   |
|out_4_8_o         | out |   16|   ap_ovld  |     out_4_8    |    pointer   |
|out_4_8_o_ap_vld  | out |    1|   ap_ovld  |     out_4_8    |    pointer   |
|out_4_9_i         |  in |   16|   ap_ovld  |     out_4_9    |    pointer   |
|out_4_9_o         | out |   16|   ap_ovld  |     out_4_9    |    pointer   |
|out_4_9_o_ap_vld  | out |    1|   ap_ovld  |     out_4_9    |    pointer   |
|out_5_0_i         |  in |   16|   ap_ovld  |     out_5_0    |    pointer   |
|out_5_0_o         | out |   16|   ap_ovld  |     out_5_0    |    pointer   |
|out_5_0_o_ap_vld  | out |    1|   ap_ovld  |     out_5_0    |    pointer   |
|out_5_1_i         |  in |   16|   ap_ovld  |     out_5_1    |    pointer   |
|out_5_1_o         | out |   16|   ap_ovld  |     out_5_1    |    pointer   |
|out_5_1_o_ap_vld  | out |    1|   ap_ovld  |     out_5_1    |    pointer   |
|out_5_2_i         |  in |   16|   ap_ovld  |     out_5_2    |    pointer   |
|out_5_2_o         | out |   16|   ap_ovld  |     out_5_2    |    pointer   |
|out_5_2_o_ap_vld  | out |    1|   ap_ovld  |     out_5_2    |    pointer   |
|out_5_3_i         |  in |   16|   ap_ovld  |     out_5_3    |    pointer   |
|out_5_3_o         | out |   16|   ap_ovld  |     out_5_3    |    pointer   |
|out_5_3_o_ap_vld  | out |    1|   ap_ovld  |     out_5_3    |    pointer   |
|out_5_4_i         |  in |   16|   ap_ovld  |     out_5_4    |    pointer   |
|out_5_4_o         | out |   16|   ap_ovld  |     out_5_4    |    pointer   |
|out_5_4_o_ap_vld  | out |    1|   ap_ovld  |     out_5_4    |    pointer   |
|out_5_5_i         |  in |   16|   ap_ovld  |     out_5_5    |    pointer   |
|out_5_5_o         | out |   16|   ap_ovld  |     out_5_5    |    pointer   |
|out_5_5_o_ap_vld  | out |    1|   ap_ovld  |     out_5_5    |    pointer   |
|out_5_6_i         |  in |   16|   ap_ovld  |     out_5_6    |    pointer   |
|out_5_6_o         | out |   16|   ap_ovld  |     out_5_6    |    pointer   |
|out_5_6_o_ap_vld  | out |    1|   ap_ovld  |     out_5_6    |    pointer   |
|out_5_7_i         |  in |   16|   ap_ovld  |     out_5_7    |    pointer   |
|out_5_7_o         | out |   16|   ap_ovld  |     out_5_7    |    pointer   |
|out_5_7_o_ap_vld  | out |    1|   ap_ovld  |     out_5_7    |    pointer   |
|out_5_8_i         |  in |   16|   ap_ovld  |     out_5_8    |    pointer   |
|out_5_8_o         | out |   16|   ap_ovld  |     out_5_8    |    pointer   |
|out_5_8_o_ap_vld  | out |    1|   ap_ovld  |     out_5_8    |    pointer   |
|out_5_9_i         |  in |   16|   ap_ovld  |     out_5_9    |    pointer   |
|out_5_9_o         | out |   16|   ap_ovld  |     out_5_9    |    pointer   |
|out_5_9_o_ap_vld  | out |    1|   ap_ovld  |     out_5_9    |    pointer   |
|out_6_0_i         |  in |   16|   ap_ovld  |     out_6_0    |    pointer   |
|out_6_0_o         | out |   16|   ap_ovld  |     out_6_0    |    pointer   |
|out_6_0_o_ap_vld  | out |    1|   ap_ovld  |     out_6_0    |    pointer   |
|out_6_1_i         |  in |   16|   ap_ovld  |     out_6_1    |    pointer   |
|out_6_1_o         | out |   16|   ap_ovld  |     out_6_1    |    pointer   |
|out_6_1_o_ap_vld  | out |    1|   ap_ovld  |     out_6_1    |    pointer   |
|out_6_2_i         |  in |   16|   ap_ovld  |     out_6_2    |    pointer   |
|out_6_2_o         | out |   16|   ap_ovld  |     out_6_2    |    pointer   |
|out_6_2_o_ap_vld  | out |    1|   ap_ovld  |     out_6_2    |    pointer   |
|out_6_3_i         |  in |   16|   ap_ovld  |     out_6_3    |    pointer   |
|out_6_3_o         | out |   16|   ap_ovld  |     out_6_3    |    pointer   |
|out_6_3_o_ap_vld  | out |    1|   ap_ovld  |     out_6_3    |    pointer   |
|out_6_4_i         |  in |   16|   ap_ovld  |     out_6_4    |    pointer   |
|out_6_4_o         | out |   16|   ap_ovld  |     out_6_4    |    pointer   |
|out_6_4_o_ap_vld  | out |    1|   ap_ovld  |     out_6_4    |    pointer   |
|out_6_5_i         |  in |   16|   ap_ovld  |     out_6_5    |    pointer   |
|out_6_5_o         | out |   16|   ap_ovld  |     out_6_5    |    pointer   |
|out_6_5_o_ap_vld  | out |    1|   ap_ovld  |     out_6_5    |    pointer   |
|out_6_6_i         |  in |   16|   ap_ovld  |     out_6_6    |    pointer   |
|out_6_6_o         | out |   16|   ap_ovld  |     out_6_6    |    pointer   |
|out_6_6_o_ap_vld  | out |    1|   ap_ovld  |     out_6_6    |    pointer   |
|out_6_7_i         |  in |   16|   ap_ovld  |     out_6_7    |    pointer   |
|out_6_7_o         | out |   16|   ap_ovld  |     out_6_7    |    pointer   |
|out_6_7_o_ap_vld  | out |    1|   ap_ovld  |     out_6_7    |    pointer   |
|out_6_8_i         |  in |   16|   ap_ovld  |     out_6_8    |    pointer   |
|out_6_8_o         | out |   16|   ap_ovld  |     out_6_8    |    pointer   |
|out_6_8_o_ap_vld  | out |    1|   ap_ovld  |     out_6_8    |    pointer   |
|out_6_9_i         |  in |   16|   ap_ovld  |     out_6_9    |    pointer   |
|out_6_9_o         | out |   16|   ap_ovld  |     out_6_9    |    pointer   |
|out_6_9_o_ap_vld  | out |    1|   ap_ovld  |     out_6_9    |    pointer   |
|out_7_0_i         |  in |   16|   ap_ovld  |     out_7_0    |    pointer   |
|out_7_0_o         | out |   16|   ap_ovld  |     out_7_0    |    pointer   |
|out_7_0_o_ap_vld  | out |    1|   ap_ovld  |     out_7_0    |    pointer   |
|out_7_1_i         |  in |   16|   ap_ovld  |     out_7_1    |    pointer   |
|out_7_1_o         | out |   16|   ap_ovld  |     out_7_1    |    pointer   |
|out_7_1_o_ap_vld  | out |    1|   ap_ovld  |     out_7_1    |    pointer   |
|out_7_2_i         |  in |   16|   ap_ovld  |     out_7_2    |    pointer   |
|out_7_2_o         | out |   16|   ap_ovld  |     out_7_2    |    pointer   |
|out_7_2_o_ap_vld  | out |    1|   ap_ovld  |     out_7_2    |    pointer   |
|out_7_3_i         |  in |   16|   ap_ovld  |     out_7_3    |    pointer   |
|out_7_3_o         | out |   16|   ap_ovld  |     out_7_3    |    pointer   |
|out_7_3_o_ap_vld  | out |    1|   ap_ovld  |     out_7_3    |    pointer   |
|out_7_4_i         |  in |   16|   ap_ovld  |     out_7_4    |    pointer   |
|out_7_4_o         | out |   16|   ap_ovld  |     out_7_4    |    pointer   |
|out_7_4_o_ap_vld  | out |    1|   ap_ovld  |     out_7_4    |    pointer   |
|out_7_5_i         |  in |   16|   ap_ovld  |     out_7_5    |    pointer   |
|out_7_5_o         | out |   16|   ap_ovld  |     out_7_5    |    pointer   |
|out_7_5_o_ap_vld  | out |    1|   ap_ovld  |     out_7_5    |    pointer   |
|out_7_6_i         |  in |   16|   ap_ovld  |     out_7_6    |    pointer   |
|out_7_6_o         | out |   16|   ap_ovld  |     out_7_6    |    pointer   |
|out_7_6_o_ap_vld  | out |    1|   ap_ovld  |     out_7_6    |    pointer   |
|out_7_7_i         |  in |   16|   ap_ovld  |     out_7_7    |    pointer   |
|out_7_7_o         | out |   16|   ap_ovld  |     out_7_7    |    pointer   |
|out_7_7_o_ap_vld  | out |    1|   ap_ovld  |     out_7_7    |    pointer   |
|out_7_8_i         |  in |   16|   ap_ovld  |     out_7_8    |    pointer   |
|out_7_8_o         | out |   16|   ap_ovld  |     out_7_8    |    pointer   |
|out_7_8_o_ap_vld  | out |    1|   ap_ovld  |     out_7_8    |    pointer   |
|out_7_9_i         |  in |   16|   ap_ovld  |     out_7_9    |    pointer   |
|out_7_9_o         | out |   16|   ap_ovld  |     out_7_9    |    pointer   |
|out_7_9_o_ap_vld  | out |    1|   ap_ovld  |     out_7_9    |    pointer   |
|out_8_0_i         |  in |   16|   ap_ovld  |     out_8_0    |    pointer   |
|out_8_0_o         | out |   16|   ap_ovld  |     out_8_0    |    pointer   |
|out_8_0_o_ap_vld  | out |    1|   ap_ovld  |     out_8_0    |    pointer   |
|out_8_1_i         |  in |   16|   ap_ovld  |     out_8_1    |    pointer   |
|out_8_1_o         | out |   16|   ap_ovld  |     out_8_1    |    pointer   |
|out_8_1_o_ap_vld  | out |    1|   ap_ovld  |     out_8_1    |    pointer   |
|out_8_2_i         |  in |   16|   ap_ovld  |     out_8_2    |    pointer   |
|out_8_2_o         | out |   16|   ap_ovld  |     out_8_2    |    pointer   |
|out_8_2_o_ap_vld  | out |    1|   ap_ovld  |     out_8_2    |    pointer   |
|out_8_3_i         |  in |   16|   ap_ovld  |     out_8_3    |    pointer   |
|out_8_3_o         | out |   16|   ap_ovld  |     out_8_3    |    pointer   |
|out_8_3_o_ap_vld  | out |    1|   ap_ovld  |     out_8_3    |    pointer   |
|out_8_4_i         |  in |   16|   ap_ovld  |     out_8_4    |    pointer   |
|out_8_4_o         | out |   16|   ap_ovld  |     out_8_4    |    pointer   |
|out_8_4_o_ap_vld  | out |    1|   ap_ovld  |     out_8_4    |    pointer   |
|out_8_5_i         |  in |   16|   ap_ovld  |     out_8_5    |    pointer   |
|out_8_5_o         | out |   16|   ap_ovld  |     out_8_5    |    pointer   |
|out_8_5_o_ap_vld  | out |    1|   ap_ovld  |     out_8_5    |    pointer   |
|out_8_6_i         |  in |   16|   ap_ovld  |     out_8_6    |    pointer   |
|out_8_6_o         | out |   16|   ap_ovld  |     out_8_6    |    pointer   |
|out_8_6_o_ap_vld  | out |    1|   ap_ovld  |     out_8_6    |    pointer   |
|out_8_7_i         |  in |   16|   ap_ovld  |     out_8_7    |    pointer   |
|out_8_7_o         | out |   16|   ap_ovld  |     out_8_7    |    pointer   |
|out_8_7_o_ap_vld  | out |    1|   ap_ovld  |     out_8_7    |    pointer   |
|out_8_8_i         |  in |   16|   ap_ovld  |     out_8_8    |    pointer   |
|out_8_8_o         | out |   16|   ap_ovld  |     out_8_8    |    pointer   |
|out_8_8_o_ap_vld  | out |    1|   ap_ovld  |     out_8_8    |    pointer   |
|out_8_9_i         |  in |   16|   ap_ovld  |     out_8_9    |    pointer   |
|out_8_9_o         | out |   16|   ap_ovld  |     out_8_9    |    pointer   |
|out_8_9_o_ap_vld  | out |    1|   ap_ovld  |     out_8_9    |    pointer   |
|out_9_0_i         |  in |   16|   ap_ovld  |     out_9_0    |    pointer   |
|out_9_0_o         | out |   16|   ap_ovld  |     out_9_0    |    pointer   |
|out_9_0_o_ap_vld  | out |    1|   ap_ovld  |     out_9_0    |    pointer   |
|out_9_1_i         |  in |   16|   ap_ovld  |     out_9_1    |    pointer   |
|out_9_1_o         | out |   16|   ap_ovld  |     out_9_1    |    pointer   |
|out_9_1_o_ap_vld  | out |    1|   ap_ovld  |     out_9_1    |    pointer   |
|out_9_2_i         |  in |   16|   ap_ovld  |     out_9_2    |    pointer   |
|out_9_2_o         | out |   16|   ap_ovld  |     out_9_2    |    pointer   |
|out_9_2_o_ap_vld  | out |    1|   ap_ovld  |     out_9_2    |    pointer   |
|out_9_3_i         |  in |   16|   ap_ovld  |     out_9_3    |    pointer   |
|out_9_3_o         | out |   16|   ap_ovld  |     out_9_3    |    pointer   |
|out_9_3_o_ap_vld  | out |    1|   ap_ovld  |     out_9_3    |    pointer   |
|out_9_4_i         |  in |   16|   ap_ovld  |     out_9_4    |    pointer   |
|out_9_4_o         | out |   16|   ap_ovld  |     out_9_4    |    pointer   |
|out_9_4_o_ap_vld  | out |    1|   ap_ovld  |     out_9_4    |    pointer   |
|out_9_5_i         |  in |   16|   ap_ovld  |     out_9_5    |    pointer   |
|out_9_5_o         | out |   16|   ap_ovld  |     out_9_5    |    pointer   |
|out_9_5_o_ap_vld  | out |    1|   ap_ovld  |     out_9_5    |    pointer   |
|out_9_6_i         |  in |   16|   ap_ovld  |     out_9_6    |    pointer   |
|out_9_6_o         | out |   16|   ap_ovld  |     out_9_6    |    pointer   |
|out_9_6_o_ap_vld  | out |    1|   ap_ovld  |     out_9_6    |    pointer   |
|out_9_7_i         |  in |   16|   ap_ovld  |     out_9_7    |    pointer   |
|out_9_7_o         | out |   16|   ap_ovld  |     out_9_7    |    pointer   |
|out_9_7_o_ap_vld  | out |    1|   ap_ovld  |     out_9_7    |    pointer   |
|out_9_8_i         |  in |   16|   ap_ovld  |     out_9_8    |    pointer   |
|out_9_8_o         | out |   16|   ap_ovld  |     out_9_8    |    pointer   |
|out_9_8_o_ap_vld  | out |    1|   ap_ovld  |     out_9_8    |    pointer   |
|out_9_9_i         |  in |   16|   ap_ovld  |     out_9_9    |    pointer   |
|out_9_9_o         | out |   16|   ap_ovld  |     out_9_9    |    pointer   |
|out_9_9_o_ap_vld  | out |    1|   ap_ovld  |     out_9_9    |    pointer   |
+------------------+-----+-----+------------+----------------+--------------+

