==============================================================
Vivado(TM) HLS - High-Level Synthesis from C, C++ and SystemC v2019.2.1 (64-bit)
Copyright 1986-2019 Xilinx, Inc. All Rights Reserved.
==============================================================
INFO: [HLS 200-10] Setting target device to 'xc7z020-clg484-1'
INFO: [SYN 201-201] Setting up clock 'default' with a period of 10ns.
INFO: [SIM 211-2] *************** CSIM start ***************
INFO: [SIM 211-4] CSIM will launch GCC as the compiler.
INFO: [SIM 211-1] CSim done with 0 errors.
INFO: [SIM 211-3] *************** CSIM finish ***************
INFO: [SCHED 204-61] Option 'relax_ii_for_timing' is enabled, will increase II to preserve clock frequency constraints.
INFO: [HLS 200-10] Analyzing design file 'mm_mult.cc' ... 
INFO: [HLS 200-111] Finished Linking Time (s): cpu = 00:00:10 ; elapsed = 00:00:14 . Memory (MB): peak = 1172.680 ; gain = 530.188 ; free physical = 4128 ; free virtual = 28893
INFO: [HLS 200-111] Finished Checking Pragmas Time (s): cpu = 00:00:10 ; elapsed = 00:00:14 . Memory (MB): peak = 1172.680 ; gain = 530.188 ; free physical = 4128 ; free virtual = 28893
INFO: [HLS 200-10] Starting code transformations ...
INFO: [HLS 200-111] Finished Standard Transforms Time (s): cpu = 00:00:11 ; elapsed = 00:00:15 . Memory (MB): peak = 1172.680 ; gain = 530.188 ; free physical = 4130 ; free virtual = 28895
INFO: [HLS 200-10] Checking synthesizability ...
INFO: [XFORM 203-602] Inlining function 'PE::accumulate' into 'matrix_mult' (mm_mult.cc:59) automatically.
INFO: [HLS 200-111] Finished Checking Synthesizability Time (s): cpu = 00:00:11 ; elapsed = 00:00:15 . Memory (MB): peak = 1172.680 ; gain = 530.188 ; free physical = 4126 ; free virtual = 28891
INFO: [XFORM 203-502] Unrolling all sub-loops inside loop 'Loop-2' (mm_mult.cc:35) in function 'matrix_mult' for pipelining.
INFO: [XFORM 203-502] Unrolling all sub-loops inside loop 'Loop-3' (mm_mult.cc:42) in function 'matrix_mult' for pipelining.
INFO: [XFORM 203-502] Unrolling all sub-loops inside loop 'Loop-5' (mm_mult.cc:78) in function 'matrix_mult' for pipelining.
INFO: [HLS 200-489] Unrolling loop 'Loop-2.1' (mm_mult.cc:37) in function 'matrix_mult' completely with a factor of 20.
INFO: [HLS 200-489] Unrolling loop 'Loop-3.1' (mm_mult.cc:44) in function 'matrix_mult' completely with a factor of 20.
INFO: [HLS 200-489] Unrolling loop 'Loop-5.1' (mm_mult.cc:80) in function 'matrix_mult' completely with a factor of 20.
INFO: [XFORM 203-101] Partitioning array 'a_buff' (mm_mult.cc:18) in dimension 1 with a block factor 2.
INFO: [XFORM 203-101] Partitioning array 'b_buff' (mm_mult.cc:19) in dimension 1 with a block factor 2.
INFO: [XFORM 203-101] Partitioning array 'c_buff' (mm_mult.cc:20) in dimension 1 with a block factor 2.
INFO: [XFORM 203-101] Partitioning array 'a' (mm_mult.cc:14) in dimension 1 with a block factor 2.
INFO: [XFORM 203-101] Partitioning array 'b' (mm_mult.cc:15) in dimension 1 with a block factor 2.
INFO: [XFORM 203-101] Partitioning array 'c' (mm_mult.cc:16) in dimension 1 with a block factor 2.
INFO: [XFORM 203-602] Inlining function 'PE::accumulate' into 'matrix_mult' (mm_mult.cc:59) automatically.
INFO: [XFORM 203-401] Performing if-conversion on hyperblock from (mm_mult.cc:35:32) to (mm_mult.cc:38:13) in function 'matrix_mult'... converting 4 basic blocks.
INFO: [XFORM 203-401] Performing if-conversion on hyperblock from (mm_mult.cc:38:13) to (mm_mult.cc:38:13) in function 'matrix_mult'... converting 4 basic blocks.
INFO: [XFORM 203-401] Performing if-conversion on hyperblock from (mm_mult.cc:38:13) to (mm_mult.cc:38:13) in function 'matrix_mult'... converting 4 basic blocks.
INFO: [XFORM 203-401] Performing if-conversion on hyperblock from (mm_mult.cc:38:13) to (mm_mult.cc:38:13) in function 'matrix_mult'... converting 4 basic blocks.
INFO: [XFORM 203-401] Performing if-conversion on hyperblock from (mm_mult.cc:38:13) to (mm_mult.cc:38:13) in function 'matrix_mult'... converting 4 basic blocks.
INFO: [XFORM 203-401] Performing if-conversion on hyperblock from (mm_mult.cc:38:13) to (mm_mult.cc:38:13) in function 'matrix_mult'... converting 4 basic blocks.
INFO: [XFORM 203-401] Performing if-conversion on hyperblock from (mm_mult.cc:38:13) to (mm_mult.cc:38:13) in function 'matrix_mult'... converting 4 basic blocks.
INFO: [XFORM 203-401] Performing if-conversion on hyperblock from (mm_mult.cc:38:13) to (mm_mult.cc:38:13) in function 'matrix_mult'... converting 4 basic blocks.
INFO: [XFORM 203-401] Performing if-conversion on hyperblock from (mm_mult.cc:38:13) to (mm_mult.cc:38:13) in function 'matrix_mult'... converting 4 basic blocks.
INFO: [XFORM 203-401] Performing if-conversion on hyperblock from (mm_mult.cc:38:13) to (mm_mult.cc:38:13) in function 'matrix_mult'... converting 4 basic blocks.
INFO: [XFORM 203-401] Performing if-conversion on hyperblock from (mm_mult.cc:38:13) to (mm_mult.cc:38:13) in function 'matrix_mult'... converting 4 basic blocks.
INFO: [XFORM 203-401] Performing if-conversion on hyperblock from (mm_mult.cc:38:13) to (mm_mult.cc:38:13) in function 'matrix_mult'... converting 4 basic blocks.
INFO: [XFORM 203-401] Performing if-conversion on hyperblock from (mm_mult.cc:38:13) to (mm_mult.cc:38:13) in function 'matrix_mult'... converting 4 basic blocks.
INFO: [XFORM 203-401] Performing if-conversion on hyperblock from (mm_mult.cc:38:13) to (mm_mult.cc:38:13) in function 'matrix_mult'... converting 4 basic blocks.
INFO: [XFORM 203-401] Performing if-conversion on hyperblock from (mm_mult.cc:38:13) to (mm_mult.cc:38:13) in function 'matrix_mult'... converting 4 basic blocks.
INFO: [XFORM 203-401] Performing if-conversion on hyperblock from (mm_mult.cc:38:13) to (mm_mult.cc:38:13) in function 'matrix_mult'... converting 4 basic blocks.
INFO: [XFORM 203-401] Performing if-conversion on hyperblock from (mm_mult.cc:38:13) to (mm_mult.cc:38:13) in function 'matrix_mult'... converting 4 basic blocks.
INFO: [XFORM 203-401] Performing if-conversion on hyperblock from (mm_mult.cc:38:13) to (mm_mult.cc:38:13) in function 'matrix_mult'... converting 4 basic blocks.
INFO: [XFORM 203-401] Performing if-conversion on hyperblock from (mm_mult.cc:38:13) to (mm_mult.cc:38:13) in function 'matrix_mult'... converting 4 basic blocks.
INFO: [XFORM 203-401] Performing if-conversion on hyperblock from (mm_mult.cc:38:13) to (mm_mult.cc:38:13) in function 'matrix_mult'... converting 4 basic blocks.
INFO: [XFORM 203-401] Performing if-conversion on hyperblock from (mm_mult.cc:42:35) to (mm_mult.cc:45:13) in function 'matrix_mult'... converting 4 basic blocks.
INFO: [XFORM 203-401] Performing if-conversion on hyperblock from (mm_mult.cc:45:13) to (mm_mult.cc:45:13) in function 'matrix_mult'... converting 4 basic blocks.
INFO: [XFORM 203-401] Performing if-conversion on hyperblock from (mm_mult.cc:45:13) to (mm_mult.cc:45:13) in function 'matrix_mult'... converting 4 basic blocks.
INFO: [XFORM 203-401] Performing if-conversion on hyperblock from (mm_mult.cc:45:13) to (mm_mult.cc:45:13) in function 'matrix_mult'... converting 4 basic blocks.
INFO: [XFORM 203-401] Performing if-conversion on hyperblock from (mm_mult.cc:45:13) to (mm_mult.cc:45:13) in function 'matrix_mult'... converting 4 basic blocks.
INFO: [XFORM 203-401] Performing if-conversion on hyperblock from (mm_mult.cc:45:13) to (mm_mult.cc:45:13) in function 'matrix_mult'... converting 4 basic blocks.
INFO: [XFORM 203-401] Performing if-conversion on hyperblock from (mm_mult.cc:45:13) to (mm_mult.cc:45:13) in function 'matrix_mult'... converting 4 basic blocks.
INFO: [XFORM 203-401] Performing if-conversion on hyperblock from (mm_mult.cc:45:13) to (mm_mult.cc:45:13) in function 'matrix_mult'... converting 4 basic blocks.
INFO: [XFORM 203-401] Performing if-conversion on hyperblock from (mm_mult.cc:45:13) to (mm_mult.cc:45:13) in function 'matrix_mult'... converting 4 basic blocks.
INFO: [XFORM 203-401] Performing if-conversion on hyperblock from (mm_mult.cc:45:13) to (mm_mult.cc:45:13) in function 'matrix_mult'... converting 4 basic blocks.
INFO: [XFORM 203-401] Performing if-conversion on hyperblock from (mm_mult.cc:45:13) to (mm_mult.cc:45:13) in function 'matrix_mult'... converting 4 basic blocks.
INFO: [XFORM 203-401] Performing if-conversion on hyperblock from (mm_mult.cc:45:13) to (mm_mult.cc:45:13) in function 'matrix_mult'... converting 4 basic blocks.
INFO: [XFORM 203-401] Performing if-conversion on hyperblock from (mm_mult.cc:45:13) to (mm_mult.cc:45:13) in function 'matrix_mult'... converting 4 basic blocks.
INFO: [XFORM 203-401] Performing if-conversion on hyperblock from (mm_mult.cc:45:13) to (mm_mult.cc:45:13) in function 'matrix_mult'... converting 4 basic blocks.
INFO: [XFORM 203-401] Performing if-conversion on hyperblock from (mm_mult.cc:45:13) to (mm_mult.cc:45:13) in function 'matrix_mult'... converting 4 basic blocks.
INFO: [XFORM 203-401] Performing if-conversion on hyperblock from (mm_mult.cc:45:13) to (mm_mult.cc:45:13) in function 'matrix_mult'... converting 4 basic blocks.
INFO: [XFORM 203-401] Performing if-conversion on hyperblock from (mm_mult.cc:45:13) to (mm_mult.cc:45:13) in function 'matrix_mult'... converting 4 basic blocks.
INFO: [XFORM 203-401] Performing if-conversion on hyperblock from (mm_mult.cc:45:13) to (mm_mult.cc:45:13) in function 'matrix_mult'... converting 4 basic blocks.
INFO: [XFORM 203-401] Performing if-conversion on hyperblock from (mm_mult.cc:45:13) to (mm_mult.cc:45:13) in function 'matrix_mult'... converting 4 basic blocks.
INFO: [XFORM 203-401] Performing if-conversion on hyperblock from (mm_mult.cc:45:13) to (mm_mult.cc:45:13) in function 'matrix_mult'... converting 4 basic blocks.
INFO: [XFORM 203-401] Performing if-conversion on hyperblock from (mm_mult.cc:54:43) to (mm_mult.cc:58:87) in function 'matrix_mult'... converting 3 basic blocks.
INFO: [XFORM 203-401] Performing if-conversion on hyperblock from (mm_mult.cc:58:87) to (mm_mult.cc:59:32) in function 'matrix_mult'... converting 4 basic blocks.
INFO: [XFORM 203-401] Performing if-conversion on hyperblock from (mm_mult.cc:78:35) to (mm_mult.cc:81:13) in function 'matrix_mult'... converting 4 basic blocks.
INFO: [XFORM 203-401] Performing if-conversion on hyperblock from (mm_mult.cc:81:13) to (mm_mult.cc:81:13) in function 'matrix_mult'... converting 4 basic blocks.
INFO: [XFORM 203-401] Performing if-conversion on hyperblock from (mm_mult.cc:81:13) to (mm_mult.cc:81:13) in function 'matrix_mult'... converting 4 basic blocks.
INFO: [XFORM 203-401] Performing if-conversion on hyperblock from (mm_mult.cc:81:13) to (mm_mult.cc:81:13) in function 'matrix_mult'... converting 4 basic blocks.
INFO: [XFORM 203-401] Performing if-conversion on hyperblock from (mm_mult.cc:81:13) to (mm_mult.cc:81:13) in function 'matrix_mult'... converting 4 basic blocks.
INFO: [XFORM 203-401] Performing if-conversion on hyperblock from (mm_mult.cc:81:13) to (mm_mult.cc:81:13) in function 'matrix_mult'... converting 4 basic blocks.
INFO: [XFORM 203-401] Performing if-conversion on hyperblock from (mm_mult.cc:81:13) to (mm_mult.cc:81:13) in function 'matrix_mult'... converting 4 basic blocks.
INFO: [XFORM 203-401] Performing if-conversion on hyperblock from (mm_mult.cc:81:13) to (mm_mult.cc:81:13) in function 'matrix_mult'... converting 4 basic blocks.
INFO: [XFORM 203-401] Performing if-conversion on hyperblock from (mm_mult.cc:81:13) to (mm_mult.cc:81:13) in function 'matrix_mult'... converting 4 basic blocks.
INFO: [XFORM 203-401] Performing if-conversion on hyperblock from (mm_mult.cc:81:13) to (mm_mult.cc:81:13) in function 'matrix_mult'... converting 4 basic blocks.
INFO: [XFORM 203-401] Performing if-conversion on hyperblock from (mm_mult.cc:81:13) to (mm_mult.cc:81:13) in function 'matrix_mult'... converting 4 basic blocks.
INFO: [XFORM 203-401] Performing if-conversion on hyperblock from (mm_mult.cc:81:13) to (mm_mult.cc:81:13) in function 'matrix_mult'... converting 4 basic blocks.
INFO: [XFORM 203-401] Performing if-conversion on hyperblock from (mm_mult.cc:81:13) to (mm_mult.cc:81:13) in function 'matrix_mult'... converting 4 basic blocks.
INFO: [XFORM 203-401] Performing if-conversion on hyperblock from (mm_mult.cc:81:13) to (mm_mult.cc:81:13) in function 'matrix_mult'... converting 4 basic blocks.
INFO: [XFORM 203-401] Performing if-conversion on hyperblock from (mm_mult.cc:81:13) to (mm_mult.cc:81:13) in function 'matrix_mult'... converting 4 basic blocks.
INFO: [XFORM 203-401] Performing if-conversion on hyperblock from (mm_mult.cc:81:13) to (mm_mult.cc:81:13) in function 'matrix_mult'... converting 4 basic blocks.
INFO: [XFORM 203-401] Performing if-conversion on hyperblock from (mm_mult.cc:81:13) to (mm_mult.cc:81:13) in function 'matrix_mult'... converting 4 basic blocks.
INFO: [XFORM 203-401] Performing if-conversion on hyperblock from (mm_mult.cc:81:13) to (mm_mult.cc:81:13) in function 'matrix_mult'... converting 4 basic blocks.
INFO: [XFORM 203-401] Performing if-conversion on hyperblock from (mm_mult.cc:81:13) to (mm_mult.cc:81:13) in function 'matrix_mult'... converting 4 basic blocks.
INFO: [XFORM 203-401] Performing if-conversion on hyperblock from (mm_mult.cc:81:13) to (mm_mult.cc:81:13) in function 'matrix_mult'... converting 4 basic blocks.
INFO: [HLS 200-111] Finished Pre-synthesis Time (s): cpu = 00:00:12 ; elapsed = 00:00:17 . Memory (MB): peak = 1172.680 ; gain = 530.188 ; free physical = 4105 ; free virtual = 28870
INFO: [XFORM 203-541] Flattening a loop nest 'Loop-4.1' (mm_mult.cc:52:23) in function 'matrix_mult'.
INFO: [XFORM 203-541] Flattening a loop nest 'Loop-4' (mm_mult.cc:51:22) in function 'matrix_mult'.
INFO: [HLS 200-472] Inferring partial write operation for 'a_buff[0]' (mm_mult.cc:38:13)
INFO: [HLS 200-472] Inferring partial write operation for 'b_buff[0]' (mm_mult.cc:45:13)
INFO: [HLS 200-472] Inferring partial write operation for 'c_buff[0]' (mm_mult.cc:59:32)
INFO: [HLS 200-472] Inferring partial write operation for 'c_buff[0]' (mm_mult.cc:20:29)
INFO: [HLS 200-111] Finished Architecture Synthesis Time (s): cpu = 00:00:13 ; elapsed = 00:00:18 . Memory (MB): peak = 1172.680 ; gain = 530.188 ; free physical = 4105 ; free virtual = 28870
INFO: [HLS 200-10] Starting hardware synthesis ...
INFO: [HLS 200-10] Synthesizing 'matrix_mult' ...
INFO: [HLS 200-10] ----------------------------------------------------------------
INFO: [HLS 200-42] -- Implementing module 'matrix_mult' 
INFO: [HLS 200-10] ----------------------------------------------------------------
INFO: [SCHED 204-11] Starting scheduling ...
INFO: [SCHED 204-61] Pipelining loop 'Loop 2'.
WARNING: [SCHED 204-69] Unable to schedule 'load' operation ('a_0_load_2', mm_mult.cc:38) on array 'a_0' due to limited memory ports. Please consider using a memory core with more ports or partitioning the array 'a_0'.
INFO: [SCHED 204-61] Pipelining result : Target II = 1, Final II = 10, Depth = 23.
INFO: [SCHED 204-61] Pipelining loop 'Loop 3'.
WARNING: [SCHED 204-69] Unable to schedule 'load' operation ('b_0_load_2', mm_mult.cc:45) on array 'b_0' due to limited memory ports. Please consider using a memory core with more ports or partitioning the array 'b_0'.
INFO: [SCHED 204-61] Pipelining result : Target II = 1, Final II = 10, Depth = 23.
INFO: [SCHED 204-61] Pipelining loop 'Loop 4'.
INFO: [SCHED 204-61] Pipelining result : Target II = 1, Final II = 1, Depth = 41.
INFO: [SCHED 204-61] Pipelining loop 'Loop 5'.
WARNING: [SCHED 204-68] The II Violation in module 'matrix_mult' (Loop: Loop 5): Unable to enforce a carried dependence constraint (II = 1, distance = 1, offset = 1)
   between 'store' operation ('c_0_addr_1_write_ln81', mm_mult.cc:81) of variable 'select_ln81_1', mm_mult.cc:81 on array 'c_0' and 'store' operation ('c_0_addr_write_ln81', mm_mult.cc:81) of variable 'select_ln81', mm_mult.cc:81 on array 'c_0'.
WARNING: [SCHED 204-68] The II Violation in module 'matrix_mult' (Loop: Loop 5): Unable to enforce a carried dependence constraint (II = 2, distance = 1, offset = 1)
   between 'store' operation ('c_0_addr_2_write_ln81', mm_mult.cc:81) of variable 'select_ln81_2', mm_mult.cc:81 on array 'c_0' and 'store' operation ('c_0_addr_write_ln81', mm_mult.cc:81) of variable 'select_ln81', mm_mult.cc:81 on array 'c_0'.
WARNING: [SCHED 204-68] The II Violation in module 'matrix_mult' (Loop: Loop 5): Unable to enforce a carried dependence constraint (II = 3, distance = 1, offset = 1)
   between 'store' operation ('c_0_addr_3_write_ln81', mm_mult.cc:81) of variable 'select_ln81_3', mm_mult.cc:81 on array 'c_0' and 'store' operation ('c_0_addr_write_ln81', mm_mult.cc:81) of variable 'select_ln81', mm_mult.cc:81 on array 'c_0'.
WARNING: [SCHED 204-69] Unable to schedule 'load' operation ('c_buff_0_load_9', mm_mult.cc:81) on array 'c_buff[0]', mm_mult.cc:20 due to limited memory ports. Please consider using a memory core with more ports or partitioning the array 'c_buff_0'.
